[ 2016-11-30T22:29:49+08:00 ] 121.231.122.178 /Admin
INFO: [ app_init ] --START--
INFO: Run Behavior\BuildLiteBehavior [ RunTime:0.000031s ]
INFO: [ app_init ] --END-- [ RunTime:0.001401s ]
INFO: [ app_begin ] --START--
INFO: Run Behavior\ReadHtmlCacheBehavior [ RunTime:0.001897s ]
INFO: [ app_begin ] --END-- [ RunTime:0.002026s ]
SQL: SHOW COLUMNS FROM `mcs_user` [ RunTime:0.0072s ]
SQL: SELECT * FROM `mcs_user` WHERE `UserName` = 'chs' AND `UID` = 2 LIMIT 1   [ RunTime:0.0007s ]
SQL: SELECT `Action` FROM `mcs_user` WHERE ( uid = 2 ) LIMIT 1   [ RunTime:0.0005s ]
SQL: SELECT * FROM `mcs_user` WHERE ( action = 11 ) LIMIT 1   [ RunTime:0.0006s ]
SQL: SHOW COLUMNS FROM `mcs_message` [ RunTime:0.0085s ]
SQL: SELECT COUNT(*) AS tp_count FROM `mcs_message` WHERE ( receiveuid = 1  and type='0' and state='0' ) LIMIT 1   [ RunTime:0.0005s ]
SQL: SELECT COUNT(*) AS tp_count FROM `mcs_message` WHERE ( receiveuid = 1  and type='0' and state='0' ) LIMIT 1   [ RunTime:0.0005s ]
SQL: SELECT COUNT(*) AS tp_count FROM `mcs_message` WHERE ( receiveuid = 1  and type='0' and state='1' ) LIMIT 1   [ RunTime:0.0005s ]
SQL: SHOW COLUMNS FROM `mcs_costrecord` [ RunTime:0.0247s ]
SQL: SELECT COUNT(*) AS tp_count FROM `mcs_costrecord` WHERE ( Type = '2' AND State='0' ) LIMIT 1   [ RunTime:0.0560s ]
SQL: SELECT `UID` FROM `mcs_user` WHERE ( action = '11' ) LIMIT 1   [ RunTime:0.0006s ]
SQL: SELECT SUM(Number) AS tp_sum FROM `mcs_costrecord` WHERE `Date` BETWEEN '2016-11-1 00:00:00' AND '2016-12-1 00:00:00' AND `UserUID` = 1 LIMIT 1   [ RunTime:0.0072s ]
SQL: SELECT SUM(Number) AS tp_sum FROM `mcs_costrecord` WHERE `Type` = 2 AND `Date` BETWEEN '2016-11-1 00:00:00' AND '2016-12-1 00:00:00' AND `State` = 1 LIMIT 1   [ RunTime:0.0148s ]
NOTIC: [2] unlink(./Index/Runtime/Temp/cached48e5af059cb889abbba98704633ab76.php): No such file or directory D:\phpStudy\WWW\ThinkPHP\Library\Think\Cache\Driver\File.class.php 第 157 行.
SQL: SELECT COUNT(*) AS tp_count FROM `mcs_user` WHERE `Action` > 1 AND `registerdate` BETWEEN '2016-11-1 00:00:00' AND '2016-12-1 00:00:00' LIMIT 1   [ RunTime:0.0008s ]
SQL: SELECT COUNT(*) AS tp_count FROM `mcs_message` WHERE `receiveuid` = 1 AND `state` = 0 AND `date` BETWEEN '2016-11-1 00:00:00' AND '2016-12-1 00:00:00' LIMIT 1   [ RunTime:0.0006s ]
SQL: SELECT SUM(money) AS tp_sum FROM `mcs_user` LIMIT 1   [ RunTime:0.0007s ]
SQL: SELECT `Money` FROM `mcs_user` WHERE ( UserName = 'Null' ) LIMIT 1   [ RunTime:0.0005s ]
INFO: [ view_parse ] --START--
INFO: [ template_filter ] --START--
INFO: Run Behavior\ContentReplaceBehavior [ RunTime:0.000129s ]
INFO: [ template_filter ] --END-- [ RunTime:0.000253s ]
INFO: Run Behavior\ParseTemplateBehavior [ RunTime:0.025762s ]
INFO: [ view_parse ] --END-- [ RunTime:0.025887s ]
INFO: [ view_filter ] --START--
INFO: Run Behavior\WriteHtmlCacheBehavior [ RunTime:0.001393s ]
INFO: [ view_filter ] --END-- [ RunTime:0.001495s ]
INFO: [ app_end ] --START--
INFO: Run Behavior\ShowPageTraceBehavior [ RunTime:0.004901s ]
INFO: [ app_end ] --END-- [ RunTime:0.005010s ]

[ 2016-11-30T22:29:55+08:00 ] 121.231.122.178 /admin/index/setting.html
INFO: [ app_init ] --START--
INFO: Run Behavior\BuildLiteBehavior [ RunTime:0.000033s ]
INFO: [ app_init ] --END-- [ RunTime:0.001211s ]
INFO: [ app_begin ] --START--
INFO: Run Behavior\ReadHtmlCacheBehavior [ RunTime:0.001446s ]
INFO: [ app_begin ] --END-- [ RunTime:0.001582s ]
SQL: SHOW COLUMNS FROM `mcs_user` [ RunTime:0.0066s ]
SQL: SELECT * FROM `mcs_user` WHERE `UserName` = 'chs' AND `UID` = 2 LIMIT 1   [ RunTime:0.0008s ]
SQL: SELECT `Action` FROM `mcs_user` WHERE ( uid = 2 ) LIMIT 1   [ RunTime:0.0005s ]
SQL: SELECT * FROM `mcs_user` WHERE ( action = 11 ) LIMIT 1   [ RunTime:0.0005s ]
SQL: SHOW COLUMNS FROM `mcs_message` [ RunTime:0.0063s ]
SQL: SELECT COUNT(*) AS tp_count FROM `mcs_message` WHERE ( receiveuid = 1  and type='0' and state='0' ) LIMIT 1   [ RunTime:0.0005s ]
SQL: SELECT COUNT(*) AS tp_count FROM `mcs_message` WHERE ( receiveuid = 1  and type='0' and state='0' ) LIMIT 1   [ RunTime:0.0005s ]
SQL: SELECT COUNT(*) AS tp_count FROM `mcs_message` WHERE ( receiveuid = 1  and type='0' and state='1' ) LIMIT 1   [ RunTime:0.0004s ]
SQL: SHOW COLUMNS FROM `mcs_costrecord` [ RunTime:0.0056s ]
SQL: SELECT COUNT(*) AS tp_count FROM `mcs_costrecord` WHERE ( Type = '2' AND State='0' ) LIMIT 1   [ RunTime:0.0049s ]
SQL: SHOW COLUMNS FROM `mcs_shop` [ RunTime:0.0062s ]
NOTIC: [8] Uninitialized string offset: 0 D:\phpStudy\WWW\Index\Admin\Controller\IndexController.class.php 第 135 行.
SQL: SHOW COLUMNS FROM `mcs_option` [ RunTime:0.0059s ]
SQL: SELECT `Value` FROM `mcs_option` WHERE ( Name = 'header_notice' ) LIMIT 1   [ RunTime:0.0006s ]
SQL: SELECT `Value` FROM `mcs_option` WHERE ( Name = 'Slide' ) LIMIT 1   [ RunTime:0.0005s ]
SQL: SELECT * FROM `mcs_option` WHERE ( name = 'Version' ) LIMIT 1   [ RunTime:0.0005s ]
SQL: SELECT `Value` FROM `mcs_option` WHERE ( name = 'Version' ) LIMIT 1   [ RunTime:0.0005s ]
INFO: [ view_parse ] --START--
INFO: [ template_filter ] --START--
INFO: Run Behavior\ContentReplaceBehavior [ RunTime:0.000236s ]
INFO: [ template_filter ] --END-- [ RunTime:0.000364s ]
INFO: [ view_parse ] --START--
INFO: [ template_filter ] --START--
INFO: Run Behavior\ContentReplaceBehavior [ RunTime:0.000058s ]
INFO: [ template_filter ] --END-- [ RunTime:-0.011460s ]
INFO: Run Behavior\ParseTemplateBehavior [ RunTime:0.005019s ]
INFO: [ view_parse ] --END-- [ RunTime:0.005139s ]
INFO: [ view_filter ] --START--
INFO: Run Behavior\WriteHtmlCacheBehavior [ RunTime:0.001079s ]
INFO: [ view_filter ] --END-- [ RunTime:0.001177s ]
SQL: SELECT `Value` FROM `mcs_option` WHERE ( Name = 'Widget' ) LIMIT 1   [ RunTime:0.0009s ]
NOTIC: [2] Invalid argument supplied for foreach() D:\phpStudy\WWW\Index\Index\Widget\ToolWidget.class.php 第 32 行.
INFO: Run Behavior\ParseTemplateBehavior [ RunTime:0.009348s ]
INFO: [ view_parse ] --END-- [ RunTime:0.005139s ]
INFO: [ view_filter ] --START--
INFO: Run Behavior\WriteHtmlCacheBehavior [ RunTime:0.000025s ]
INFO: [ view_filter ] --END-- [ RunTime:-0.003126s ]
INFO: [ app_end ] --START--
INFO: Run Behavior\ShowPageTraceBehavior [ RunTime:0.001591s ]
INFO: [ app_end ] --END-- [ RunTime:0.001699s ]

[ 2016-11-30T22:29:57+08:00 ] 121.231.122.178 /admin/index/Public/images/placeholder_avatar.svg
INFO: [ app_init ] --START--
INFO: Run Behavior\BuildLiteBehavior [ RunTime:0.000038s ]
INFO: [ app_init ] --END-- [ RunTime:0.001449s ]
INFO: [ app_begin ] --START--
INFO: Run Behavior\ReadHtmlCacheBehavior [ RunTime:0.001463s ]
INFO: [ app_begin ] --END-- [ RunTime:0.001664s ]
SQL: SHOW COLUMNS FROM `mcs_user` [ RunTime:0.0090s ]
SQL: SELECT * FROM `mcs_user` WHERE `UserName` = 'chs' AND `UID` = 2 LIMIT 1   [ RunTime:0.0008s ]
SQL: SELECT `Action` FROM `mcs_user` WHERE ( uid = 2 ) LIMIT 1   [ RunTime:0.0007s ]
SQL: SELECT * FROM `mcs_user` WHERE ( action = 11 ) LIMIT 1   [ RunTime:0.0008s ]
SQL: SHOW COLUMNS FROM `mcs_message` [ RunTime:0.0105s ]
SQL: SELECT COUNT(*) AS tp_count FROM `mcs_message` WHERE ( receiveuid = 1  and type='0' and state='0' ) LIMIT 1   [ RunTime:0.0005s ]
SQL: SELECT COUNT(*) AS tp_count FROM `mcs_message` WHERE ( receiveuid = 1  and type='0' and state='0' ) LIMIT 1   [ RunTime:0.0005s ]
SQL: SELECT COUNT(*) AS tp_count FROM `mcs_message` WHERE ( receiveuid = 1  and type='0' and state='1' ) LIMIT 1   [ RunTime:0.0005s ]
SQL: SHOW COLUMNS FROM `mcs_costrecord` [ RunTime:0.0068s ]
SQL: SELECT COUNT(*) AS tp_count FROM `mcs_costrecord` WHERE ( Type = '2' AND State='0' ) LIMIT 1   [ RunTime:0.0061s ]
ERR: 非法操作:Public

[ 2016-11-30T22:30:06+08:00 ] 121.231.122.178 /Admin/Index/Setting
INFO: [ app_init ] --START--
INFO: Run Behavior\BuildLiteBehavior [ RunTime:0.000027s ]
INFO: [ app_init ] --END-- [ RunTime:0.001138s ]
INFO: [ app_begin ] --START--
INFO: Run Behavior\ReadHtmlCacheBehavior [ RunTime:0.001330s ]
INFO: [ app_begin ] --END-- [ RunTime:0.001432s ]
SQL: SHOW COLUMNS FROM `mcs_user` [ RunTime:0.0081s ]
SQL: SELECT * FROM `mcs_user` WHERE `UserName` = 'chs' AND `UID` = 2 LIMIT 1   [ RunTime:0.0008s ]
SQL: SELECT `Action` FROM `mcs_user` WHERE ( uid = 2 ) LIMIT 1   [ RunTime:0.0006s ]
SQL: SELECT * FROM `mcs_user` WHERE ( action = 11 ) LIMIT 1   [ RunTime:0.0007s ]
SQL: SHOW COLUMNS FROM `mcs_message` [ RunTime:0.0070s ]
SQL: SELECT COUNT(*) AS tp_count FROM `mcs_message` WHERE ( receiveuid = 1  and type='0' and state='0' ) LIMIT 1   [ RunTime:0.0006s ]
SQL: SELECT COUNT(*) AS tp_count FROM `mcs_message` WHERE ( receiveuid = 1  and type='0' and state='0' ) LIMIT 1   [ RunTime:0.0006s ]
SQL: SELECT COUNT(*) AS tp_count FROM `mcs_message` WHERE ( receiveuid = 1  and type='0' and state='1' ) LIMIT 1   [ RunTime:0.0006s ]
SQL: SHOW COLUMNS FROM `mcs_costrecord` [ RunTime:0.0067s ]
SQL: SELECT COUNT(*) AS tp_count FROM `mcs_costrecord` WHERE ( Type = '2' AND State='0' ) LIMIT 1   [ RunTime:0.0063s ]
SQL: SHOW COLUMNS FROM `mcs_shop` [ RunTime:0.0087s ]
NOTIC: [8] Uninitialized string offset: 0 D:\phpStudy\WWW\Index\Admin\Controller\IndexController.class.php 第 135 行.
SQL: SHOW COLUMNS FROM `mcs_option` [ RunTime:0.0083s ]
SQL: UPDATE `mcs_option` SET `Value`='欢迎来到MCTL' WHERE ( Name = 'header_notice' ) [ RunTime:0.0011s ]

[ 2016-11-30T22:30:11+08:00 ] 121.231.122.178 /admin/index/setting.html
INFO: [ app_init ] --START--
INFO: Run Behavior\BuildLiteBehavior [ RunTime:0.000034s ]
INFO: [ app_init ] --END-- [ RunTime:0.001344s ]
INFO: [ app_begin ] --START--
INFO: Run Behavior\ReadHtmlCacheBehavior [ RunTime:0.001740s ]
INFO: [ app_begin ] --END-- [ RunTime:0.001869s ]
SQL: SHOW COLUMNS FROM `mcs_user` [ RunTime:0.0074s ]
SQL: SELECT * FROM `mcs_user` WHERE `UserName` = 'chs' AND `UID` = 2 LIMIT 1   [ RunTime:0.0008s ]
SQL: SELECT `Action` FROM `mcs_user` WHERE ( uid = 2 ) LIMIT 1   [ RunTime:0.0006s ]
SQL: SELECT * FROM `mcs_user` WHERE ( action = 11 ) LIMIT 1   [ RunTime:0.0006s ]
SQL: SHOW COLUMNS FROM `mcs_message` [ RunTime:0.0067s ]
SQL: SELECT COUNT(*) AS tp_count FROM `mcs_message` WHERE ( receiveuid = 1  and type='0' and state='0' ) LIMIT 1   [ RunTime:0.0005s ]
SQL: SELECT COUNT(*) AS tp_count FROM `mcs_message` WHERE ( receiveuid = 1  and type='0' and state='0' ) LIMIT 1   [ RunTime:0.0052s ]
SQL: SELECT COUNT(*) AS tp_count FROM `mcs_message` WHERE ( receiveuid = 1  and type='0' and state='1' ) LIMIT 1   [ RunTime:0.0006s ]
SQL: SHOW COLUMNS FROM `mcs_costrecord` [ RunTime:0.0068s ]
SQL: SELECT COUNT(*) AS tp_count FROM `mcs_costrecord` WHERE ( Type = '2' AND State='0' ) LIMIT 1   [ RunTime:0.0059s ]
SQL: SHOW COLUMNS FROM `mcs_shop` [ RunTime:0.0071s ]
NOTIC: [8] Uninitialized string offset: 0 D:\phpStudy\WWW\Index\Admin\Controller\IndexController.class.php 第 135 行.
SQL: SHOW COLUMNS FROM `mcs_option` [ RunTime:0.0064s ]
SQL: SELECT `Value` FROM `mcs_option` WHERE ( Name = 'header_notice' ) LIMIT 1   [ RunTime:0.0006s ]
SQL: SELECT `Value` FROM `mcs_option` WHERE ( Name = 'Slide' ) LIMIT 1   [ RunTime:0.0005s ]
SQL: SELECT * FROM `mcs_option` WHERE ( name = 'Version' ) LIMIT 1   [ RunTime:0.0005s ]
SQL: SELECT `Value` FROM `mcs_option` WHERE ( name = 'Version' ) LIMIT 1   [ RunTime:0.0005s ]
INFO: [ view_parse ] --START--
INFO: [ template_filter ] --START--
INFO: Run Behavior\ContentReplaceBehavior [ RunTime:0.000239s ]
INFO: [ template_filter ] --END-- [ RunTime:0.000371s ]
INFO: [ view_parse ] --START--
INFO: [ template_filter ] --START--
INFO: Run Behavior\ContentReplaceBehavior [ RunTime:0.000060s ]
INFO: [ template_filter ] --END-- [ RunTime:-0.012828s ]
INFO: Run Behavior\ParseTemplateBehavior [ RunTime:0.005372s ]
INFO: [ view_parse ] --END-- [ RunTime:0.005505s ]
INFO: [ view_filter ] --START--
INFO: Run Behavior\WriteHtmlCacheBehavior [ RunTime:0.001563s ]
INFO: [ view_filter ] --END-- [ RunTime:0.001676s ]
SQL: SELECT `Value` FROM `mcs_option` WHERE ( Name = 'Widget' ) LIMIT 1   [ RunTime:0.0008s ]
NOTIC: [2] Invalid argument supplied for foreach() D:\phpStudy\WWW\Index\Index\Widget\ToolWidget.class.php 第 32 行.
INFO: Run Behavior\ParseTemplateBehavior [ RunTime:0.010368s ]
INFO: [ view_parse ] --END-- [ RunTime:0.005505s ]
INFO: [ view_filter ] --START--
INFO: Run Behavior\WriteHtmlCacheBehavior [ RunTime:0.000026s ]
INFO: [ view_filter ] --END-- [ RunTime:-0.003282s ]
INFO: [ app_end ] --START--
INFO: Run Behavior\ShowPageTraceBehavior [ RunTime:0.001945s ]
INFO: [ app_end ] --END-- [ RunTime:0.002067s ]

[ 2016-11-30T22:30:12+08:00 ] 121.231.122.178 /admin/index/Public/images/placeholder_avatar.svg
INFO: [ app_init ] --START--
INFO: Run Behavior\BuildLiteBehavior [ RunTime:0.000034s ]
INFO: [ app_init ] --END-- [ RunTime:0.001454s ]
INFO: [ app_begin ] --START--
INFO: Run Behavior\ReadHtmlCacheBehavior [ RunTime:0.001643s ]
INFO: [ app_begin ] --END-- [ RunTime:0.001772s ]
SQL: SHOW COLUMNS FROM `mcs_user` [ RunTime:0.0091s ]
SQL: SELECT * FROM `mcs_user` WHERE `UserName` = 'chs' AND `UID` = 2 LIMIT 1   [ RunTime:0.0007s ]
SQL: SELECT `Action` FROM `mcs_user` WHERE ( uid = 2 ) LIMIT 1   [ RunTime:0.0006s ]
SQL: SELECT * FROM `mcs_user` WHERE ( action = 11 ) LIMIT 1   [ RunTime:0.0007s ]
SQL: SHOW COLUMNS FROM `mcs_message` [ RunTime:0.0071s ]
SQL: SELECT COUNT(*) AS tp_count FROM `mcs_message` WHERE ( receiveuid = 1  and type='0' and state='0' ) LIMIT 1   [ RunTime:0.0006s ]
SQL: SELECT COUNT(*) AS tp_count FROM `mcs_message` WHERE ( receiveuid = 1  and type='0' and state='0' ) LIMIT 1   [ RunTime:0.0005s ]
SQL: SELECT COUNT(*) AS tp_count FROM `mcs_message` WHERE ( receiveuid = 1  and type='0' and state='1' ) LIMIT 1   [ RunTime:0.0005s ]
SQL: SHOW COLUMNS FROM `mcs_costrecord` [ RunTime:0.0069s ]
SQL: SELECT COUNT(*) AS tp_count FROM `mcs_costrecord` WHERE ( Type = '2' AND State='0' ) LIMIT 1   [ RunTime:0.0068s ]
ERR: 非法操作:Public

[ 2016-11-30T23:42:08+08:00 ] 223.99.60.48 /admin
INFO: [ app_init ] --START--
INFO: Run Behavior\BuildLiteBehavior [ RunTime:0.000033s ]
INFO: [ app_init ] --END-- [ RunTime:0.001376s ]
INFO: [ app_begin ] --START--
INFO: Run Behavior\ReadHtmlCacheBehavior [ RunTime:0.001515s ]
INFO: [ app_begin ] --END-- [ RunTime:0.001642s ]
INFO: [ view_parse ] --START--
INFO: [ template_filter ] --START--
INFO: Run Behavior\ContentReplaceBehavior [ RunTime:0.000077s ]
INFO: [ template_filter ] --END-- [ RunTime:0.000200s ]
INFO: Run Behavior\ParseTemplateBehavior [ RunTime:0.013712s ]
INFO: [ view_parse ] --END-- [ RunTime:0.013838s ]
INFO: [ view_filter ] --START--
INFO: Run Behavior\WriteHtmlCacheBehavior [ RunTime:0.000902s ]
INFO: [ view_filter ] --END-- [ RunTime:0.001001s ]

