[ 2017-01-12T09:50:47+08:00 ] 127.0.0.1 /Admin/index.html
INFO: [ app_init ] --START--
INFO: Run Behavior\BuildLiteBehavior [ RunTime:0.000000s ]
INFO: [ app_init ] --END-- [ RunTime:0.001000s ]
INFO: [ app_begin ] --START--
INFO: Run Behavior\ReadHtmlCacheBehavior [ RunTime:0.001000s ]
INFO: [ app_begin ] --END-- [ RunTime:0.001000s ]
SQL: SHOW COLUMNS FROM `pmplugin_user` [ RunTime:0.0040s ]
SQL: SELECT * FROM `pmplugin_user` WHERE `UserName` = 'admin' AND `UID` = 2 LIMIT 1   [ RunTime:0.0000s ]
SQL: SELECT `Action` FROM `pmplugin_user` WHERE ( uid = 2 ) LIMIT 1   [ RunTime:0.0000s ]
SQL: SELECT * FROM `pmplugin_user` WHERE ( action = 11 ) LIMIT 1   [ RunTime:0.0000s ]
SQL: SHOW COLUMNS FROM `pmplugin_message` [ RunTime:0.0040s ]
SQL: SELECT COUNT(*) AS tp_count FROM `pmplugin_message` WHERE ( receiveuid = 1  and type='0' and state='0' ) LIMIT 1   [ RunTime:0.0000s ]
SQL: SELECT COUNT(*) AS tp_count FROM `pmplugin_message` WHERE ( receiveuid = 1  and type='0' and state='0' ) LIMIT 1   [ RunTime:0.0000s ]
SQL: SELECT COUNT(*) AS tp_count FROM `pmplugin_message` WHERE ( receiveuid = 1  and type='0' and state='1' ) LIMIT 1   [ RunTime:0.0000s ]
SQL: SHOW COLUMNS FROM `pmplugin_costrecord` [ RunTime:0.0040s ]
SQL: SELECT COUNT(*) AS tp_count FROM `pmplugin_costrecord` WHERE ( Type = '2' AND State='0' ) LIMIT 1   [ RunTime:0.0000s ]
SQL: SELECT `UID` FROM `pmplugin_user` WHERE ( action = '11' ) LIMIT 1   [ RunTime:0.0010s ]
SQL: SELECT SUM(Number) AS tp_sum FROM `pmplugin_costrecord` WHERE `Date` BETWEEN '2017-01-1 00:00:00' AND '2017-2-1 00:00:00' AND `UserUID` = 1 LIMIT 1   [ RunTime:0.0010s ]
NOTIC: [2] unlink(./Index/Runtime/Temp/cache325c99a4e33ca7069f159c0e808326b9.php): No such file or directory D:\phpStudy\WWW\ThinkPHP\Library\Think\Cache\Driver\File.class.php 第 157 行.
SQL: SELECT SUM(Number) AS tp_sum FROM `pmplugin_costrecord` WHERE `Type` = 2 AND `Date` BETWEEN '2017-01-1 00:00:00' AND '2017-2-1 00:00:00' AND `State` = 1 LIMIT 1   [ RunTime:0.0000s ]
NOTIC: [2] unlink(./Index/Runtime/Temp/cached48e5af059cb889abbba98704633ab76.php): No such file or directory D:\phpStudy\WWW\ThinkPHP\Library\Think\Cache\Driver\File.class.php 第 157 行.
SQL: SELECT COUNT(*) AS tp_count FROM `pmplugin_user` WHERE `Action` > 1 AND `registerdate` BETWEEN '2017-01-1 00:00:00' AND '2017-2-1 00:00:00' LIMIT 1   [ RunTime:0.0000s ]
SQL: SELECT COUNT(*) AS tp_count FROM `pmplugin_message` WHERE `receiveuid` = 1 AND `state` = 0 AND `date` BETWEEN '2017-01-1 00:00:00' AND '2017-2-1 00:00:00' LIMIT 1   [ RunTime:0.0010s ]
SQL: SELECT SUM(money) AS tp_sum FROM `pmplugin_user` LIMIT 1   [ RunTime:0.0010s ]
SQL: SELECT `Money` FROM `pmplugin_user` WHERE ( UserName = 'Null' ) LIMIT 1   [ RunTime:0.0000s ]
INFO: [ view_parse ] --START--
INFO: [ template_filter ] --START--
INFO: Run Behavior\ContentReplaceBehavior [ RunTime:0.000000s ]
INFO: [ template_filter ] --END-- [ RunTime:0.000000s ]
INFO: Run Behavior\ParseTemplateBehavior [ RunTime:0.010000s ]
INFO: [ view_parse ] --END-- [ RunTime:0.010000s ]
INFO: [ view_filter ] --START--
INFO: Run Behavior\WriteHtmlCacheBehavior [ RunTime:0.000000s ]
INFO: [ view_filter ] --END-- [ RunTime:0.000000s ]
INFO: [ app_end ] --START--
INFO: Run Behavior\ShowPageTraceBehavior [ RunTime:0.001000s ]
INFO: [ app_end ] --END-- [ RunTime:0.001000s ]

[ 2017-01-12T10:56:51+08:00 ] 127.0.0.1 /Admin/index.html
INFO: [ app_init ] --START--
INFO: Run Behavior\BuildLiteBehavior [ RunTime:0.000000s ]
INFO: [ app_init ] --END-- [ RunTime:0.000000s ]
INFO: [ app_begin ] --START--
INFO: Run Behavior\ReadHtmlCacheBehavior [ RunTime:0.001000s ]
INFO: [ app_begin ] --END-- [ RunTime:0.001000s ]
SQL: SHOW COLUMNS FROM `pmplugin_user` [ RunTime:0.0180s ]
SQL: SELECT * FROM `pmplugin_user` WHERE `UserName` = 'admin' AND `UID` = 2 LIMIT 1   [ RunTime:0.0000s ]
SQL: SELECT `Action` FROM `pmplugin_user` WHERE ( uid = 2 ) LIMIT 1   [ RunTime:0.0000s ]
SQL: SELECT * FROM `pmplugin_user` WHERE ( action = 11 ) LIMIT 1   [ RunTime:0.0010s ]
SQL: SHOW COLUMNS FROM `pmplugin_message` [ RunTime:0.0110s ]
SQL: SELECT COUNT(*) AS tp_count FROM `pmplugin_message` WHERE ( receiveuid = 1  and type='0' and state='0' ) LIMIT 1   [ RunTime:0.0010s ]
SQL: SELECT COUNT(*) AS tp_count FROM `pmplugin_message` WHERE ( receiveuid = 1  and type='0' and state='0' ) LIMIT 1   [ RunTime:0.0000s ]
SQL: SELECT COUNT(*) AS tp_count FROM `pmplugin_message` WHERE ( receiveuid = 1  and type='0' and state='1' ) LIMIT 1   [ RunTime:0.0000s ]
SQL: SHOW COLUMNS FROM `pmplugin_costrecord` [ RunTime:0.0100s ]
SQL: SELECT COUNT(*) AS tp_count FROM `pmplugin_costrecord` WHERE ( Type = '2' AND State='0' ) LIMIT 1   [ RunTime:0.0000s ]
SQL: SELECT `UID` FROM `pmplugin_user` WHERE ( action = '11' ) LIMIT 1   [ RunTime:0.0000s ]
SQL: SELECT SUM(Number) AS tp_sum FROM `pmplugin_costrecord` WHERE `Date` BETWEEN '2017-01-1 00:00:00' AND '2017-2-1 00:00:00' AND `UserUID` = 1 LIMIT 1   [ RunTime:0.0000s ]
NOTIC: [2] unlink(./Index/Runtime/Temp/cacheabe380922cbf7c08ca387a944696c3fe.php): No such file or directory D:\phpStudy\WWW\ThinkPHP\Library\Think\Cache\Driver\File.class.php 第 157 行.
SQL: SELECT SUM(Number) AS tp_sum FROM `pmplugin_costrecord` WHERE `Type` = 2 AND `Date` BETWEEN '2017-01-1 00:00:00' AND '2017-2-1 00:00:00' AND `State` = 1 LIMIT 1   [ RunTime:0.0010s ]
NOTIC: [2] unlink(./Index/Runtime/Temp/cache4de146b2fb29fa95244cde3f611e3310.php): No such file or directory D:\phpStudy\WWW\ThinkPHP\Library\Think\Cache\Driver\File.class.php 第 157 行.
SQL: SELECT COUNT(*) AS tp_count FROM `pmplugin_user` WHERE `Action` > 1 AND `registerdate` BETWEEN '2017-01-1 00:00:00' AND '2017-2-1 00:00:00' LIMIT 1   [ RunTime:0.0000s ]
SQL: SELECT COUNT(*) AS tp_count FROM `pmplugin_message` WHERE `receiveuid` = 1 AND `state` = 0 AND `date` BETWEEN '2017-01-1 00:00:00' AND '2017-2-1 00:00:00' LIMIT 1   [ RunTime:0.0010s ]
SQL: SELECT SUM(money) AS tp_sum FROM `pmplugin_user` LIMIT 1   [ RunTime:0.0010s ]
SQL: SELECT `Money` FROM `pmplugin_user` WHERE ( UserName = 'Null' ) LIMIT 1   [ RunTime:0.0000s ]
INFO: [ view_parse ] --START--
INFO: [ template_filter ] --START--
INFO: Run Behavior\ContentReplaceBehavior [ RunTime:0.000000s ]
INFO: [ template_filter ] --END-- [ RunTime:0.000000s ]
INFO: Run Behavior\ParseTemplateBehavior [ RunTime:0.011000s ]
INFO: [ view_parse ] --END-- [ RunTime:0.011000s ]
INFO: [ view_filter ] --START--
INFO: Run Behavior\WriteHtmlCacheBehavior [ RunTime:0.000000s ]
INFO: [ view_filter ] --END-- [ RunTime:0.000000s ]
INFO: [ app_end ] --START--
INFO: Run Behavior\ShowPageTraceBehavior [ RunTime:0.001000s ]
INFO: [ app_end ] --END-- [ RunTime:0.001000s ]

