[ 2016-12-18T13:57:55+08:00 ] 127.0.0.1 /
INFO: [ app_init ] --START--
INFO: Run Behavior\BuildLiteBehavior [ RunTime:0.000000s ]
INFO: [ app_init ] --END-- [ RunTime:0.002500s ]
INFO: [ app_begin ] --START--
INFO: Run Behavior\ReadHtmlCacheBehavior [ RunTime:0.000000s ]
INFO: [ app_begin ] --END-- [ RunTime:0.000000s ]
SQL: SHOW COLUMNS FROM `pmplugin_shop` [ RunTime:0.0175s ]
SQL: SELECT `UserName`,`ShopName`,`FindQQ`,`Version`,`Price`,`UpdateTime`,`Data`,`Sales`,`SID`,`Thumburl`,`Action`,`PlayerSolt`,`CPlayerSolt`,`MemaryLimit`,`DateLimit`,`Num`,`Content` FROM pmplugin_shop s INNER JOIN PmPlugin_user ON s.UID = PmPlugin_user.UID  WHERE ( PluginState ='1' AND Num >0 ) ORDER BY UpdateTime desc,SID desc LIMIT 0,25   [ RunTime:0.0050s ]
SQL: SELECT COUNT(*) AS tp_count FROM `pmplugin_shop` LIMIT 1   [ RunTime:0.0025s ]
SQL: SHOW COLUMNS FROM `pmplugin_option` [ RunTime:0.0150s ]
SQL: SELECT `Value` FROM `pmplugin_option` WHERE ( Name = 'Slide' ) LIMIT 1   [ RunTime:0.0000s ]
INFO: [ view_parse ] --START--
INFO: [ template_filter ] --START--
INFO: Run Behavior\ContentReplaceBehavior [ RunTime:0.000000s ]
INFO: [ template_filter ] --END-- [ RunTime:0.000000s ]
SQL: SHOW COLUMNS FROM `pmplugin_user` [ RunTime:0.0100s ]
SQL: SELECT `Action` FROM `pmplugin_user` WHERE ( UID = '-1' ) LIMIT 1   [ RunTime:0.0000s ]
SQL: SELECT `UserState` FROM `pmplugin_user` WHERE ( UID = '-1' ) LIMIT 1   [ RunTime:0.0000s ]
SQL: SELECT `Value` FROM `pmplugin_option` WHERE ( Name = 'header_notice' ) LIMIT 1   [ RunTime:0.0000s ]
SQL: SELECT `Value` FROM `pmplugin_option` WHERE ( Name = 'header_notice' ) LIMIT 1   [ RunTime:0.0000s ]
SQL: SELECT `Value` FROM `pmplugin_option` WHERE ( Name = 'Widget' ) LIMIT 1   [ RunTime:0.0025s ]
INFO: Run Behavior\ParseTemplateBehavior [ RunTime:0.045001s ]
INFO: [ view_parse ] --END-- [ RunTime:0.045001s ]
INFO: [ view_filter ] --START--
INFO: Run Behavior\WriteHtmlCacheBehavior [ RunTime:0.000000s ]
INFO: [ view_filter ] --END-- [ RunTime:0.000000s ]
INFO: [ app_end ] --START--
INFO: Run Behavior\ShowPageTraceBehavior [ RunTime:0.005000s ]
INFO: [ app_end ] --END-- [ RunTime:0.005000s ]

[ 2016-12-18T13:57:58+08:00 ] 127.0.0.1 /Register.html
INFO: [ app_init ] --START--
INFO: Run Behavior\BuildLiteBehavior [ RunTime:0.000000s ]
INFO: [ app_init ] --END-- [ RunTime:0.002500s ]
INFO: [ app_begin ] --START--
INFO: Run Behavior\ReadHtmlCacheBehavior [ RunTime:0.000000s ]
INFO: [ app_begin ] --END-- [ RunTime:0.000000s ]
INFO: [ view_parse ] --START--
INFO: [ template_filter ] --START--
INFO: Run Behavior\ContentReplaceBehavior [ RunTime:0.000000s ]
INFO: [ template_filter ] --END-- [ RunTime:0.000000s ]
SQL: SHOW COLUMNS FROM `pmplugin_user` [ RunTime:0.0075s ]
SQL: SELECT `Action` FROM `pmplugin_user` WHERE ( UID = '-1' ) LIMIT 1   [ RunTime:0.0000s ]
SQL: SELECT `UserState` FROM `pmplugin_user` WHERE ( UID = '-1' ) LIMIT 1   [ RunTime:0.0000s ]
SQL: SHOW COLUMNS FROM `pmplugin_option` [ RunTime:0.0125s ]
SQL: SELECT `Value` FROM `pmplugin_option` WHERE ( Name = 'header_notice' ) LIMIT 1   [ RunTime:0.0000s ]
INFO: Run Behavior\ParseTemplateBehavior [ RunTime:0.057501s ]
INFO: [ view_parse ] --END-- [ RunTime:0.057501s ]
INFO: [ view_filter ] --START--
INFO: Run Behavior\WriteHtmlCacheBehavior [ RunTime:0.000000s ]
INFO: [ view_filter ] --END-- [ RunTime:0.000000s ]
INFO: [ app_end ] --START--
INFO: Run Behavior\ShowPageTraceBehavior [ RunTime:0.000000s ]
INFO: [ app_end ] --END-- [ RunTime:0.000000s ]

[ 2016-12-18T13:57:59+08:00 ] 127.0.0.1 /Register/Verify.html
INFO: [ app_init ] --START--
INFO: Run Behavior\BuildLiteBehavior [ RunTime:0.000000s ]
INFO: [ app_init ] --END-- [ RunTime:0.000000s ]
INFO: [ app_begin ] --START--
INFO: Run Behavior\ReadHtmlCacheBehavior [ RunTime:0.002500s ]
INFO: [ app_begin ] --END-- [ RunTime:0.002500s ]
INFO: [ app_end ] --START--
INFO: Run Behavior\ShowPageTraceBehavior [ RunTime:0.000000s ]
INFO: [ app_end ] --END-- [ RunTime:0.002500s ]

[ 2016-12-18T13:58:06+08:00 ] 127.0.0.1 /Register/Login
INFO: [ app_init ] --START--
INFO: Run Behavior\BuildLiteBehavior [ RunTime:0.000000s ]
INFO: [ app_init ] --END-- [ RunTime:0.002500s ]
INFO: [ app_begin ] --START--
INFO: Run Behavior\ReadHtmlCacheBehavior [ RunTime:0.002500s ]
INFO: [ app_begin ] --END-- [ RunTime:0.002500s ]
SQL: SHOW COLUMNS FROM `pmplugin_user` [ RunTime:0.0100s ]
SQL: SELECT * FROM `pmplugin_user` WHERE ( UserName ='admin' )  [ RunTime:0.0025s ]
INFO: [ view_parse ] --START--
INFO: [ template_filter ] --START--
INFO: Run Behavior\ContentReplaceBehavior [ RunTime:0.000000s ]
INFO: [ template_filter ] --END-- [ RunTime:0.000000s ]
INFO: Run Behavior\ParseTemplateBehavior [ RunTime:0.012500s ]
INFO: [ view_parse ] --END-- [ RunTime:0.012500s ]
INFO: [ view_filter ] --START--
INFO: Run Behavior\WriteHtmlCacheBehavior [ RunTime:0.000000s ]
INFO: [ view_filter ] --END-- [ RunTime:0.000000s ]

[ 2016-12-18T13:58:08+08:00 ] 127.0.0.1 /Register/index.html
INFO: [ app_init ] --START--
INFO: Run Behavior\BuildLiteBehavior [ RunTime:0.000000s ]
INFO: [ app_init ] --END-- [ RunTime:0.002500s ]
INFO: [ app_begin ] --START--
INFO: Run Behavior\ReadHtmlCacheBehavior [ RunTime:0.002500s ]
INFO: [ app_begin ] --END-- [ RunTime:0.002500s ]
INFO: [ view_parse ] --START--
INFO: [ template_filter ] --START--
INFO: Run Behavior\ContentReplaceBehavior [ RunTime:0.002500s ]
INFO: [ template_filter ] --END-- [ RunTime:0.002500s ]
SQL: SHOW COLUMNS FROM `pmplugin_user` [ RunTime:0.0100s ]
SQL: SELECT `Action` FROM `pmplugin_user` WHERE ( UID = '-1' ) LIMIT 1   [ RunTime:0.0000s ]
SQL: SELECT `UserState` FROM `pmplugin_user` WHERE ( UID = '-1' ) LIMIT 1   [ RunTime:0.0000s ]
SQL: SHOW COLUMNS FROM `pmplugin_option` [ RunTime:0.0100s ]
SQL: SELECT `Value` FROM `pmplugin_option` WHERE ( Name = 'header_notice' ) LIMIT 1   [ RunTime:0.0025s ]
INFO: Run Behavior\ParseTemplateBehavior [ RunTime:0.065001s ]
INFO: [ view_parse ] --END-- [ RunTime:0.065001s ]
INFO: [ view_filter ] --START--
INFO: Run Behavior\WriteHtmlCacheBehavior [ RunTime:0.000000s ]
INFO: [ view_filter ] --END-- [ RunTime:0.000000s ]
INFO: [ app_end ] --START--
INFO: Run Behavior\ShowPageTraceBehavior [ RunTime:0.000000s ]
INFO: [ app_end ] --END-- [ RunTime:0.000000s ]

[ 2016-12-18T13:58:08+08:00 ] 127.0.0.1 /Register/Verify.html
INFO: [ app_init ] --START--
INFO: Run Behavior\BuildLiteBehavior [ RunTime:0.000000s ]
INFO: [ app_init ] --END-- [ RunTime:0.002500s ]
INFO: [ app_begin ] --START--
INFO: Run Behavior\ReadHtmlCacheBehavior [ RunTime:0.000000s ]
INFO: [ app_begin ] --END-- [ RunTime:0.000000s ]
INFO: [ app_end ] --START--
INFO: Run Behavior\ShowPageTraceBehavior [ RunTime:0.002500s ]
INFO: [ app_end ] --END-- [ RunTime:0.002500s ]

[ 2016-12-18T13:58:14+08:00 ] 127.0.0.1 /Register/Login
INFO: [ app_init ] --START--
INFO: Run Behavior\BuildLiteBehavior [ RunTime:0.000000s ]
INFO: [ app_init ] --END-- [ RunTime:0.002500s ]
INFO: [ app_begin ] --START--
INFO: Run Behavior\ReadHtmlCacheBehavior [ RunTime:0.002500s ]
INFO: [ app_begin ] --END-- [ RunTime:0.002500s ]
SQL: SHOW COLUMNS FROM `pmplugin_user` [ RunTime:0.0100s ]
SQL: SELECT * FROM `pmplugin_user` WHERE ( UserName ='admin' )  [ RunTime:0.0025s ]
INFO: [ view_parse ] --START--
INFO: [ template_filter ] --START--
INFO: Run Behavior\ContentReplaceBehavior [ RunTime:0.000000s ]
INFO: [ template_filter ] --END-- [ RunTime:0.000000s ]
INFO: Run Behavior\ParseTemplateBehavior [ RunTime:0.012500s ]
INFO: [ view_parse ] --END-- [ RunTime:0.012500s ]
INFO: [ view_filter ] --START--
INFO: Run Behavior\WriteHtmlCacheBehavior [ RunTime:0.000000s ]
INFO: [ view_filter ] --END-- [ RunTime:0.000000s ]

[ 2016-12-18T13:58:16+08:00 ] 127.0.0.1 /Register/index.html
INFO: [ app_init ] --START--
INFO: Run Behavior\BuildLiteBehavior [ RunTime:0.000000s ]
INFO: [ app_init ] --END-- [ RunTime:0.002500s ]
INFO: [ app_begin ] --START--
INFO: Run Behavior\ReadHtmlCacheBehavior [ RunTime:0.000000s ]
INFO: [ app_begin ] --END-- [ RunTime:0.000000s ]
INFO: [ view_parse ] --START--
INFO: [ template_filter ] --START--
INFO: Run Behavior\ContentReplaceBehavior [ RunTime:0.000000s ]
INFO: [ template_filter ] --END-- [ RunTime:0.000000s ]
SQL: SHOW COLUMNS FROM `pmplugin_user` [ RunTime:0.0125s ]
SQL: SELECT `Action` FROM `pmplugin_user` WHERE ( UID = '-1' ) LIMIT 1   [ RunTime:0.0000s ]
SQL: SELECT `UserState` FROM `pmplugin_user` WHERE ( UID = '-1' ) LIMIT 1   [ RunTime:0.0025s ]
SQL: SHOW COLUMNS FROM `pmplugin_option` [ RunTime:0.0125s ]
SQL: SELECT `Value` FROM `pmplugin_option` WHERE ( Name = 'header_notice' ) LIMIT 1   [ RunTime:0.0000s ]
INFO: Run Behavior\ParseTemplateBehavior [ RunTime:0.075001s ]
INFO: [ view_parse ] --END-- [ RunTime:0.075001s ]
INFO: [ view_filter ] --START--
INFO: Run Behavior\WriteHtmlCacheBehavior [ RunTime:0.000000s ]
INFO: [ view_filter ] --END-- [ RunTime:0.000000s ]
INFO: [ app_end ] --START--
INFO: Run Behavior\ShowPageTraceBehavior [ RunTime:0.002500s ]
INFO: [ app_end ] --END-- [ RunTime:0.002500s ]

[ 2016-12-18T13:58:16+08:00 ] 127.0.0.1 /Register/Verify.html
INFO: [ app_init ] --START--
INFO: Run Behavior\BuildLiteBehavior [ RunTime:0.000000s ]
INFO: [ app_init ] --END-- [ RunTime:0.002500s ]
INFO: [ app_begin ] --START--
INFO: Run Behavior\ReadHtmlCacheBehavior [ RunTime:0.000000s ]
INFO: [ app_begin ] --END-- [ RunTime:0.000000s ]
INFO: [ app_end ] --START--
INFO: Run Behavior\ShowPageTraceBehavior [ RunTime:0.002500s ]
INFO: [ app_end ] --END-- [ RunTime:0.002500s ]

[ 2016-12-18T13:58:18+08:00 ] 127.0.0.1 /Register/Login
INFO: [ app_init ] --START--
INFO: Run Behavior\BuildLiteBehavior [ RunTime:0.000000s ]
INFO: [ app_init ] --END-- [ RunTime:0.002500s ]
INFO: [ app_begin ] --START--
INFO: Run Behavior\ReadHtmlCacheBehavior [ RunTime:0.002500s ]
INFO: [ app_begin ] --END-- [ RunTime:0.002500s ]
SQL: SHOW COLUMNS FROM `pmplugin_user` [ RunTime:0.0100s ]
SQL: SELECT * FROM `pmplugin_user` WHERE ( UserName ='chs' )  [ RunTime:0.0000s ]
SQL: UPDATE `pmplugin_user` SET `IfLock`='127.0.0.1',`LastLoginTime`='2016-12-18' WHERE ( UID = '964' ) [ RunTime:0.0000s ]
INFO: [ view_parse ] --START--
INFO: [ template_filter ] --START--
INFO: Run Behavior\ContentReplaceBehavior [ RunTime:0.000000s ]
INFO: [ template_filter ] --END-- [ RunTime:0.000000s ]
INFO: Run Behavior\ParseTemplateBehavior [ RunTime:0.012500s ]
INFO: [ view_parse ] --END-- [ RunTime:0.012500s ]
INFO: [ view_filter ] --START--
INFO: Run Behavior\WriteHtmlCacheBehavior [ RunTime:0.000000s ]
INFO: [ view_filter ] --END-- [ RunTime:0.000000s ]
INFO: [ app_end ] --START--
INFO: Run Behavior\ShowPageTraceBehavior [ RunTime:0.000000s ]
INFO: [ app_end ] --END-- [ RunTime:0.000000s ]

[ 2016-12-18T13:58:19+08:00 ] 127.0.0.1 /Index/index.html
INFO: [ app_init ] --START--
INFO: Run Behavior\BuildLiteBehavior [ RunTime:0.000000s ]
INFO: [ app_init ] --END-- [ RunTime:0.000000s ]
INFO: [ app_begin ] --START--
INFO: Run Behavior\ReadHtmlCacheBehavior [ RunTime:0.000000s ]
INFO: [ app_begin ] --END-- [ RunTime:0.000000s ]
SQL: SHOW COLUMNS FROM `pmplugin_user` [ RunTime:0.0100s ]
SQL: SELECT * FROM `pmplugin_user` WHERE `UserName` = 'chs' AND `UID` = 964 LIMIT 1   [ RunTime:0.0000s ]
SQL: SELECT * FROM `pmplugin_user` WHERE `UserName` = 'chs' AND `UID` = 964  [ RunTime:0.0000s ]
SQL: SHOW COLUMNS FROM `pmplugin_shop` [ RunTime:0.0125s ]
SQL: SELECT `UserName`,`ShopName`,`FindQQ`,`Version`,`Price`,`UpdateTime`,`Data`,`Sales`,`SID`,`Thumburl`,`Action`,`PlayerSolt`,`CPlayerSolt`,`MemaryLimit`,`DateLimit`,`Num`,`Content` FROM pmplugin_shop s INNER JOIN PmPlugin_user ON s.UID = PmPlugin_user.UID  WHERE ( PluginState ='1' AND Num >0 ) ORDER BY UpdateTime desc,SID desc LIMIT 0,25   [ RunTime:0.0000s ]
SQL: SELECT COUNT(*) AS tp_count FROM `pmplugin_shop` LIMIT 1   [ RunTime:0.0025s ]
SQL: SHOW COLUMNS FROM `pmplugin_option` [ RunTime:0.0100s ]
SQL: SELECT `Value` FROM `pmplugin_option` WHERE ( Name = 'Slide' ) LIMIT 1   [ RunTime:0.0025s ]
INFO: [ view_parse ] --START--
INFO: [ template_filter ] --START--
INFO: Run Behavior\ContentReplaceBehavior [ RunTime:0.000000s ]
INFO: [ template_filter ] --END-- [ RunTime:0.000000s ]
SQL: SELECT `Action` FROM `pmplugin_user` WHERE ( UID = '964' ) LIMIT 1   [ RunTime:0.0025s ]
SQL: SELECT `UserState` FROM `pmplugin_user` WHERE ( UID = '964' ) LIMIT 1   [ RunTime:0.0025s ]
SQL: SELECT `Value` FROM `pmplugin_option` WHERE ( Name = 'header_notice' ) LIMIT 1   [ RunTime:0.0000s ]
SQL: SELECT `Value` FROM `pmplugin_option` WHERE ( Name = 'header_notice' ) LIMIT 1   [ RunTime:0.0025s ]
SQL: SELECT `Value` FROM `pmplugin_option` WHERE ( Name = 'Widget' ) LIMIT 1   [ RunTime:0.0000s ]
INFO: Run Behavior\ParseTemplateBehavior [ RunTime:0.027501s ]
INFO: [ view_parse ] --END-- [ RunTime:0.027501s ]
INFO: [ view_filter ] --START--
INFO: Run Behavior\WriteHtmlCacheBehavior [ RunTime:0.002500s ]
INFO: [ view_filter ] --END-- [ RunTime:0.002500s ]
INFO: [ app_end ] --START--
INFO: Run Behavior\ShowPageTraceBehavior [ RunTime:0.000000s ]
INFO: [ app_end ] --END-- [ RunTime:0.000000s ]

[ 2016-12-18T13:58:22+08:00 ] 127.0.0.1 /User/index.html
INFO: [ app_init ] --START--
INFO: Run Behavior\BuildLiteBehavior [ RunTime:0.000000s ]
INFO: [ app_init ] --END-- [ RunTime:0.000000s ]
INFO: [ app_begin ] --START--
INFO: Run Behavior\ReadHtmlCacheBehavior [ RunTime:0.002500s ]
INFO: [ app_begin ] --END-- [ RunTime:0.002500s ]
SQL: SHOW COLUMNS FROM `pmplugin_user` [ RunTime:0.0075s ]
SQL: SELECT * FROM `pmplugin_user` WHERE `UserName` = 'chs' AND `UID` = 964 LIMIT 1   [ RunTime:0.0000s ]
SQL: SELECT * FROM `pmplugin_user` WHERE `UserName` = 'chs' AND `UID` = 964  [ RunTime:0.0000s ]
INFO: [ view_parse ] --START--
INFO: [ template_filter ] --START--
INFO: Run Behavior\ContentReplaceBehavior [ RunTime:0.002500s ]
INFO: [ template_filter ] --END-- [ RunTime:0.002500s ]
SQL: SELECT `Action` FROM `pmplugin_user` WHERE ( UID = '964' ) LIMIT 1   [ RunTime:0.0000s ]
SQL: SELECT `UserState` FROM `pmplugin_user` WHERE ( UID = '964' ) LIMIT 1   [ RunTime:0.0000s ]
SQL: SHOW COLUMNS FROM `pmplugin_option` [ RunTime:0.0075s ]
SQL: SELECT `Value` FROM `pmplugin_option` WHERE ( Name = 'header_notice' ) LIMIT 1   [ RunTime:0.0000s ]
INFO: [ view_parse ] --START--
INFO: [ template_filter ] --START--
INFO: Run Behavior\ContentReplaceBehavior [ RunTime:0.000000s ]
INFO: [ template_filter ] --END-- [ RunTime:-0.017501s ]
SQL: SHOW COLUMNS FROM `pmplugin_message` [ RunTime:0.0125s ]
SQL: SELECT COUNT(*) AS tp_count FROM `pmplugin_message` WHERE ( receiveuid = '964' AND state='0' ) LIMIT 1   [ RunTime:0.0000s ]
INFO: Run Behavior\ParseTemplateBehavior [ RunTime:0.022500s ]
INFO: [ view_parse ] --END-- [ RunTime:0.022500s ]
INFO: [ view_filter ] --START--
INFO: Run Behavior\WriteHtmlCacheBehavior [ RunTime:0.000000s ]
INFO: [ view_filter ] --END-- [ RunTime:0.000000s ]
INFO: Run Behavior\ParseTemplateBehavior [ RunTime:0.022500s ]
INFO: [ view_parse ] --END-- [ RunTime:0.022500s ]
INFO: [ view_filter ] --START--
INFO: Run Behavior\WriteHtmlCacheBehavior [ RunTime:0.000000s ]
INFO: [ view_filter ] --END-- [ RunTime:0.000000s ]
INFO: [ app_end ] --START--
INFO: Run Behavior\ShowPageTraceBehavior [ RunTime:0.002500s ]
INFO: [ app_end ] --END-- [ RunTime:0.002500s ]

[ 2016-12-18T13:58:23+08:00 ] 127.0.0.1 /User/torecharge.html
INFO: [ app_init ] --START--
INFO: Run Behavior\BuildLiteBehavior [ RunTime:0.000000s ]
INFO: [ app_init ] --END-- [ RunTime:0.000000s ]
INFO: [ app_begin ] --START--
INFO: Run Behavior\ReadHtmlCacheBehavior [ RunTime:0.000000s ]
INFO: [ app_begin ] --END-- [ RunTime:0.000000s ]
SQL: SHOW COLUMNS FROM `pmplugin_user` [ RunTime:0.0100s ]
SQL: SELECT * FROM `pmplugin_user` WHERE `UserName` = 'chs' AND `UID` = 964 LIMIT 1   [ RunTime:0.0000s ]
SQL: SELECT * FROM `pmplugin_user` WHERE `UserName` = 'chs' AND `UID` = 964  [ RunTime:0.0000s ]
INFO: [ view_parse ] --START--
INFO: [ template_filter ] --START--
INFO: Run Behavior\ContentReplaceBehavior [ RunTime:0.000000s ]
INFO: [ template_filter ] --END-- [ RunTime:0.000000s ]
SQL: SELECT `Action` FROM `pmplugin_user` WHERE ( UID = '964' ) LIMIT 1   [ RunTime:0.0000s ]
SQL: SELECT `UserState` FROM `pmplugin_user` WHERE ( UID = '964' ) LIMIT 1   [ RunTime:0.0000s ]
SQL: SHOW COLUMNS FROM `pmplugin_option` [ RunTime:0.0075s ]
SQL: SELECT `Value` FROM `pmplugin_option` WHERE ( Name = 'header_notice' ) LIMIT 1   [ RunTime:0.0000s ]
INFO: [ view_parse ] --START--
INFO: [ template_filter ] --START--
INFO: Run Behavior\ContentReplaceBehavior [ RunTime:0.000000s ]
INFO: [ template_filter ] --END-- [ RunTime:-0.017500s ]
SQL: SHOW COLUMNS FROM `pmplugin_message` [ RunTime:0.0100s ]
SQL: SELECT COUNT(*) AS tp_count FROM `pmplugin_message` WHERE ( receiveuid = '964' AND state='0' ) LIMIT 1   [ RunTime:0.0000s ]
INFO: Run Behavior\ParseTemplateBehavior [ RunTime:0.020001s ]
INFO: [ view_parse ] --END-- [ RunTime:0.020001s ]
INFO: [ view_filter ] --START--
INFO: Run Behavior\WriteHtmlCacheBehavior [ RunTime:0.000000s ]
INFO: [ view_filter ] --END-- [ RunTime:0.000000s ]
INFO: Run Behavior\ParseTemplateBehavior [ RunTime:0.020001s ]
INFO: [ view_parse ] --END-- [ RunTime:0.020001s ]
INFO: [ view_filter ] --START--
INFO: Run Behavior\WriteHtmlCacheBehavior [ RunTime:0.000000s ]
INFO: [ view_filter ] --END-- [ RunTime:0.000000s ]
INFO: [ app_end ] --START--
INFO: Run Behavior\ShowPageTraceBehavior [ RunTime:0.002500s ]
INFO: [ app_end ] --END-- [ RunTime:0.002500s ]

[ 2016-12-18T13:58:31+08:00 ] 127.0.0.1 /User/makepay.html
INFO: [ app_init ] --START--
INFO: Run Behavior\BuildLiteBehavior [ RunTime:0.000000s ]
INFO: [ app_init ] --END-- [ RunTime:0.002500s ]
INFO: [ app_begin ] --START--
INFO: Run Behavior\ReadHtmlCacheBehavior [ RunTime:0.002500s ]
INFO: [ app_begin ] --END-- [ RunTime:0.002500s ]
SQL: SHOW COLUMNS FROM `pmplugin_user` [ RunTime:0.0075s ]
SQL: SELECT * FROM `pmplugin_user` WHERE `UserName` = 'chs' AND `UID` = 964 LIMIT 1   [ RunTime:0.0000s ]
SQL: SELECT * FROM `pmplugin_user` WHERE `UserName` = 'chs' AND `UID` = 964  [ RunTime:0.0025s ]
SQL: SHOW COLUMNS FROM `pmplugin_alipay` [ RunTime:0.0125s ]
SQL: INSERT INTO `pmplugin_alipay` (`ordernum`,`userid`,`title`,`price`,`adddate`) VALUES ('2a17d4856db11dfccc9e70874e9f4787','964','MCTL服务器平台充值[充值用户:964|时间:2016-12-18 13:58:31]','100','2016-12-18 13:58:31') [ RunTime:0.0000s ]

[ 2016-12-18T13:58:31+08:00 ] 127.0.0.1 /Order/pay/id/1.html
INFO: [ app_init ] --START--
INFO: Run Behavior\BuildLiteBehavior [ RunTime:0.000000s ]
INFO: [ app_init ] --END-- [ RunTime:0.000000s ]
INFO: [ app_begin ] --START--
INFO: Run Behavior\ReadHtmlCacheBehavior [ RunTime:0.000000s ]
INFO: [ app_begin ] --END-- [ RunTime:0.000000s ]
SQL: SHOW COLUMNS FROM `pmplugin_user` [ RunTime:0.0075s ]
SQL: SELECT * FROM `pmplugin_user` WHERE `UserName` = 'chs' AND `UID` = 964 LIMIT 1   [ RunTime:0.0000s ]
SQL: SHOW COLUMNS FROM `pmplugin_alipay` [ RunTime:0.0100s ]
SQL: SELECT * FROM `pmplugin_alipay` WHERE ( aid=1 ) LIMIT 1   [ RunTime:0.0000s ]
INFO: [ app_end ] --START--
INFO: Run Behavior\ShowPageTraceBehavior [ RunTime:0.002500s ]
INFO: [ app_end ] --END-- [ RunTime:0.002500s ]

[ 2016-12-18T13:59:15+08:00 ] 127.0.0.1 /User/makepay.html
INFO: [ app_init ] --START--
INFO: Run Behavior\BuildLiteBehavior [ RunTime:0.000000s ]
INFO: [ app_init ] --END-- [ RunTime:0.000000s ]
INFO: [ app_begin ] --START--
INFO: Run Behavior\ReadHtmlCacheBehavior [ RunTime:0.000000s ]
INFO: [ app_begin ] --END-- [ RunTime:0.000000s ]
SQL: SHOW COLUMNS FROM `pmplugin_user` [ RunTime:0.0075s ]
SQL: SELECT * FROM `pmplugin_user` WHERE `UserName` = 'chs' AND `UID` = 964 LIMIT 1   [ RunTime:0.0000s ]
SQL: SELECT * FROM `pmplugin_user` WHERE `UserName` = 'chs' AND `UID` = 964  [ RunTime:0.0000s ]
INFO: [ view_parse ] --START--
INFO: [ template_filter ] --START--
INFO: Run Behavior\ContentReplaceBehavior [ RunTime:0.000000s ]
INFO: [ template_filter ] --END-- [ RunTime:0.000000s ]
INFO: Run Behavior\ParseTemplateBehavior [ RunTime:0.012501s ]
INFO: [ view_parse ] --END-- [ RunTime:0.012501s ]
INFO: [ view_filter ] --START--
INFO: Run Behavior\WriteHtmlCacheBehavior [ RunTime:0.000000s ]
INFO: [ view_filter ] --END-- [ RunTime:0.000000s ]

[ 2016-12-18T14:01:16+08:00 ] 127.0.0.1 /weixinpay
INFO: [ app_init ] --START--
INFO: Run Behavior\BuildLiteBehavior [ RunTime:0.000000s ]
INFO: [ app_init ] --END-- [ RunTime:0.000000s ]
INFO: [ app_begin ] --START--
INFO: Run Behavior\ReadHtmlCacheBehavior [ RunTime:0.002500s ]
INFO: [ app_begin ] --END-- [ RunTime:0.002500s ]
ERR: 无法加载控制器:Weixinpay

[ 2016-12-18T14:01:47+08:00 ] 127.0.0.1 /WxPay
INFO: [ app_init ] --START--
INFO: Run Behavior\BuildLiteBehavior [ RunTime:0.000000s ]
INFO: [ app_init ] --END-- [ RunTime:0.000000s ]
INFO: [ app_begin ] --START--
INFO: Run Behavior\ReadHtmlCacheBehavior [ RunTime:0.002500s ]
INFO: [ app_begin ] --END-- [ RunTime:0.002500s ]
ERR: 无法加载控制器:WxPay

[ 2016-12-18T14:02:20+08:00 ] 127.0.0.1 /WxPay
INFO: [ app_init ] --START--
INFO: Run Behavior\BuildLiteBehavior [ RunTime:0.000000s ]
INFO: [ app_init ] --END-- [ RunTime:0.000000s ]
INFO: [ app_begin ] --START--
INFO: Run Behavior\ReadHtmlCacheBehavior [ RunTime:0.000000s ]
INFO: [ app_begin ] --END-- [ RunTime:0.000000s ]
ERR: 非法操作:index

[ 2016-12-18T14:03:24+08:00 ] 127.0.0.1 /WxPay/sendRedpack
INFO: [ app_init ] --START--
INFO: Run Behavior\BuildLiteBehavior [ RunTime:0.000000s ]
INFO: [ app_init ] --END-- [ RunTime:0.002500s ]
INFO: [ app_begin ] --START--
INFO: Run Behavior\ReadHtmlCacheBehavior [ RunTime:0.000000s ]
INFO: [ app_begin ] --END-- [ RunTime:0.002500s ]
INFO: [ app_end ] --START--
INFO: Run Behavior\ShowPageTraceBehavior [ RunTime:0.002500s ]
INFO: [ app_end ] --END-- [ RunTime:0.002500s ]

[ 2016-12-18T14:12:02+08:00 ] 127.0.0.1 /User/torecharge.html
INFO: [ app_init ] --START--
INFO: Run Behavior\BuildLiteBehavior [ RunTime:0.000000s ]
INFO: [ app_init ] --END-- [ RunTime:0.002500s ]
INFO: [ app_begin ] --START--
INFO: Run Behavior\ReadHtmlCacheBehavior [ RunTime:0.002500s ]
INFO: [ app_begin ] --END-- [ RunTime:0.002500s ]
SQL: SHOW COLUMNS FROM `pmplugin_user` [ RunTime:0.0150s ]
SQL: SELECT * FROM `pmplugin_user` WHERE `UserName` = 'chs' AND `UID` = 964 LIMIT 1   [ RunTime:0.0025s ]
SQL: SELECT * FROM `pmplugin_user` WHERE `UserName` = 'chs' AND `UID` = 964  [ RunTime:0.0025s ]
INFO: [ view_parse ] --START--
INFO: [ template_filter ] --START--
INFO: Run Behavior\ContentReplaceBehavior [ RunTime:0.000000s ]
INFO: [ template_filter ] --END-- [ RunTime:0.000000s ]
SQL: SELECT `Action` FROM `pmplugin_user` WHERE ( UID = '964' ) LIMIT 1   [ RunTime:0.0000s ]
SQL: SELECT `UserState` FROM `pmplugin_user` WHERE ( UID = '964' ) LIMIT 1   [ RunTime:0.0000s ]
SQL: SHOW COLUMNS FROM `pmplugin_option` [ RunTime:0.0100s ]
SQL: SELECT `Value` FROM `pmplugin_option` WHERE ( Name = 'header_notice' ) LIMIT 1   [ RunTime:0.0000s ]
INFO: [ view_parse ] --START--
INFO: [ template_filter ] --START--
INFO: Run Behavior\ContentReplaceBehavior [ RunTime:0.000000s ]
INFO: [ template_filter ] --END-- [ RunTime:-0.022501s ]
SQL: SHOW COLUMNS FROM `pmplugin_message` [ RunTime:0.0100s ]
SQL: SELECT COUNT(*) AS tp_count FROM `pmplugin_message` WHERE ( receiveuid = '964' AND state='0' ) LIMIT 1   [ RunTime:0.0000s ]
INFO: Run Behavior\ParseTemplateBehavior [ RunTime:0.020001s ]
INFO: [ view_parse ] --END-- [ RunTime:0.020001s ]
INFO: [ view_filter ] --START--
INFO: Run Behavior\WriteHtmlCacheBehavior [ RunTime:0.000000s ]
INFO: [ view_filter ] --END-- [ RunTime:0.000000s ]
INFO: Run Behavior\ParseTemplateBehavior [ RunTime:0.022501s ]
INFO: [ view_parse ] --END-- [ RunTime:0.020001s ]
INFO: [ view_filter ] --START--
INFO: Run Behavior\WriteHtmlCacheBehavior [ RunTime:0.000000s ]
INFO: [ view_filter ] --END-- [ RunTime:-0.002500s ]
INFO: [ app_end ] --START--
INFO: Run Behavior\ShowPageTraceBehavior [ RunTime:0.000000s ]
INFO: [ app_end ] --END-- [ RunTime:0.000000s ]

[ 2016-12-18T14:12:52+08:00 ] 127.0.0.1 /User/torecharge.html
INFO: [ app_init ] --START--
INFO: Run Behavior\BuildLiteBehavior [ RunTime:0.000000s ]
INFO: [ app_init ] --END-- [ RunTime:0.002500s ]
INFO: [ app_begin ] --START--
INFO: Run Behavior\ReadHtmlCacheBehavior [ RunTime:0.000000s ]
INFO: [ app_begin ] --END-- [ RunTime:0.000000s ]
SQL: SHOW COLUMNS FROM `pmplugin_user` [ RunTime:0.0100s ]
SQL: SELECT * FROM `pmplugin_user` WHERE `UserName` = 'chs' AND `UID` = 964 LIMIT 1   [ RunTime:0.0000s ]
SQL: SELECT * FROM `pmplugin_user` WHERE `UserName` = 'chs' AND `UID` = 964  [ RunTime:0.0000s ]
INFO: [ view_parse ] --START--
INFO: [ template_filter ] --START--
INFO: Run Behavior\ContentReplaceBehavior [ RunTime:0.000000s ]
INFO: [ template_filter ] --END-- [ RunTime:0.000000s ]
SQL: SELECT `Action` FROM `pmplugin_user` WHERE ( UID = '964' ) LIMIT 1   [ RunTime:0.0000s ]
SQL: SELECT `UserState` FROM `pmplugin_user` WHERE ( UID = '964' ) LIMIT 1   [ RunTime:0.0000s ]
SQL: SHOW COLUMNS FROM `pmplugin_option` [ RunTime:0.0100s ]
SQL: SELECT `Value` FROM `pmplugin_option` WHERE ( Name = 'header_notice' ) LIMIT 1   [ RunTime:0.0000s ]
INFO: [ view_parse ] --START--
INFO: [ template_filter ] --START--
INFO: Run Behavior\ContentReplaceBehavior [ RunTime:0.000000s ]
INFO: [ template_filter ] --END-- [ RunTime:-0.017500s ]
SQL: SHOW COLUMNS FROM `pmplugin_message` [ RunTime:0.0100s ]
SQL: SELECT COUNT(*) AS tp_count FROM `pmplugin_message` WHERE ( receiveuid = '964' AND state='0' ) LIMIT 1   [ RunTime:0.0000s ]
INFO: Run Behavior\ParseTemplateBehavior [ RunTime:0.017500s ]
INFO: [ view_parse ] --END-- [ RunTime:0.017500s ]
INFO: [ view_filter ] --START--
INFO: Run Behavior\WriteHtmlCacheBehavior [ RunTime:0.000000s ]
INFO: [ view_filter ] --END-- [ RunTime:0.000000s ]
INFO: Run Behavior\ParseTemplateBehavior [ RunTime:0.020000s ]
INFO: [ view_parse ] --END-- [ RunTime:0.017500s ]
INFO: [ view_filter ] --START--
INFO: Run Behavior\WriteHtmlCacheBehavior [ RunTime:0.000000s ]
INFO: [ view_filter ] --END-- [ RunTime:-0.002500s ]
INFO: [ app_end ] --START--
INFO: Run Behavior\ShowPageTraceBehavior [ RunTime:0.000000s ]
INFO: [ app_end ] --END-- [ RunTime:0.000000s ]

[ 2016-12-18T14:13:09+08:00 ] 127.0.0.1 /Developer.html
INFO: [ app_init ] --START--
INFO: Run Behavior\BuildLiteBehavior [ RunTime:0.000000s ]
INFO: [ app_init ] --END-- [ RunTime:0.000000s ]
INFO: [ app_begin ] --START--
INFO: Run Behavior\ReadHtmlCacheBehavior [ RunTime:0.002500s ]
INFO: [ app_begin ] --END-- [ RunTime:0.002500s ]
SQL: SHOW COLUMNS FROM `pmplugin_user` [ RunTime:0.0100s ]
SQL: SELECT * FROM `pmplugin_user` WHERE `UserName` = 'chs' AND `UID` = 964 LIMIT 1   [ RunTime:0.0025s ]
SQL: SELECT * FROM `pmplugin_user` WHERE `UserName` = 'chs' AND `UID` = 964 LIMIT 1   [ RunTime:0.0000s ]
INFO: [ view_parse ] --START--
INFO: [ template_filter ] --START--
INFO: Run Behavior\ContentReplaceBehavior [ RunTime:0.000000s ]
INFO: [ template_filter ] --END-- [ RunTime:0.000000s ]
SQL: SELECT `Action` FROM `pmplugin_user` WHERE ( UID = '964' ) LIMIT 1   [ RunTime:0.0025s ]
SQL: SELECT `UserState` FROM `pmplugin_user` WHERE ( UID = '964' ) LIMIT 1   [ RunTime:0.0000s ]
SQL: SHOW COLUMNS FROM `pmplugin_option` [ RunTime:0.0075s ]
SQL: SELECT `Value` FROM `pmplugin_option` WHERE ( Name = 'header_notice' ) LIMIT 1   [ RunTime:0.0000s ]
INFO: [ view_parse ] --START--
INFO: [ template_filter ] --START--
INFO: Run Behavior\ContentReplaceBehavior [ RunTime:0.000000s ]
INFO: [ template_filter ] --END-- [ RunTime:-0.022501s ]
INFO: Run Behavior\ParseTemplateBehavior [ RunTime:0.005000s ]
INFO: [ view_parse ] --END-- [ RunTime:0.005000s ]
INFO: [ view_filter ] --START--
INFO: Run Behavior\WriteHtmlCacheBehavior [ RunTime:0.002500s ]
INFO: [ view_filter ] --END-- [ RunTime:0.002500s ]
INFO: Run Behavior\ParseTemplateBehavior [ RunTime:0.007500s ]
INFO: [ view_parse ] --END-- [ RunTime:0.005000s ]
INFO: [ view_filter ] --START--
INFO: Run Behavior\WriteHtmlCacheBehavior [ RunTime:0.000000s ]
INFO: [ view_filter ] --END-- [ RunTime:0.000000s ]
INFO: [ app_end ] --START--
INFO: Run Behavior\ShowPageTraceBehavior [ RunTime:0.002500s ]
INFO: [ app_end ] --END-- [ RunTime:0.002500s ]

[ 2016-12-18T14:13:14+08:00 ] 127.0.0.1 /User.html
INFO: [ app_init ] --START--
INFO: Run Behavior\BuildLiteBehavior [ RunTime:0.000000s ]
INFO: [ app_init ] --END-- [ RunTime:0.000000s ]
INFO: [ app_begin ] --START--
INFO: Run Behavior\ReadHtmlCacheBehavior [ RunTime:0.002500s ]
INFO: [ app_begin ] --END-- [ RunTime:0.002500s ]
SQL: SHOW COLUMNS FROM `pmplugin_user` [ RunTime:0.0125s ]
SQL: SELECT * FROM `pmplugin_user` WHERE `UserName` = 'chs' AND `UID` = 964 LIMIT 1   [ RunTime:0.0000s ]
SQL: SELECT * FROM `pmplugin_user` WHERE `UserName` = 'chs' AND `UID` = 964  [ RunTime:0.0000s ]
INFO: [ view_parse ] --START--
INFO: [ template_filter ] --START--
INFO: Run Behavior\ContentReplaceBehavior [ RunTime:0.000000s ]
INFO: [ template_filter ] --END-- [ RunTime:0.000000s ]
SQL: SELECT `Action` FROM `pmplugin_user` WHERE ( UID = '964' ) LIMIT 1   [ RunTime:0.0025s ]
SQL: SELECT `UserState` FROM `pmplugin_user` WHERE ( UID = '964' ) LIMIT 1   [ RunTime:0.0000s ]
SQL: SHOW COLUMNS FROM `pmplugin_option` [ RunTime:0.0100s ]
SQL: SELECT `Value` FROM `pmplugin_option` WHERE ( Name = 'header_notice' ) LIMIT 1   [ RunTime:0.0000s ]
INFO: [ view_parse ] --START--
INFO: [ template_filter ] --START--
INFO: Run Behavior\ContentReplaceBehavior [ RunTime:0.000000s ]
INFO: [ template_filter ] --END-- [ RunTime:-0.025000s ]
SQL: SHOW COLUMNS FROM `pmplugin_message` [ RunTime:0.0125s ]
SQL: SELECT COUNT(*) AS tp_count FROM `pmplugin_message` WHERE ( receiveuid = '964' AND state='0' ) LIMIT 1   [ RunTime:0.0000s ]
INFO: Run Behavior\ParseTemplateBehavior [ RunTime:0.020000s ]
INFO: [ view_parse ] --END-- [ RunTime:0.020000s ]
INFO: [ view_filter ] --START--
INFO: Run Behavior\WriteHtmlCacheBehavior [ RunTime:0.002500s ]
INFO: [ view_filter ] --END-- [ RunTime:0.002500s ]
INFO: Run Behavior\ParseTemplateBehavior [ RunTime:0.022500s ]
INFO: [ view_parse ] --END-- [ RunTime:0.020000s ]
INFO: [ view_filter ] --START--
INFO: Run Behavior\WriteHtmlCacheBehavior [ RunTime:0.000000s ]
INFO: [ view_filter ] --END-- [ RunTime:0.000000s ]
INFO: [ app_end ] --START--
INFO: Run Behavior\ShowPageTraceBehavior [ RunTime:0.002500s ]
INFO: [ app_end ] --END-- [ RunTime:0.002500s ]

[ 2016-12-18T14:13:49+08:00 ] 127.0.0.1 /Developer.html
INFO: [ app_init ] --START--
INFO: Run Behavior\BuildLiteBehavior [ RunTime:0.000000s ]
INFO: [ app_init ] --END-- [ RunTime:0.002500s ]
INFO: [ app_begin ] --START--
INFO: Run Behavior\ReadHtmlCacheBehavior [ RunTime:0.002500s ]
INFO: [ app_begin ] --END-- [ RunTime:0.002500s ]
SQL: SHOW COLUMNS FROM `pmplugin_user` [ RunTime:0.0150s ]
SQL: SELECT * FROM `pmplugin_user` WHERE `UserName` = 'chs' AND `UID` = 964 LIMIT 1   [ RunTime:0.0000s ]
SQL: SELECT * FROM `pmplugin_user` WHERE `UserName` = 'chs' AND `UID` = 964 LIMIT 1   [ RunTime:0.0025s ]
INFO: [ view_parse ] --START--
INFO: [ template_filter ] --START--
INFO: Run Behavior\ContentReplaceBehavior [ RunTime:0.000000s ]
INFO: [ template_filter ] --END-- [ RunTime:0.000000s ]
SQL: SELECT `Action` FROM `pmplugin_user` WHERE ( UID = '964' ) LIMIT 1   [ RunTime:0.0025s ]
SQL: SELECT `UserState` FROM `pmplugin_user` WHERE ( UID = '964' ) LIMIT 1   [ RunTime:0.0000s ]
SQL: SHOW COLUMNS FROM `pmplugin_option` [ RunTime:0.0175s ]
SQL: SELECT `Value` FROM `pmplugin_option` WHERE ( Name = 'header_notice' ) LIMIT 1   [ RunTime:0.0000s ]
INFO: [ view_parse ] --START--
INFO: [ template_filter ] --START--
INFO: Run Behavior\ContentReplaceBehavior [ RunTime:0.000000s ]
INFO: [ template_filter ] --END-- [ RunTime:-0.030000s ]
INFO: Run Behavior\ParseTemplateBehavior [ RunTime:0.007500s ]
INFO: [ view_parse ] --END-- [ RunTime:0.007500s ]
INFO: [ view_filter ] --START--
INFO: Run Behavior\WriteHtmlCacheBehavior [ RunTime:0.002500s ]
INFO: [ view_filter ] --END-- [ RunTime:0.002500s ]
INFO: Run Behavior\ParseTemplateBehavior [ RunTime:0.010000s ]
INFO: [ view_parse ] --END-- [ RunTime:0.007500s ]
INFO: [ view_filter ] --START--
INFO: Run Behavior\WriteHtmlCacheBehavior [ RunTime:0.000000s ]
INFO: [ view_filter ] --END-- [ RunTime:0.000000s ]
INFO: [ app_end ] --START--
INFO: Run Behavior\ShowPageTraceBehavior [ RunTime:0.000000s ]
INFO: [ app_end ] --END-- [ RunTime:0.000000s ]

[ 2016-12-18T14:13:52+08:00 ] 127.0.0.1 /Developer/atm.html
INFO: [ app_init ] --START--
INFO: Run Behavior\BuildLiteBehavior [ RunTime:0.000000s ]
INFO: [ app_init ] --END-- [ RunTime:0.000000s ]
INFO: [ app_begin ] --START--
INFO: Run Behavior\ReadHtmlCacheBehavior [ RunTime:0.000000s ]
INFO: [ app_begin ] --END-- [ RunTime:0.000000s ]
SQL: SHOW COLUMNS FROM `pmplugin_user` [ RunTime:0.0075s ]
SQL: SELECT * FROM `pmplugin_user` WHERE `UserName` = 'chs' AND `UID` = 964 LIMIT 1   [ RunTime:0.0025s ]
SQL: SELECT * FROM `pmplugin_user` WHERE `UserName` = 'chs' AND `UID` = 964 LIMIT 1   [ RunTime:0.0025s ]
INFO: [ view_parse ] --START--
INFO: [ template_filter ] --START--
INFO: Run Behavior\ContentReplaceBehavior [ RunTime:0.000000s ]
INFO: [ template_filter ] --END-- [ RunTime:0.000000s ]
SQL: SELECT `Action` FROM `pmplugin_user` WHERE ( UID = '964' ) LIMIT 1   [ RunTime:0.0000s ]
SQL: SELECT `UserState` FROM `pmplugin_user` WHERE ( UID = '964' ) LIMIT 1   [ RunTime:0.0000s ]
SQL: SHOW COLUMNS FROM `pmplugin_option` [ RunTime:0.0125s ]
SQL: SELECT `Value` FROM `pmplugin_option` WHERE ( Name = 'header_notice' ) LIMIT 1   [ RunTime:0.0025s ]
INFO: [ view_parse ] --START--
INFO: [ template_filter ] --START--
INFO: Run Behavior\ContentReplaceBehavior [ RunTime:0.000000s ]
INFO: [ template_filter ] --END-- [ RunTime:-0.022500s ]
INFO: Run Behavior\ParseTemplateBehavior [ RunTime:0.005000s ]
INFO: [ view_parse ] --END-- [ RunTime:0.005000s ]
INFO: [ view_filter ] --START--
INFO: Run Behavior\WriteHtmlCacheBehavior [ RunTime:0.000000s ]
INFO: [ view_filter ] --END-- [ RunTime:0.000000s ]
INFO: Run Behavior\ParseTemplateBehavior [ RunTime:0.005000s ]
INFO: [ view_parse ] --END-- [ RunTime:0.005000s ]
INFO: [ view_filter ] --START--
INFO: Run Behavior\WriteHtmlCacheBehavior [ RunTime:0.000000s ]
INFO: [ view_filter ] --END-- [ RunTime:0.000000s ]
INFO: [ app_end ] --START--
INFO: Run Behavior\ShowPageTraceBehavior [ RunTime:0.000000s ]
INFO: [ app_end ] --END-- [ RunTime:0.000000s ]

