[ 2016-11-26T21:00:36+08:00 ] ::1 /user/bought.html
INFO: [ app_init ] --START--
INFO: Run Behavior\BuildLiteBehavior [ RunTime:0.000000s ]
INFO: [ app_init ] --END-- [ RunTime:0.001000s ]
INFO: [ app_begin ] --START--
INFO: Run Behavior\ReadHtmlCacheBehavior [ RunTime:0.001000s ]
INFO: [ app_begin ] --END-- [ RunTime:0.002000s ]
SQL: SHOW COLUMNS FROM `pmplugin_user` [ RunTime:0.0110s ]
SQL: SELECT * FROM `pmplugin_user` WHERE `UserName` = 'admin' AND `UID` = 2 LIMIT 1   [ RunTime:0.0000s ]
SQL: SELECT * FROM `pmplugin_user` WHERE `UserName` = 'admin' AND `UID` = 2  [ RunTime:0.0000s ]
INFO: [ view_parse ] --START--
INFO: [ template_filter ] --START--
INFO: Run Behavior\ContentReplaceBehavior [ RunTime:0.001000s ]
INFO: [ template_filter ] --END-- [ RunTime:0.001000s ]

[ 2016-11-26T21:00:37+08:00 ] ::1 /user/bought.html
INFO: [ app_init ] --START--
INFO: Run Behavior\BuildLiteBehavior [ RunTime:0.000000s ]
INFO: [ app_init ] --END-- [ RunTime:0.001000s ]
INFO: [ app_begin ] --START--
INFO: Run Behavior\ReadHtmlCacheBehavior [ RunTime:0.001000s ]
INFO: [ app_begin ] --END-- [ RunTime:0.001000s ]
SQL: SHOW COLUMNS FROM `pmplugin_user` [ RunTime:0.0100s ]
SQL: SELECT * FROM `pmplugin_user` WHERE `UserName` = 'admin' AND `UID` = 2 LIMIT 1   [ RunTime:0.0010s ]
SQL: SELECT * FROM `pmplugin_user` WHERE `UserName` = 'admin' AND `UID` = 2  [ RunTime:0.0000s ]
INFO: [ view_parse ] --START--
INFO: [ template_filter ] --START--
INFO: Run Behavior\ContentReplaceBehavior [ RunTime:0.000000s ]
INFO: [ template_filter ] --END-- [ RunTime:0.000000s ]

[ 2016-11-26T21:00:38+08:00 ] ::1 /user/bought.html
INFO: [ app_init ] --START--
INFO: Run Behavior\BuildLiteBehavior [ RunTime:0.000000s ]
INFO: [ app_init ] --END-- [ RunTime:0.000000s ]
INFO: [ app_begin ] --START--
INFO: Run Behavior\ReadHtmlCacheBehavior [ RunTime:0.001000s ]
INFO: [ app_begin ] --END-- [ RunTime:0.001000s ]
SQL: SHOW COLUMNS FROM `pmplugin_user` [ RunTime:0.0090s ]
SQL: SELECT * FROM `pmplugin_user` WHERE `UserName` = 'admin' AND `UID` = 2 LIMIT 1   [ RunTime:0.0010s ]
SQL: SELECT * FROM `pmplugin_user` WHERE `UserName` = 'admin' AND `UID` = 2  [ RunTime:0.0010s ]
INFO: [ view_parse ] --START--
INFO: [ template_filter ] --START--
INFO: Run Behavior\ContentReplaceBehavior [ RunTime:0.001000s ]
INFO: [ template_filter ] --END-- [ RunTime:0.001000s ]

[ 2016-11-26T21:01:41+08:00 ] ::1 /user/bought.html
INFO: [ app_init ] --START--
INFO: Run Behavior\BuildLiteBehavior [ RunTime:0.000000s ]
INFO: [ app_init ] --END-- [ RunTime:0.000000s ]
INFO: [ app_begin ] --START--
INFO: Run Behavior\ReadHtmlCacheBehavior [ RunTime:0.000000s ]
INFO: [ app_begin ] --END-- [ RunTime:0.000000s ]
SQL: SHOW COLUMNS FROM `pmplugin_user` [ RunTime:0.0100s ]
SQL: SELECT * FROM `pmplugin_user` WHERE `UserName` = 'admin' AND `UID` = 2 LIMIT 1   [ RunTime:0.0010s ]
SQL: SELECT * FROM `pmplugin_user` WHERE `UserName` = 'admin' AND `UID` = 2  [ RunTime:0.0010s ]
INFO: [ view_parse ] --START--
INFO: [ template_filter ] --START--
INFO: Run Behavior\ContentReplaceBehavior [ RunTime:0.001000s ]
INFO: [ template_filter ] --END-- [ RunTime:0.001000s ]
SQL: SHOW COLUMNS FROM `pmplugin_message` [ RunTime:0.0100s ]
SQL: SELECT COUNT(*) AS tp_count FROM `pmplugin_message` WHERE ( receiveuid = '2' AND state='0' ) LIMIT 1   [ RunTime:0.0010s ]
SQL: SELECT COUNT(*) AS tp_count FROM `pmplugin_message` WHERE ( receiveuid = '2' AND state='0' ) LIMIT 1   [ RunTime:0.0010s ]
SQL: SHOW COLUMNS FROM `pmplugin_option` [ RunTime:0.0080s ]
SQL: SELECT `Value` FROM `pmplugin_option` WHERE ( Name = 'header_notice' ) LIMIT 1   [ RunTime:0.0000s ]
INFO: [ view_parse ] --START--
INFO: [ template_filter ] --START--
INFO: Run Behavior\ContentReplaceBehavior [ RunTime:0.000000s ]
INFO: [ template_filter ] --END-- [ RunTime:-0.034002s ]
SQL: SELECT COUNT(*) AS tp_count FROM `pmplugin_message` WHERE ( receiveuid = '2' AND state='0' ) LIMIT 1   [ RunTime:0.0010s ]
INFO: Run Behavior\ParseTemplateBehavior [ RunTime:0.007001s ]
INFO: [ view_parse ] --END-- [ RunTime:0.007001s ]
INFO: [ view_filter ] --START--
INFO: Run Behavior\WriteHtmlCacheBehavior [ RunTime:0.001000s ]
INFO: [ view_filter ] --END-- [ RunTime:0.001000s ]
NOTIC: [8] Undefined index: username D:\phpStudy\WWW\Index\Runtime\Cache\Index\cc7bfa0a94671f92ae0d36d83c68c40f.php 第 154 行.
NOTIC: [8] Undefined index: username D:\phpStudy\WWW\Index\Runtime\Cache\Index\cc7bfa0a94671f92ae0d36d83c68c40f.php 第 154 行.
NOTIC: [8] Undefined index: username D:\phpStudy\WWW\Index\Runtime\Cache\Index\cc7bfa0a94671f92ae0d36d83c68c40f.php 第 154 行.
NOTIC: [8] Undefined index: username D:\phpStudy\WWW\Index\Runtime\Cache\Index\cc7bfa0a94671f92ae0d36d83c68c40f.php 第 154 行.
NOTIC: [8] Undefined index: username D:\phpStudy\WWW\Index\Runtime\Cache\Index\cc7bfa0a94671f92ae0d36d83c68c40f.php 第 154 行.
NOTIC: [8] Undefined index: username D:\phpStudy\WWW\Index\Runtime\Cache\Index\cc7bfa0a94671f92ae0d36d83c68c40f.php 第 154 行.
NOTIC: [8] Undefined index: username D:\phpStudy\WWW\Index\Runtime\Cache\Index\cc7bfa0a94671f92ae0d36d83c68c40f.php 第 154 行.
NOTIC: [8] Undefined index: username D:\phpStudy\WWW\Index\Runtime\Cache\Index\cc7bfa0a94671f92ae0d36d83c68c40f.php 第 154 行.
NOTIC: [8] Undefined index: username D:\phpStudy\WWW\Index\Runtime\Cache\Index\cc7bfa0a94671f92ae0d36d83c68c40f.php 第 154 行.
NOTIC: [8] Undefined index: username D:\phpStudy\WWW\Index\Runtime\Cache\Index\cc7bfa0a94671f92ae0d36d83c68c40f.php 第 154 行.
INFO: Run Behavior\ParseTemplateBehavior [ RunTime:0.010001s ]
INFO: [ view_parse ] --END-- [ RunTime:0.007001s ]
INFO: [ view_filter ] --START--
INFO: Run Behavior\WriteHtmlCacheBehavior [ RunTime:0.000000s ]
INFO: [ view_filter ] --END-- [ RunTime:-0.002000s ]
INFO: [ app_end ] --START--
INFO: Run Behavior\ShowPageTraceBehavior [ RunTime:0.002000s ]
INFO: [ app_end ] --END-- [ RunTime:0.003000s ]

[ 2016-11-26T21:05:32+08:00 ] ::1 /user/bought.html
INFO: [ app_init ] --START--
INFO: Run Behavior\BuildLiteBehavior [ RunTime:0.000000s ]
INFO: [ app_init ] --END-- [ RunTime:0.001000s ]
INFO: [ app_begin ] --START--
INFO: Run Behavior\ReadHtmlCacheBehavior [ RunTime:0.001000s ]
INFO: [ app_begin ] --END-- [ RunTime:0.001000s ]
SQL: SHOW COLUMNS FROM `pmplugin_user` [ RunTime:0.0100s ]
SQL: SELECT * FROM `pmplugin_user` WHERE `UserName` = 'admin' AND `UID` = 2 LIMIT 1   [ RunTime:0.0010s ]
SQL: SELECT * FROM `pmplugin_user` WHERE `UserName` = 'admin' AND `UID` = 2  [ RunTime:0.0000s ]
INFO: [ view_parse ] --START--
INFO: [ template_filter ] --START--
INFO: Run Behavior\ContentReplaceBehavior [ RunTime:0.001000s ]
INFO: [ template_filter ] --END-- [ RunTime:0.001000s ]
SQL: SHOW COLUMNS FROM `pmplugin_message` [ RunTime:0.0080s ]
SQL: SELECT COUNT(*) AS tp_count FROM `pmplugin_message` WHERE ( receiveuid = '2' AND state='0' ) LIMIT 1   [ RunTime:0.0010s ]
SQL: SELECT COUNT(*) AS tp_count FROM `pmplugin_message` WHERE ( receiveuid = '2' AND state='0' ) LIMIT 1   [ RunTime:0.0010s ]
SQL: SHOW COLUMNS FROM `pmplugin_option` [ RunTime:0.0090s ]
SQL: SELECT `Value` FROM `pmplugin_option` WHERE ( Name = 'header_notice' ) LIMIT 1   [ RunTime:0.0010s ]
INFO: [ view_parse ] --START--
INFO: [ template_filter ] --START--
INFO: Run Behavior\ContentReplaceBehavior [ RunTime:0.000000s ]
INFO: [ template_filter ] --END-- [ RunTime:-0.032002s ]
SQL: SELECT COUNT(*) AS tp_count FROM `pmplugin_message` WHERE ( receiveuid = '2' AND state='0' ) LIMIT 1   [ RunTime:0.0010s ]
INFO: Run Behavior\ParseTemplateBehavior [ RunTime:0.007000s ]
INFO: [ view_parse ] --END-- [ RunTime:0.008000s ]
INFO: [ view_filter ] --START--
INFO: Run Behavior\WriteHtmlCacheBehavior [ RunTime:0.000000s ]
INFO: [ view_filter ] --END-- [ RunTime:0.000000s ]
NOTIC: [8] Undefined index: username D:\phpStudy\WWW\Index\Runtime\Cache\Index\cc7bfa0a94671f92ae0d36d83c68c40f.php 第 154 行.
NOTIC: [8] Undefined index: username D:\phpStudy\WWW\Index\Runtime\Cache\Index\cc7bfa0a94671f92ae0d36d83c68c40f.php 第 154 行.
NOTIC: [8] Undefined index: username D:\phpStudy\WWW\Index\Runtime\Cache\Index\cc7bfa0a94671f92ae0d36d83c68c40f.php 第 154 行.
NOTIC: [8] Undefined index: username D:\phpStudy\WWW\Index\Runtime\Cache\Index\cc7bfa0a94671f92ae0d36d83c68c40f.php 第 154 行.
NOTIC: [8] Undefined index: username D:\phpStudy\WWW\Index\Runtime\Cache\Index\cc7bfa0a94671f92ae0d36d83c68c40f.php 第 154 行.
NOTIC: [8] Undefined index: username D:\phpStudy\WWW\Index\Runtime\Cache\Index\cc7bfa0a94671f92ae0d36d83c68c40f.php 第 154 行.
NOTIC: [8] Undefined index: username D:\phpStudy\WWW\Index\Runtime\Cache\Index\cc7bfa0a94671f92ae0d36d83c68c40f.php 第 154 行.
NOTIC: [8] Undefined index: username D:\phpStudy\WWW\Index\Runtime\Cache\Index\cc7bfa0a94671f92ae0d36d83c68c40f.php 第 154 行.
NOTIC: [8] Undefined index: username D:\phpStudy\WWW\Index\Runtime\Cache\Index\cc7bfa0a94671f92ae0d36d83c68c40f.php 第 154 行.
NOTIC: [8] Undefined index: username D:\phpStudy\WWW\Index\Runtime\Cache\Index\cc7bfa0a94671f92ae0d36d83c68c40f.php 第 154 行.
INFO: Run Behavior\ParseTemplateBehavior [ RunTime:0.010001s ]
INFO: [ view_parse ] --END-- [ RunTime:0.008000s ]
INFO: [ view_filter ] --START--
INFO: Run Behavior\WriteHtmlCacheBehavior [ RunTime:0.000000s ]
INFO: [ view_filter ] --END-- [ RunTime:-0.002001s ]
INFO: [ app_end ] --START--
INFO: Run Behavior\ShowPageTraceBehavior [ RunTime:0.001000s ]
INFO: [ app_end ] --END-- [ RunTime:0.002000s ]

[ 2016-11-26T21:06:56+08:00 ] ::1 /user/bought.html
INFO: [ app_init ] --START--
INFO: Run Behavior\BuildLiteBehavior [ RunTime:0.000000s ]
INFO: [ app_init ] --END-- [ RunTime:0.001000s ]
INFO: [ app_begin ] --START--
INFO: Run Behavior\ReadHtmlCacheBehavior [ RunTime:0.001000s ]
INFO: [ app_begin ] --END-- [ RunTime:0.001000s ]
SQL: SHOW COLUMNS FROM `pmplugin_user` [ RunTime:0.0120s ]
SQL: SELECT * FROM `pmplugin_user` WHERE `UserName` = 'admin' AND `UID` = 2 LIMIT 1   [ RunTime:0.0000s ]
SQL: SELECT * FROM `pmplugin_user` WHERE `UserName` = 'admin' AND `UID` = 2  [ RunTime:0.0000s ]
INFO: [ view_parse ] --START--
INFO: [ template_filter ] --START--
INFO: Run Behavior\ContentReplaceBehavior [ RunTime:0.000000s ]
INFO: [ template_filter ] --END-- [ RunTime:0.000000s ]
SQL: SHOW COLUMNS FROM `pmplugin_message` [ RunTime:0.0100s ]
SQL: SELECT COUNT(*) AS tp_count FROM `pmplugin_message` WHERE ( receiveuid = '2' AND state='0' ) LIMIT 1   [ RunTime:0.0010s ]
SQL: SELECT COUNT(*) AS tp_count FROM `pmplugin_message` WHERE ( receiveuid = '2' AND state='0' ) LIMIT 1   [ RunTime:0.0010s ]
SQL: SHOW COLUMNS FROM `pmplugin_option` [ RunTime:0.0110s ]
SQL: SELECT `Value` FROM `pmplugin_option` WHERE ( Name = 'header_notice' ) LIMIT 1   [ RunTime:0.0010s ]
INFO: [ view_parse ] --START--
INFO: [ template_filter ] --START--
INFO: Run Behavior\ContentReplaceBehavior [ RunTime:0.000000s ]
INFO: [ template_filter ] --END-- [ RunTime:-0.037002s ]
SQL: SELECT COUNT(*) AS tp_count FROM `pmplugin_message` WHERE ( receiveuid = '2' AND state='0' ) LIMIT 1   [ RunTime:0.0010s ]
INFO: Run Behavior\ParseTemplateBehavior [ RunTime:0.009000s ]
INFO: [ view_parse ] --END-- [ RunTime:0.009000s ]
INFO: [ view_filter ] --START--
INFO: Run Behavior\WriteHtmlCacheBehavior [ RunTime:0.001000s ]
INFO: [ view_filter ] --END-- [ RunTime:0.001000s ]
NOTIC: [8] Undefined index: username D:\phpStudy\WWW\Index\Runtime\Cache\Index\cc7bfa0a94671f92ae0d36d83c68c40f.php 第 154 行.
NOTIC: [8] Undefined index: username D:\phpStudy\WWW\Index\Runtime\Cache\Index\cc7bfa0a94671f92ae0d36d83c68c40f.php 第 154 行.
NOTIC: [8] Undefined index: username D:\phpStudy\WWW\Index\Runtime\Cache\Index\cc7bfa0a94671f92ae0d36d83c68c40f.php 第 154 行.
NOTIC: [8] Undefined index: username D:\phpStudy\WWW\Index\Runtime\Cache\Index\cc7bfa0a94671f92ae0d36d83c68c40f.php 第 154 行.
NOTIC: [8] Undefined index: username D:\phpStudy\WWW\Index\Runtime\Cache\Index\cc7bfa0a94671f92ae0d36d83c68c40f.php 第 154 行.
NOTIC: [8] Undefined index: username D:\phpStudy\WWW\Index\Runtime\Cache\Index\cc7bfa0a94671f92ae0d36d83c68c40f.php 第 154 行.
NOTIC: [8] Undefined index: username D:\phpStudy\WWW\Index\Runtime\Cache\Index\cc7bfa0a94671f92ae0d36d83c68c40f.php 第 154 行.
NOTIC: [8] Undefined index: username D:\phpStudy\WWW\Index\Runtime\Cache\Index\cc7bfa0a94671f92ae0d36d83c68c40f.php 第 154 行.
NOTIC: [8] Undefined index: username D:\phpStudy\WWW\Index\Runtime\Cache\Index\cc7bfa0a94671f92ae0d36d83c68c40f.php 第 154 行.
NOTIC: [8] Undefined index: username D:\phpStudy\WWW\Index\Runtime\Cache\Index\cc7bfa0a94671f92ae0d36d83c68c40f.php 第 154 行.
INFO: Run Behavior\ParseTemplateBehavior [ RunTime:0.012001s ]
INFO: [ view_parse ] --END-- [ RunTime:0.009000s ]
INFO: [ view_filter ] --START--
INFO: Run Behavior\WriteHtmlCacheBehavior [ RunTime:0.000000s ]
INFO: [ view_filter ] --END-- [ RunTime:-0.002001s ]
INFO: [ app_end ] --START--
INFO: Run Behavior\ShowPageTraceBehavior [ RunTime:0.001000s ]
INFO: [ app_end ] --END-- [ RunTime:0.001000s ]

[ 2016-11-26T21:07:29+08:00 ] ::1 /user/bought.html
INFO: [ app_init ] --START--
INFO: Run Behavior\BuildLiteBehavior [ RunTime:0.000000s ]
INFO: [ app_init ] --END-- [ RunTime:0.000000s ]
INFO: [ app_begin ] --START--
INFO: Run Behavior\ReadHtmlCacheBehavior [ RunTime:0.001000s ]
INFO: [ app_begin ] --END-- [ RunTime:0.001000s ]
SQL: SHOW COLUMNS FROM `pmplugin_user` [ RunTime:0.0120s ]
SQL: SELECT * FROM `pmplugin_user` WHERE `UserName` = 'admin' AND `UID` = 2 LIMIT 1   [ RunTime:0.0010s ]
SQL: SELECT * FROM `pmplugin_user` WHERE `UserName` = 'admin' AND `UID` = 2  [ RunTime:0.0000s ]
INFO: [ view_parse ] --START--
INFO: [ template_filter ] --START--
INFO: Run Behavior\ContentReplaceBehavior [ RunTime:0.000000s ]
INFO: [ template_filter ] --END-- [ RunTime:0.000000s ]
SQL: SHOW COLUMNS FROM `pmplugin_message` [ RunTime:0.0110s ]
SQL: SELECT COUNT(*) AS tp_count FROM `pmplugin_message` WHERE ( receiveuid = '2' AND state='0' ) LIMIT 1   [ RunTime:0.0010s ]
SQL: SELECT COUNT(*) AS tp_count FROM `pmplugin_message` WHERE ( receiveuid = '2' AND state='0' ) LIMIT 1   [ RunTime:0.0000s ]
SQL: SHOW COLUMNS FROM `pmplugin_option` [ RunTime:0.0110s ]
SQL: SELECT `Value` FROM `pmplugin_option` WHERE ( Name = 'header_notice' ) LIMIT 1   [ RunTime:0.0010s ]
INFO: [ view_parse ] --START--
INFO: [ template_filter ] --START--
INFO: Run Behavior\ContentReplaceBehavior [ RunTime:0.000000s ]
INFO: [ template_filter ] --END-- [ RunTime:-0.036002s ]
SQL: SELECT COUNT(*) AS tp_count FROM `pmplugin_message` WHERE ( receiveuid = '2' AND state='0' ) LIMIT 1   [ RunTime:0.0010s ]
INFO: Run Behavior\ParseTemplateBehavior [ RunTime:0.009000s ]
INFO: [ view_parse ] --END-- [ RunTime:0.009000s ]
INFO: [ view_filter ] --START--
INFO: Run Behavior\WriteHtmlCacheBehavior [ RunTime:0.001000s ]
INFO: [ view_filter ] --END-- [ RunTime:0.001000s ]
NOTIC: [8] Undefined index: username D:\phpStudy\WWW\Index\Runtime\Cache\Index\cc7bfa0a94671f92ae0d36d83c68c40f.php 第 154 行.
NOTIC: [8] Undefined index: username D:\phpStudy\WWW\Index\Runtime\Cache\Index\cc7bfa0a94671f92ae0d36d83c68c40f.php 第 154 行.
NOTIC: [8] Undefined index: username D:\phpStudy\WWW\Index\Runtime\Cache\Index\cc7bfa0a94671f92ae0d36d83c68c40f.php 第 154 行.
NOTIC: [8] Undefined index: username D:\phpStudy\WWW\Index\Runtime\Cache\Index\cc7bfa0a94671f92ae0d36d83c68c40f.php 第 154 行.
NOTIC: [8] Undefined index: username D:\phpStudy\WWW\Index\Runtime\Cache\Index\cc7bfa0a94671f92ae0d36d83c68c40f.php 第 154 行.
NOTIC: [8] Undefined index: username D:\phpStudy\WWW\Index\Runtime\Cache\Index\cc7bfa0a94671f92ae0d36d83c68c40f.php 第 154 行.
NOTIC: [8] Undefined index: username D:\phpStudy\WWW\Index\Runtime\Cache\Index\cc7bfa0a94671f92ae0d36d83c68c40f.php 第 154 行.
NOTIC: [8] Undefined index: username D:\phpStudy\WWW\Index\Runtime\Cache\Index\cc7bfa0a94671f92ae0d36d83c68c40f.php 第 154 行.
NOTIC: [8] Undefined index: username D:\phpStudy\WWW\Index\Runtime\Cache\Index\cc7bfa0a94671f92ae0d36d83c68c40f.php 第 154 行.
NOTIC: [8] Undefined index: username D:\phpStudy\WWW\Index\Runtime\Cache\Index\cc7bfa0a94671f92ae0d36d83c68c40f.php 第 154 行.
INFO: Run Behavior\ParseTemplateBehavior [ RunTime:0.011000s ]
INFO: [ view_parse ] --END-- [ RunTime:0.009000s ]
INFO: [ view_filter ] --START--
INFO: Run Behavior\WriteHtmlCacheBehavior [ RunTime:0.000000s ]
INFO: [ view_filter ] --END-- [ RunTime:-0.002000s ]
INFO: [ app_end ] --START--
INFO: Run Behavior\ShowPageTraceBehavior [ RunTime:0.001001s ]
INFO: [ app_end ] --END-- [ RunTime:0.001001s ]

[ 2016-11-26T21:08:30+08:00 ] ::1 /user/bought.html
INFO: [ app_init ] --START--
INFO: Run Behavior\BuildLiteBehavior [ RunTime:0.001000s ]
INFO: [ app_init ] --END-- [ RunTime:0.001000s ]
INFO: [ app_begin ] --START--
INFO: Run Behavior\ReadHtmlCacheBehavior [ RunTime:0.002000s ]
INFO: [ app_begin ] --END-- [ RunTime:0.002000s ]
SQL: SHOW COLUMNS FROM `pmplugin_user` [ RunTime:0.0090s ]
SQL: SELECT * FROM `pmplugin_user` WHERE `UserName` = 'admin' AND `UID` = 2 LIMIT 1   [ RunTime:0.0000s ]
SQL: SELECT * FROM `pmplugin_user` WHERE `UserName` = 'admin' AND `UID` = 2  [ RunTime:0.0010s ]
INFO: [ view_parse ] --START--
INFO: [ template_filter ] --START--
INFO: Run Behavior\ContentReplaceBehavior [ RunTime:0.000000s ]
INFO: [ template_filter ] --END-- [ RunTime:0.000000s ]
SQL: SHOW COLUMNS FROM `pmplugin_message` [ RunTime:0.0080s ]
SQL: SELECT COUNT(*) AS tp_count FROM `pmplugin_message` WHERE ( receiveuid = '2' AND state='0' ) LIMIT 1   [ RunTime:0.0010s ]
SQL: SELECT COUNT(*) AS tp_count FROM `pmplugin_message` WHERE ( receiveuid = '2' AND state='0' ) LIMIT 1   [ RunTime:0.0010s ]
SQL: SHOW COLUMNS FROM `pmplugin_option` [ RunTime:0.0090s ]
SQL: SELECT `Value` FROM `pmplugin_option` WHERE ( Name = 'header_notice' ) LIMIT 1   [ RunTime:0.0000s ]
INFO: [ view_parse ] --START--
INFO: [ template_filter ] --START--
INFO: Run Behavior\ContentReplaceBehavior [ RunTime:0.000000s ]
INFO: [ template_filter ] --END-- [ RunTime:-0.032002s ]
SQL: SELECT COUNT(*) AS tp_count FROM `pmplugin_message` WHERE ( receiveuid = '2' AND state='0' ) LIMIT 1   [ RunTime:0.0010s ]
INFO: Run Behavior\ParseTemplateBehavior [ RunTime:0.007001s ]
INFO: [ view_parse ] --END-- [ RunTime:0.007001s ]
INFO: [ view_filter ] --START--
INFO: Run Behavior\WriteHtmlCacheBehavior [ RunTime:0.001000s ]
INFO: [ view_filter ] --END-- [ RunTime:0.001000s ]
NOTIC: [8] Undefined index: username D:\phpStudy\WWW\Index\Runtime\Cache\Index\cc7bfa0a94671f92ae0d36d83c68c40f.php 第 154 行.
NOTIC: [8] Undefined index: username D:\phpStudy\WWW\Index\Runtime\Cache\Index\cc7bfa0a94671f92ae0d36d83c68c40f.php 第 154 行.
NOTIC: [8] Undefined index: username D:\phpStudy\WWW\Index\Runtime\Cache\Index\cc7bfa0a94671f92ae0d36d83c68c40f.php 第 154 行.
NOTIC: [8] Undefined index: username D:\phpStudy\WWW\Index\Runtime\Cache\Index\cc7bfa0a94671f92ae0d36d83c68c40f.php 第 154 行.
NOTIC: [8] Undefined index: username D:\phpStudy\WWW\Index\Runtime\Cache\Index\cc7bfa0a94671f92ae0d36d83c68c40f.php 第 154 行.
NOTIC: [8] Undefined index: username D:\phpStudy\WWW\Index\Runtime\Cache\Index\cc7bfa0a94671f92ae0d36d83c68c40f.php 第 154 行.
NOTIC: [8] Undefined index: username D:\phpStudy\WWW\Index\Runtime\Cache\Index\cc7bfa0a94671f92ae0d36d83c68c40f.php 第 154 行.
NOTIC: [8] Undefined index: username D:\phpStudy\WWW\Index\Runtime\Cache\Index\cc7bfa0a94671f92ae0d36d83c68c40f.php 第 154 行.
NOTIC: [8] Undefined index: username D:\phpStudy\WWW\Index\Runtime\Cache\Index\cc7bfa0a94671f92ae0d36d83c68c40f.php 第 154 行.
NOTIC: [8] Undefined index: username D:\phpStudy\WWW\Index\Runtime\Cache\Index\cc7bfa0a94671f92ae0d36d83c68c40f.php 第 154 行.
INFO: Run Behavior\ParseTemplateBehavior [ RunTime:0.010001s ]
INFO: [ view_parse ] --END-- [ RunTime:0.007001s ]
INFO: [ view_filter ] --START--
INFO: Run Behavior\WriteHtmlCacheBehavior [ RunTime:0.000000s ]
INFO: [ view_filter ] --END-- [ RunTime:-0.002000s ]
INFO: [ app_end ] --START--
INFO: Run Behavior\ShowPageTraceBehavior [ RunTime:0.002000s ]
INFO: [ app_end ] --END-- [ RunTime:0.002000s ]

[ 2016-11-26T21:10:16+08:00 ] ::1 /user/bought.html
INFO: [ app_init ] --START--
INFO: Run Behavior\BuildLiteBehavior [ RunTime:0.000000s ]
INFO: [ app_init ] --END-- [ RunTime:0.000000s ]
INFO: [ app_begin ] --START--
INFO: Run Behavior\ReadHtmlCacheBehavior [ RunTime:0.000000s ]
INFO: [ app_begin ] --END-- [ RunTime:0.001000s ]
SQL: SHOW COLUMNS FROM `pmplugin_user` [ RunTime:0.0080s ]
SQL: SELECT * FROM `pmplugin_user` WHERE `UserName` = 'admin' AND `UID` = 2 LIMIT 1   [ RunTime:0.0010s ]
SQL: SELECT * FROM `pmplugin_user` WHERE `UserName` = 'admin' AND `UID` = 2  [ RunTime:0.0000s ]
INFO: [ view_parse ] --START--
INFO: [ template_filter ] --START--
INFO: Run Behavior\ContentReplaceBehavior [ RunTime:0.000000s ]
INFO: [ template_filter ] --END-- [ RunTime:0.000000s ]
SQL: SHOW COLUMNS FROM `pmplugin_message` [ RunTime:0.0090s ]
SQL: SELECT COUNT(*) AS tp_count FROM `pmplugin_message` WHERE ( receiveuid = '2' AND state='0' ) LIMIT 1   [ RunTime:0.0000s ]
SQL: SELECT COUNT(*) AS tp_count FROM `pmplugin_message` WHERE ( receiveuid = '2' AND state='0' ) LIMIT 1   [ RunTime:0.0010s ]
SQL: SHOW COLUMNS FROM `pmplugin_option` [ RunTime:0.0090s ]
SQL: SELECT `Value` FROM `pmplugin_option` WHERE ( Name = 'header_notice' ) LIMIT 1   [ RunTime:0.0010s ]
INFO: [ view_parse ] --START--
INFO: [ template_filter ] --START--
INFO: Run Behavior\ContentReplaceBehavior [ RunTime:0.000000s ]
INFO: [ template_filter ] --END-- [ RunTime:-0.033002s ]
SQL: SELECT COUNT(*) AS tp_count FROM `pmplugin_message` WHERE ( receiveuid = '2' AND state='0' ) LIMIT 1   [ RunTime:0.0010s ]
INFO: Run Behavior\ParseTemplateBehavior [ RunTime:0.007000s ]
INFO: [ view_parse ] --END-- [ RunTime:0.007000s ]
INFO: [ view_filter ] --START--
INFO: Run Behavior\WriteHtmlCacheBehavior [ RunTime:0.001000s ]
INFO: [ view_filter ] --END-- [ RunTime:0.001000s ]
NOTIC: [8] Undefined index: username D:\phpStudy\WWW\Index\Runtime\Cache\Index\cc7bfa0a94671f92ae0d36d83c68c40f.php 第 154 行.
NOTIC: [8] Undefined index: username D:\phpStudy\WWW\Index\Runtime\Cache\Index\cc7bfa0a94671f92ae0d36d83c68c40f.php 第 154 行.
NOTIC: [8] Undefined index: username D:\phpStudy\WWW\Index\Runtime\Cache\Index\cc7bfa0a94671f92ae0d36d83c68c40f.php 第 154 行.
NOTIC: [8] Undefined index: username D:\phpStudy\WWW\Index\Runtime\Cache\Index\cc7bfa0a94671f92ae0d36d83c68c40f.php 第 154 行.
NOTIC: [8] Undefined index: username D:\phpStudy\WWW\Index\Runtime\Cache\Index\cc7bfa0a94671f92ae0d36d83c68c40f.php 第 154 行.
NOTIC: [8] Undefined index: username D:\phpStudy\WWW\Index\Runtime\Cache\Index\cc7bfa0a94671f92ae0d36d83c68c40f.php 第 154 行.
NOTIC: [8] Undefined index: username D:\phpStudy\WWW\Index\Runtime\Cache\Index\cc7bfa0a94671f92ae0d36d83c68c40f.php 第 154 行.
NOTIC: [8] Undefined index: username D:\phpStudy\WWW\Index\Runtime\Cache\Index\cc7bfa0a94671f92ae0d36d83c68c40f.php 第 154 行.
NOTIC: [8] Undefined index: username D:\phpStudy\WWW\Index\Runtime\Cache\Index\cc7bfa0a94671f92ae0d36d83c68c40f.php 第 154 行.
NOTIC: [8] Undefined index: username D:\phpStudy\WWW\Index\Runtime\Cache\Index\cc7bfa0a94671f92ae0d36d83c68c40f.php 第 154 行.
INFO: Run Behavior\ParseTemplateBehavior [ RunTime:0.010000s ]
INFO: [ view_parse ] --END-- [ RunTime:0.007000s ]
INFO: [ view_filter ] --START--
INFO: Run Behavior\WriteHtmlCacheBehavior [ RunTime:0.000000s ]
INFO: [ view_filter ] --END-- [ RunTime:-0.002000s ]
INFO: [ app_end ] --START--
INFO: Run Behavior\ShowPageTraceBehavior [ RunTime:0.001000s ]
INFO: [ app_end ] --END-- [ RunTime:0.001000s ]

[ 2016-11-26T21:15:24+08:00 ] ::1 /
INFO: [ app_init ] --START--
INFO: Run Behavior\BuildLiteBehavior [ RunTime:0.000000s ]
INFO: [ app_init ] --END-- [ RunTime:0.002001s ]
INFO: [ app_begin ] --START--
INFO: Run Behavior\ReadHtmlCacheBehavior [ RunTime:0.002000s ]
INFO: [ app_begin ] --END-- [ RunTime:0.003000s ]
SQL: SHOW COLUMNS FROM `pmplugin_user` [ RunTime:0.0120s ]
SQL: SELECT * FROM `pmplugin_user` WHERE `UserName` = 'admin' AND `UID` = 2 LIMIT 1   [ RunTime:0.0010s ]
SQL: SELECT * FROM `pmplugin_user` WHERE `UserName` = 'admin' AND `UID` = 2  [ RunTime:0.0010s ]
SQL: SHOW COLUMNS FROM `pmplugin_shop` [ RunTime:0.0120s ]
SQL: SELECT `UserName`,`ShopName`,`FindQQ`,`Version`,`Price`,`UpdateTime`,`Data`,`Sales`,`SID`,`Thumburl`,`Action`,`PlayerSolt`,`CPlayerSolt`,`MemaryLimit`,`DateLimit`,`Num` FROM pmplugin_shop s INNER JOIN pmplugin_user ON s.UID = pmplugin_user.UID  WHERE ( PluginState ='1' AND Num >0 ) ORDER BY UpdateTime desc,SID desc LIMIT 0,25   [ RunTime:0.0010s ]
SQL: SELECT COUNT(*) AS tp_count FROM `pmplugin_shop` LIMIT 1   [ RunTime:0.0000s ]
SQL: SHOW COLUMNS FROM `pmplugin_option` [ RunTime:0.0110s ]
SQL: SELECT `Value` FROM `pmplugin_option` WHERE ( Name = 'Slide' ) LIMIT 1   [ RunTime:0.0010s ]
INFO: [ view_parse ] --START--
INFO: [ template_filter ] --START--
INFO: Run Behavior\ContentReplaceBehavior [ RunTime:0.000000s ]
INFO: [ template_filter ] --END-- [ RunTime:0.000000s ]
SQL: SHOW COLUMNS FROM `pmplugin_message` [ RunTime:0.0100s ]
SQL: SELECT COUNT(*) AS tp_count FROM `pmplugin_message` WHERE ( receiveuid = '2' AND state='0' ) LIMIT 1   [ RunTime:0.0010s ]
SQL: SELECT COUNT(*) AS tp_count FROM `pmplugin_message` WHERE ( receiveuid = '2' AND state='0' ) LIMIT 1   [ RunTime:0.0010s ]
SQL: SELECT `Value` FROM `pmplugin_option` WHERE ( Name = 'header_notice' ) LIMIT 1   [ RunTime:0.0000s ]
INFO: Run Behavior\ParseTemplateBehavior [ RunTime:0.061004s ]
INFO: [ view_parse ] --END-- [ RunTime:0.061004s ]
INFO: [ view_filter ] --START--
INFO: Run Behavior\WriteHtmlCacheBehavior [ RunTime:0.001000s ]
INFO: [ view_filter ] --END-- [ RunTime:0.001000s ]
INFO: [ app_end ] --START--
INFO: Run Behavior\ShowPageTraceBehavior [ RunTime:0.003000s ]
INFO: [ app_end ] --END-- [ RunTime:0.003000s ]

[ 2016-11-26T21:15:29+08:00 ] ::1 /User/index.html
INFO: [ app_init ] --START--
INFO: Run Behavior\BuildLiteBehavior [ RunTime:0.000000s ]
INFO: [ app_init ] --END-- [ RunTime:0.001000s ]
INFO: [ app_begin ] --START--
INFO: Run Behavior\ReadHtmlCacheBehavior [ RunTime:0.001000s ]
INFO: [ app_begin ] --END-- [ RunTime:0.001000s ]
SQL: SHOW COLUMNS FROM `pmplugin_user` [ RunTime:0.0080s ]
SQL: SELECT * FROM `pmplugin_user` WHERE `UserName` = 'admin' AND `UID` = 2 LIMIT 1   [ RunTime:0.0000s ]
SQL: SELECT * FROM `pmplugin_user` WHERE `UserName` = 'admin' AND `UID` = 2  [ RunTime:0.0010s ]
INFO: [ view_parse ] --START--
INFO: [ template_filter ] --START--
INFO: Run Behavior\ContentReplaceBehavior [ RunTime:0.000000s ]
INFO: [ template_filter ] --END-- [ RunTime:0.000000s ]
SQL: SHOW COLUMNS FROM `pmplugin_message` [ RunTime:0.0100s ]
SQL: SELECT COUNT(*) AS tp_count FROM `pmplugin_message` WHERE ( receiveuid = '2' AND state='0' ) LIMIT 1   [ RunTime:0.0010s ]
SQL: SELECT COUNT(*) AS tp_count FROM `pmplugin_message` WHERE ( receiveuid = '2' AND state='0' ) LIMIT 1   [ RunTime:0.0010s ]
SQL: SHOW COLUMNS FROM `pmplugin_option` [ RunTime:0.0090s ]
SQL: SELECT `Value` FROM `pmplugin_option` WHERE ( Name = 'header_notice' ) LIMIT 1   [ RunTime:0.0010s ]
INFO: [ view_parse ] --START--
INFO: [ template_filter ] --START--
INFO: Run Behavior\ContentReplaceBehavior [ RunTime:0.000000s ]
INFO: [ template_filter ] --END-- [ RunTime:-0.032002s ]
SQL: SELECT COUNT(*) AS tp_count FROM `pmplugin_message` WHERE ( receiveuid = '2' AND state='0' ) LIMIT 1   [ RunTime:0.0010s ]
INFO: Run Behavior\ParseTemplateBehavior [ RunTime:0.007000s ]
INFO: [ view_parse ] --END-- [ RunTime:0.007000s ]
INFO: [ view_filter ] --START--
INFO: Run Behavior\WriteHtmlCacheBehavior [ RunTime:0.001000s ]
INFO: [ view_filter ] --END-- [ RunTime:0.001000s ]
INFO: Run Behavior\ParseTemplateBehavior [ RunTime:0.008000s ]
INFO: [ view_parse ] --END-- [ RunTime:0.007000s ]
INFO: [ view_filter ] --START--
INFO: Run Behavior\WriteHtmlCacheBehavior [ RunTime:0.000000s ]
INFO: [ view_filter ] --END-- [ RunTime:0.000000s ]
INFO: [ app_end ] --START--
INFO: Run Behavior\ShowPageTraceBehavior [ RunTime:0.002000s ]
INFO: [ app_end ] --END-- [ RunTime:0.002000s ]

[ 2016-11-26T21:15:34+08:00 ] ::1 /User/bought.html
INFO: [ app_init ] --START--
INFO: Run Behavior\BuildLiteBehavior [ RunTime:0.000000s ]
INFO: [ app_init ] --END-- [ RunTime:0.001000s ]
INFO: [ app_begin ] --START--
INFO: Run Behavior\ReadHtmlCacheBehavior [ RunTime:0.001000s ]
INFO: [ app_begin ] --END-- [ RunTime:0.001000s ]
SQL: SHOW COLUMNS FROM `pmplugin_user` [ RunTime:0.0110s ]
SQL: SELECT * FROM `pmplugin_user` WHERE `UserName` = 'admin' AND `UID` = 2 LIMIT 1   [ RunTime:0.0000s ]
SQL: SELECT * FROM `pmplugin_user` WHERE `UserName` = 'admin' AND `UID` = 2  [ RunTime:0.0000s ]
INFO: [ view_parse ] --START--
INFO: [ template_filter ] --START--
INFO: Run Behavior\ContentReplaceBehavior [ RunTime:0.000000s ]
INFO: [ template_filter ] --END-- [ RunTime:0.000000s ]
SQL: SHOW COLUMNS FROM `pmplugin_message` [ RunTime:0.0080s ]
SQL: SELECT COUNT(*) AS tp_count FROM `pmplugin_message` WHERE ( receiveuid = '2' AND state='0' ) LIMIT 1   [ RunTime:0.0010s ]
SQL: SELECT COUNT(*) AS tp_count FROM `pmplugin_message` WHERE ( receiveuid = '2' AND state='0' ) LIMIT 1   [ RunTime:0.0010s ]
SQL: SHOW COLUMNS FROM `pmplugin_option` [ RunTime:0.0080s ]
SQL: SELECT `Value` FROM `pmplugin_option` WHERE ( Name = 'header_notice' ) LIMIT 1   [ RunTime:0.0000s ]
INFO: [ view_parse ] --START--
INFO: [ template_filter ] --START--
INFO: Run Behavior\ContentReplaceBehavior [ RunTime:0.000000s ]
INFO: [ template_filter ] --END-- [ RunTime:-0.032002s ]
SQL: SELECT COUNT(*) AS tp_count FROM `pmplugin_message` WHERE ( receiveuid = '2' AND state='0' ) LIMIT 1   [ RunTime:0.0010s ]
INFO: Run Behavior\ParseTemplateBehavior [ RunTime:0.008000s ]
INFO: [ view_parse ] --END-- [ RunTime:0.008000s ]
INFO: [ view_filter ] --START--
INFO: Run Behavior\WriteHtmlCacheBehavior [ RunTime:0.001000s ]
INFO: [ view_filter ] --END-- [ RunTime:0.001000s ]
NOTIC: [8] Undefined index: username D:\phpStudy\WWW\Index\Runtime\Cache\Index\cc7bfa0a94671f92ae0d36d83c68c40f.php 第 154 行.
NOTIC: [8] Undefined index: username D:\phpStudy\WWW\Index\Runtime\Cache\Index\cc7bfa0a94671f92ae0d36d83c68c40f.php 第 154 行.
NOTIC: [8] Undefined index: username D:\phpStudy\WWW\Index\Runtime\Cache\Index\cc7bfa0a94671f92ae0d36d83c68c40f.php 第 154 行.
NOTIC: [8] Undefined index: username D:\phpStudy\WWW\Index\Runtime\Cache\Index\cc7bfa0a94671f92ae0d36d83c68c40f.php 第 154 行.
NOTIC: [8] Undefined index: username D:\phpStudy\WWW\Index\Runtime\Cache\Index\cc7bfa0a94671f92ae0d36d83c68c40f.php 第 154 行.
NOTIC: [8] Undefined index: username D:\phpStudy\WWW\Index\Runtime\Cache\Index\cc7bfa0a94671f92ae0d36d83c68c40f.php 第 154 行.
NOTIC: [8] Undefined index: username D:\phpStudy\WWW\Index\Runtime\Cache\Index\cc7bfa0a94671f92ae0d36d83c68c40f.php 第 154 行.
NOTIC: [8] Undefined index: username D:\phpStudy\WWW\Index\Runtime\Cache\Index\cc7bfa0a94671f92ae0d36d83c68c40f.php 第 154 行.
NOTIC: [8] Undefined index: username D:\phpStudy\WWW\Index\Runtime\Cache\Index\cc7bfa0a94671f92ae0d36d83c68c40f.php 第 154 行.
NOTIC: [8] Undefined index: username D:\phpStudy\WWW\Index\Runtime\Cache\Index\cc7bfa0a94671f92ae0d36d83c68c40f.php 第 154 行.
INFO: Run Behavior\ParseTemplateBehavior [ RunTime:0.010001s ]
INFO: [ view_parse ] --END-- [ RunTime:0.008000s ]
INFO: [ view_filter ] --START--
INFO: Run Behavior\WriteHtmlCacheBehavior [ RunTime:0.000000s ]
INFO: [ view_filter ] --END-- [ RunTime:-0.001001s ]
INFO: [ app_end ] --START--
INFO: Run Behavior\ShowPageTraceBehavior [ RunTime:0.001000s ]
INFO: [ app_end ] --END-- [ RunTime:0.001000s ]

[ 2016-11-26T21:15:41+08:00 ] ::1 /User/CUserName?username=chs&port=45784
INFO: [ app_init ] --START--
INFO: Run Behavior\BuildLiteBehavior [ RunTime:0.000000s ]
INFO: [ app_init ] --END-- [ RunTime:0.001000s ]
INFO: [ app_begin ] --START--
INFO: Run Behavior\ReadHtmlCacheBehavior [ RunTime:0.001000s ]
INFO: [ app_begin ] --END-- [ RunTime:0.001000s ]
SQL: SHOW COLUMNS FROM `pmplugin_user` [ RunTime:0.0090s ]
SQL: SELECT * FROM `pmplugin_user` WHERE `UserName` = 'admin' AND `UID` = 2 LIMIT 1   [ RunTime:0.0010s ]
SQL: SELECT * FROM `pmplugin_user` WHERE `UserName` = 'admin' AND `UID` = 2  [ RunTime:0.0000s ]
ERR: 非法操作:CUserName

[ 2016-11-26T21:15:54+08:00 ] ::1 /User/CUserName?username=chs&port=45784
INFO: [ app_init ] --START--
INFO: Run Behavior\BuildLiteBehavior [ RunTime:0.000000s ]
INFO: [ app_init ] --END-- [ RunTime:0.001000s ]
INFO: [ app_begin ] --START--
INFO: Run Behavior\ReadHtmlCacheBehavior [ RunTime:0.001000s ]
INFO: [ app_begin ] --END-- [ RunTime:0.001000s ]
SQL: SHOW COLUMNS FROM `pmplugin_user` [ RunTime:0.0100s ]
SQL: SELECT * FROM `pmplugin_user` WHERE `UserName` = 'admin' AND `UID` = 2 LIMIT 1   [ RunTime:0.0010s ]
SQL: SELECT * FROM `pmplugin_user` WHERE `UserName` = 'admin' AND `UID` = 2  [ RunTime:0.0010s ]
ERR: 非法操作:CUserName

[ 2016-11-26T21:17:05+08:00 ] ::1 /User/CUserName?username=chs&port=45784
INFO: [ app_init ] --START--
INFO: Run Behavior\BuildLiteBehavior [ RunTime:0.000000s ]
INFO: [ app_init ] --END-- [ RunTime:0.001000s ]
INFO: [ app_begin ] --START--
INFO: Run Behavior\ReadHtmlCacheBehavior [ RunTime:0.001000s ]
INFO: [ app_begin ] --END-- [ RunTime:0.001000s ]
SQL: SHOW COLUMNS FROM `pmplugin_user` [ RunTime:0.0100s ]
SQL: SELECT * FROM `pmplugin_user` WHERE `UserName` = 'admin' AND `UID` = 2 LIMIT 1   [ RunTime:0.0010s ]
SQL: SELECT * FROM `pmplugin_user` WHERE `UserName` = 'admin' AND `UID` = 2  [ RunTime:0.0010s ]

[ 2016-11-26T21:17:07+08:00 ] ::1 /User/CUserName?username=chs&port=45784
INFO: [ app_init ] --START--
INFO: Run Behavior\BuildLiteBehavior [ RunTime:0.000000s ]
INFO: [ app_init ] --END-- [ RunTime:0.001000s ]
INFO: [ app_begin ] --START--
INFO: Run Behavior\ReadHtmlCacheBehavior [ RunTime:0.001000s ]
INFO: [ app_begin ] --END-- [ RunTime:0.001000s ]
SQL: SHOW COLUMNS FROM `pmplugin_user` [ RunTime:0.0080s ]
SQL: SELECT * FROM `pmplugin_user` WHERE `UserName` = 'admin' AND `UID` = 2 LIMIT 1   [ RunTime:0.0010s ]
SQL: SELECT * FROM `pmplugin_user` WHERE `UserName` = 'admin' AND `UID` = 2  [ RunTime:0.0010s ]

[ 2016-11-26T21:17:26+08:00 ] ::1 /User/CUserName?username=chs&port=45784
INFO: [ app_init ] --START--
INFO: Run Behavior\BuildLiteBehavior [ RunTime:0.000000s ]
INFO: [ app_init ] --END-- [ RunTime:0.001000s ]
INFO: [ app_begin ] --START--
INFO: Run Behavior\ReadHtmlCacheBehavior [ RunTime:0.001000s ]
INFO: [ app_begin ] --END-- [ RunTime:0.001000s ]
SQL: SHOW COLUMNS FROM `pmplugin_user` [ RunTime:0.0080s ]
SQL: SELECT * FROM `pmplugin_user` WHERE `UserName` = 'admin' AND `UID` = 2 LIMIT 1   [ RunTime:0.0000s ]
SQL: SELECT * FROM `pmplugin_user` WHERE `UserName` = 'admin' AND `UID` = 2  [ RunTime:0.0010s ]

[ 2016-11-26T21:17:40+08:00 ] ::1 /User/CUserName?port=45784
INFO: [ app_init ] --START--
INFO: Run Behavior\BuildLiteBehavior [ RunTime:0.000000s ]
INFO: [ app_init ] --END-- [ RunTime:0.001000s ]
INFO: [ app_begin ] --START--
INFO: Run Behavior\ReadHtmlCacheBehavior [ RunTime:0.001000s ]
INFO: [ app_begin ] --END-- [ RunTime:0.001000s ]
SQL: SHOW COLUMNS FROM `pmplugin_user` [ RunTime:0.0100s ]
SQL: SELECT * FROM `pmplugin_user` WHERE `UserName` = 'admin' AND `UID` = 2 LIMIT 1   [ RunTime:0.0010s ]
SQL: SELECT * FROM `pmplugin_user` WHERE `UserName` = 'admin' AND `UID` = 2  [ RunTime:0.0000s ]

[ 2016-11-26T21:17:44+08:00 ] ::1 /User/CUserName?port=45784
INFO: [ app_init ] --START--
INFO: Run Behavior\BuildLiteBehavior [ RunTime:0.000000s ]
INFO: [ app_init ] --END-- [ RunTime:0.001000s ]
INFO: [ app_begin ] --START--
INFO: Run Behavior\ReadHtmlCacheBehavior [ RunTime:0.001000s ]
INFO: [ app_begin ] --END-- [ RunTime:0.001000s ]
SQL: SHOW COLUMNS FROM `pmplugin_user` [ RunTime:0.0090s ]
SQL: SELECT * FROM `pmplugin_user` WHERE `UserName` = 'admin' AND `UID` = 2 LIMIT 1   [ RunTime:0.0010s ]
SQL: SELECT * FROM `pmplugin_user` WHERE `UserName` = 'admin' AND `UID` = 2  [ RunTime:0.0010s ]

[ 2016-11-26T21:17:50+08:00 ] ::1 /User/CUserName?username=chs&port=45785
INFO: [ app_init ] --START--
INFO: Run Behavior\BuildLiteBehavior [ RunTime:0.000000s ]
INFO: [ app_init ] --END-- [ RunTime:0.001000s ]
INFO: [ app_begin ] --START--
INFO: Run Behavior\ReadHtmlCacheBehavior [ RunTime:0.002000s ]
INFO: [ app_begin ] --END-- [ RunTime:0.002000s ]
SQL: SHOW COLUMNS FROM `pmplugin_user` [ RunTime:0.0090s ]
SQL: SELECT * FROM `pmplugin_user` WHERE `UserName` = 'admin' AND `UID` = 2 LIMIT 1   [ RunTime:0.0010s ]
SQL: SELECT * FROM `pmplugin_user` WHERE `UserName` = 'admin' AND `UID` = 2  [ RunTime:0.0010s ]

[ 2016-11-26T21:25:41+08:00 ] ::1 /User/bought.html
INFO: [ app_init ] --START--
INFO: Run Behavior\BuildLiteBehavior [ RunTime:0.000000s ]
INFO: [ app_init ] --END-- [ RunTime:0.001000s ]
INFO: [ app_begin ] --START--
INFO: Run Behavior\ReadHtmlCacheBehavior [ RunTime:0.001000s ]
INFO: [ app_begin ] --END-- [ RunTime:0.001000s ]
SQL: SHOW COLUMNS FROM `pmplugin_user` [ RunTime:0.0110s ]
SQL: SELECT * FROM `pmplugin_user` WHERE `UserName` = 'admin' AND `UID` = 2 LIMIT 1   [ RunTime:0.0010s ]
SQL: SELECT * FROM `pmplugin_user` WHERE `UserName` = 'admin' AND `UID` = 2  [ RunTime:0.0010s ]
INFO: [ view_parse ] --START--
INFO: [ template_filter ] --START--
INFO: Run Behavior\ContentReplaceBehavior [ RunTime:0.000000s ]
INFO: [ template_filter ] --END-- [ RunTime:0.000000s ]
SQL: SHOW COLUMNS FROM `pmplugin_message` [ RunTime:0.0100s ]
SQL: SELECT COUNT(*) AS tp_count FROM `pmplugin_message` WHERE ( receiveuid = '2' AND state='0' ) LIMIT 1   [ RunTime:0.0000s ]
SQL: SELECT COUNT(*) AS tp_count FROM `pmplugin_message` WHERE ( receiveuid = '2' AND state='0' ) LIMIT 1   [ RunTime:0.0000s ]
SQL: SHOW COLUMNS FROM `pmplugin_option` [ RunTime:0.0090s ]
SQL: SELECT `Value` FROM `pmplugin_option` WHERE ( Name = 'header_notice' ) LIMIT 1   [ RunTime:0.0000s ]
INFO: [ view_parse ] --START--
INFO: [ template_filter ] --START--
INFO: Run Behavior\ContentReplaceBehavior [ RunTime:0.000000s ]
INFO: [ template_filter ] --END-- [ RunTime:-0.038002s ]
SQL: SELECT COUNT(*) AS tp_count FROM `pmplugin_message` WHERE ( receiveuid = '2' AND state='0' ) LIMIT 1   [ RunTime:0.0010s ]
INFO: Run Behavior\ParseTemplateBehavior [ RunTime:0.008000s ]
INFO: [ view_parse ] --END-- [ RunTime:0.008000s ]
INFO: [ view_filter ] --START--
INFO: Run Behavior\WriteHtmlCacheBehavior [ RunTime:0.001000s ]
INFO: [ view_filter ] --END-- [ RunTime:0.001000s ]
NOTIC: [8] Undefined index: username D:\phpStudy\WWW\Index\Runtime\Cache\Index\cc7bfa0a94671f92ae0d36d83c68c40f.php 第 154 行.
NOTIC: [8] Undefined index: username D:\phpStudy\WWW\Index\Runtime\Cache\Index\cc7bfa0a94671f92ae0d36d83c68c40f.php 第 154 行.
NOTIC: [8] Undefined index: username D:\phpStudy\WWW\Index\Runtime\Cache\Index\cc7bfa0a94671f92ae0d36d83c68c40f.php 第 154 行.
NOTIC: [8] Undefined index: username D:\phpStudy\WWW\Index\Runtime\Cache\Index\cc7bfa0a94671f92ae0d36d83c68c40f.php 第 154 行.
NOTIC: [8] Undefined index: username D:\phpStudy\WWW\Index\Runtime\Cache\Index\cc7bfa0a94671f92ae0d36d83c68c40f.php 第 154 行.
NOTIC: [8] Undefined index: username D:\phpStudy\WWW\Index\Runtime\Cache\Index\cc7bfa0a94671f92ae0d36d83c68c40f.php 第 154 行.
NOTIC: [8] Undefined index: username D:\phpStudy\WWW\Index\Runtime\Cache\Index\cc7bfa0a94671f92ae0d36d83c68c40f.php 第 154 行.
NOTIC: [8] Undefined index: username D:\phpStudy\WWW\Index\Runtime\Cache\Index\cc7bfa0a94671f92ae0d36d83c68c40f.php 第 154 行.
NOTIC: [8] Undefined index: username D:\phpStudy\WWW\Index\Runtime\Cache\Index\cc7bfa0a94671f92ae0d36d83c68c40f.php 第 154 行.
NOTIC: [8] Undefined index: username D:\phpStudy\WWW\Index\Runtime\Cache\Index\cc7bfa0a94671f92ae0d36d83c68c40f.php 第 154 行.
INFO: Run Behavior\ParseTemplateBehavior [ RunTime:0.011001s ]
INFO: [ view_parse ] --END-- [ RunTime:0.008000s ]
INFO: [ view_filter ] --START--
INFO: Run Behavior\WriteHtmlCacheBehavior [ RunTime:0.000000s ]
INFO: [ view_filter ] --END-- [ RunTime:-0.002001s ]
INFO: [ app_end ] --START--
INFO: Run Behavior\ShowPageTraceBehavior [ RunTime:0.001000s ]
INFO: [ app_end ] --END-- [ RunTime:0.001000s ]

[ 2016-11-26T21:25:46+08:00 ] ::1 /User/CUserName?username=chs&port=45785
INFO: [ app_init ] --START--
INFO: Run Behavior\BuildLiteBehavior [ RunTime:0.000000s ]
INFO: [ app_init ] --END-- [ RunTime:0.001000s ]
INFO: [ app_begin ] --START--
INFO: Run Behavior\ReadHtmlCacheBehavior [ RunTime:0.001000s ]
INFO: [ app_begin ] --END-- [ RunTime:0.001000s ]
SQL: SHOW COLUMNS FROM `pmplugin_user` [ RunTime:0.0120s ]
SQL: SELECT * FROM `pmplugin_user` WHERE `UserName` = 'admin' AND `UID` = 2 LIMIT 1   [ RunTime:0.0010s ]
SQL: SELECT * FROM `pmplugin_user` WHERE `UserName` = 'admin' AND `UID` = 2  [ RunTime:0.0000s ]
NOTIC: [8] Undefined variable: Ip D:\phpStudy\WWW\Index\Common\Common\function.php 第 141 行.

[ 2016-11-26T21:25:50+08:00 ] ::1 /User/bought.html
INFO: [ app_init ] --START--
INFO: Run Behavior\BuildLiteBehavior [ RunTime:0.000000s ]
INFO: [ app_init ] --END-- [ RunTime:0.001000s ]
INFO: [ app_begin ] --START--
INFO: Run Behavior\ReadHtmlCacheBehavior [ RunTime:0.001000s ]
INFO: [ app_begin ] --END-- [ RunTime:0.001000s ]
SQL: SHOW COLUMNS FROM `pmplugin_user` [ RunTime:0.0120s ]
SQL: SELECT * FROM `pmplugin_user` WHERE `UserName` = 'admin' AND `UID` = 2 LIMIT 1   [ RunTime:0.0000s ]
SQL: SELECT * FROM `pmplugin_user` WHERE `UserName` = 'admin' AND `UID` = 2  [ RunTime:0.0010s ]
INFO: [ view_parse ] --START--
INFO: [ template_filter ] --START--
INFO: Run Behavior\ContentReplaceBehavior [ RunTime:0.000000s ]
INFO: [ template_filter ] --END-- [ RunTime:0.000000s ]
SQL: SHOW COLUMNS FROM `pmplugin_message` [ RunTime:0.0080s ]
SQL: SELECT COUNT(*) AS tp_count FROM `pmplugin_message` WHERE ( receiveuid = '2' AND state='0' ) LIMIT 1   [ RunTime:0.0010s ]
SQL: SELECT COUNT(*) AS tp_count FROM `pmplugin_message` WHERE ( receiveuid = '2' AND state='0' ) LIMIT 1   [ RunTime:0.0000s ]
SQL: SHOW COLUMNS FROM `pmplugin_option` [ RunTime:0.0080s ]
SQL: SELECT `Value` FROM `pmplugin_option` WHERE ( Name = 'header_notice' ) LIMIT 1   [ RunTime:0.0000s ]
INFO: [ view_parse ] --START--
INFO: [ template_filter ] --START--
INFO: Run Behavior\ContentReplaceBehavior [ RunTime:0.001000s ]
INFO: [ template_filter ] --END-- [ RunTime:-0.035002s ]
SQL: SELECT COUNT(*) AS tp_count FROM `pmplugin_message` WHERE ( receiveuid = '2' AND state='0' ) LIMIT 1   [ RunTime:0.0010s ]
INFO: Run Behavior\ParseTemplateBehavior [ RunTime:0.008001s ]
INFO: [ view_parse ] --END-- [ RunTime:0.008001s ]
INFO: [ view_filter ] --START--
INFO: Run Behavior\WriteHtmlCacheBehavior [ RunTime:0.001000s ]
INFO: [ view_filter ] --END-- [ RunTime:0.001000s ]
NOTIC: [8] Undefined index: username D:\phpStudy\WWW\Index\Runtime\Cache\Index\cc7bfa0a94671f92ae0d36d83c68c40f.php 第 154 行.
NOTIC: [8] Undefined index: username D:\phpStudy\WWW\Index\Runtime\Cache\Index\cc7bfa0a94671f92ae0d36d83c68c40f.php 第 154 行.
NOTIC: [8] Undefined index: username D:\phpStudy\WWW\Index\Runtime\Cache\Index\cc7bfa0a94671f92ae0d36d83c68c40f.php 第 154 行.
NOTIC: [8] Undefined index: username D:\phpStudy\WWW\Index\Runtime\Cache\Index\cc7bfa0a94671f92ae0d36d83c68c40f.php 第 154 行.
NOTIC: [8] Undefined index: username D:\phpStudy\WWW\Index\Runtime\Cache\Index\cc7bfa0a94671f92ae0d36d83c68c40f.php 第 154 行.
NOTIC: [8] Undefined index: username D:\phpStudy\WWW\Index\Runtime\Cache\Index\cc7bfa0a94671f92ae0d36d83c68c40f.php 第 154 行.
NOTIC: [8] Undefined index: username D:\phpStudy\WWW\Index\Runtime\Cache\Index\cc7bfa0a94671f92ae0d36d83c68c40f.php 第 154 行.
NOTIC: [8] Undefined index: username D:\phpStudy\WWW\Index\Runtime\Cache\Index\cc7bfa0a94671f92ae0d36d83c68c40f.php 第 154 行.
NOTIC: [8] Undefined index: username D:\phpStudy\WWW\Index\Runtime\Cache\Index\cc7bfa0a94671f92ae0d36d83c68c40f.php 第 154 行.
NOTIC: [8] Undefined index: username D:\phpStudy\WWW\Index\Runtime\Cache\Index\cc7bfa0a94671f92ae0d36d83c68c40f.php 第 154 行.
INFO: Run Behavior\ParseTemplateBehavior [ RunTime:0.010001s ]
INFO: [ view_parse ] --END-- [ RunTime:0.008001s ]
INFO: [ view_filter ] --START--
INFO: Run Behavior\WriteHtmlCacheBehavior [ RunTime:0.000000s ]
INFO: [ view_filter ] --END-- [ RunTime:-0.001000s ]
INFO: [ app_end ] --START--
INFO: Run Behavior\ShowPageTraceBehavior [ RunTime:0.001000s ]
INFO: [ app_end ] --END-- [ RunTime:0.001000s ]

[ 2016-11-26T21:26:20+08:00 ] ::1 /User/CUserName?username=chs&port=45784
INFO: [ app_init ] --START--
INFO: Run Behavior\BuildLiteBehavior [ RunTime:0.000000s ]
INFO: [ app_init ] --END-- [ RunTime:0.001000s ]
INFO: [ app_begin ] --START--
INFO: Run Behavior\ReadHtmlCacheBehavior [ RunTime:0.001001s ]
INFO: [ app_begin ] --END-- [ RunTime:0.001001s ]
SQL: SHOW COLUMNS FROM `pmplugin_user` [ RunTime:0.0090s ]
SQL: SELECT * FROM `pmplugin_user` WHERE `UserName` = 'admin' AND `UID` = 2 LIMIT 1   [ RunTime:0.0000s ]
SQL: SELECT * FROM `pmplugin_user` WHERE `UserName` = 'admin' AND `UID` = 2  [ RunTime:0.0000s ]
NOTIC: [8] Undefined variable: Ip D:\phpStudy\WWW\Index\Common\Common\function.php 第 141 行.

[ 2016-11-26T22:37:33+08:00 ] ::1 /User/bought.html
INFO: [ app_init ] --START--
INFO: Run Behavior\BuildLiteBehavior [ RunTime:0.000000s ]
INFO: [ app_init ] --END-- [ RunTime:0.002000s ]
INFO: [ app_begin ] --START--
INFO: Run Behavior\ReadHtmlCacheBehavior [ RunTime:0.001000s ]
INFO: [ app_begin ] --END-- [ RunTime:0.001000s ]
SQL: SHOW COLUMNS FROM `pmplugin_user` [ RunTime:0.0110s ]
SQL: SELECT * FROM `pmplugin_user` WHERE `UserName` = 'admin' AND `UID` = 2 LIMIT 1   [ RunTime:0.0010s ]
SQL: SELECT * FROM `pmplugin_user` WHERE `UserName` = 'admin' AND `UID` = 2  [ RunTime:0.0010s ]
INFO: [ view_parse ] --START--
INFO: [ template_filter ] --START--
INFO: Run Behavior\ContentReplaceBehavior [ RunTime:0.000000s ]
INFO: [ template_filter ] --END-- [ RunTime:0.001000s ]
SQL: SHOW COLUMNS FROM `pmplugin_message` [ RunTime:0.0110s ]
SQL: SELECT COUNT(*) AS tp_count FROM `pmplugin_message` WHERE ( receiveuid = '2' AND state='0' ) LIMIT 1   [ RunTime:0.0010s ]
SQL: SELECT COUNT(*) AS tp_count FROM `pmplugin_message` WHERE ( receiveuid = '2' AND state='0' ) LIMIT 1   [ RunTime:0.0000s ]
SQL: SHOW COLUMNS FROM `pmplugin_option` [ RunTime:0.0110s ]
SQL: SELECT `Value` FROM `pmplugin_option` WHERE ( Name = 'header_notice' ) LIMIT 1   [ RunTime:0.0000s ]
INFO: [ view_parse ] --START--
INFO: [ template_filter ] --START--
INFO: Run Behavior\ContentReplaceBehavior [ RunTime:0.000000s ]
INFO: [ template_filter ] --END-- [ RunTime:-0.038003s ]
SQL: SELECT COUNT(*) AS tp_count FROM `pmplugin_message` WHERE ( receiveuid = '2' AND state='0' ) LIMIT 1   [ RunTime:0.0010s ]
INFO: Run Behavior\ParseTemplateBehavior [ RunTime:0.010001s ]
INFO: [ view_parse ] --END-- [ RunTime:0.010001s ]
INFO: [ view_filter ] --START--
INFO: Run Behavior\WriteHtmlCacheBehavior [ RunTime:0.001000s ]
INFO: [ view_filter ] --END-- [ RunTime:0.001000s ]
NOTIC: [8] Undefined index: username D:\phpStudy\WWW\Index\Runtime\Cache\Index\cc7bfa0a94671f92ae0d36d83c68c40f.php 第 154 行.
NOTIC: [8] Undefined index: username D:\phpStudy\WWW\Index\Runtime\Cache\Index\cc7bfa0a94671f92ae0d36d83c68c40f.php 第 154 行.
NOTIC: [8] Undefined index: username D:\phpStudy\WWW\Index\Runtime\Cache\Index\cc7bfa0a94671f92ae0d36d83c68c40f.php 第 154 行.
NOTIC: [8] Undefined index: username D:\phpStudy\WWW\Index\Runtime\Cache\Index\cc7bfa0a94671f92ae0d36d83c68c40f.php 第 154 行.
NOTIC: [8] Undefined index: username D:\phpStudy\WWW\Index\Runtime\Cache\Index\cc7bfa0a94671f92ae0d36d83c68c40f.php 第 154 行.
NOTIC: [8] Undefined index: username D:\phpStudy\WWW\Index\Runtime\Cache\Index\cc7bfa0a94671f92ae0d36d83c68c40f.php 第 154 行.
NOTIC: [8] Undefined index: username D:\phpStudy\WWW\Index\Runtime\Cache\Index\cc7bfa0a94671f92ae0d36d83c68c40f.php 第 154 行.
NOTIC: [8] Undefined index: username D:\phpStudy\WWW\Index\Runtime\Cache\Index\cc7bfa0a94671f92ae0d36d83c68c40f.php 第 154 行.
NOTIC: [8] Undefined index: username D:\phpStudy\WWW\Index\Runtime\Cache\Index\cc7bfa0a94671f92ae0d36d83c68c40f.php 第 154 行.
NOTIC: [8] Undefined index: username D:\phpStudy\WWW\Index\Runtime\Cache\Index\cc7bfa0a94671f92ae0d36d83c68c40f.php 第 154 行.
INFO: Run Behavior\ParseTemplateBehavior [ RunTime:0.014001s ]
INFO: [ view_parse ] --END-- [ RunTime:0.010001s ]
INFO: [ view_filter ] --START--
INFO: Run Behavior\WriteHtmlCacheBehavior [ RunTime:0.000000s ]
INFO: [ view_filter ] --END-- [ RunTime:-0.003000s ]
INFO: [ app_end ] --START--
INFO: Run Behavior\ShowPageTraceBehavior [ RunTime:0.001000s ]
INFO: [ app_end ] --END-- [ RunTime:0.001000s ]

[ 2016-11-26T22:37:41+08:00 ] ::1 /User/CUserName?username=chs&port=45784
INFO: [ app_init ] --START--
INFO: Run Behavior\BuildLiteBehavior [ RunTime:0.000000s ]
INFO: [ app_init ] --END-- [ RunTime:0.001000s ]
INFO: [ app_begin ] --START--
INFO: Run Behavior\ReadHtmlCacheBehavior [ RunTime:0.002000s ]
INFO: [ app_begin ] --END-- [ RunTime:0.002000s ]
SQL: SHOW COLUMNS FROM `pmplugin_user` [ RunTime:0.0080s ]
SQL: SELECT * FROM `pmplugin_user` WHERE `UserName` = 'admin' AND `UID` = 2 LIMIT 1   [ RunTime:0.0010s ]
SQL: SELECT * FROM `pmplugin_user` WHERE `UserName` = 'admin' AND `UID` = 2  [ RunTime:0.0000s ]

[ 2016-11-26T22:39:23+08:00 ] ::1 /User/CUserName?username=chs&port=45784
INFO: [ app_init ] --START--
INFO: Run Behavior\BuildLiteBehavior [ RunTime:0.000000s ]
INFO: [ app_init ] --END-- [ RunTime:0.001000s ]
INFO: [ app_begin ] --START--
INFO: Run Behavior\ReadHtmlCacheBehavior [ RunTime:0.001000s ]
INFO: [ app_begin ] --END-- [ RunTime:0.001000s ]
SQL: SHOW COLUMNS FROM `pmplugin_user` [ RunTime:0.0060s ]
SQL: SELECT * FROM `pmplugin_user` WHERE `UserName` = 'admin' AND `UID` = 2 LIMIT 1   [ RunTime:0.0000s ]
SQL: SELECT * FROM `pmplugin_user` WHERE `UserName` = 'admin' AND `UID` = 2  [ RunTime:0.0000s ]
SQL: UPDATE `pmplugin_user` SET `HasShop`='[{\"sid\":\"3\",\"shopname\":\"\\u6d4b\\u8bd5\\u670d\\u52a1\\u5668\",\"ip\":\"http:\\/\\/mcpe.mctpa.net:8080\\/panel\\/\",\"port\":\"45784\",\"ifuse\":\"0\",\"stop\":\"0\",\"serverid\":\"86\",\"datelimit\":\"2016-12-26\",\"username\":\"chs\",\"date\":\"2016-11-26\"},{\"sid\":\"3\",\"shopname\":\"\\u6d4b\\u8bd5\\u670d\\u52a1\\u5668\",\"ip\":\"http:\\/\\/mcpe.mctpa.net:8080\\/panel\\/\",\"port\":\"45785\",\"ifuse\":\"0\",\"stop\":\"0\",\"serverid\":\"87\",\"datelimit\":\"2016-12-26\"},{\"sid\":\"3\",\"shopname\":\"\\u6d4b\\u8bd5\\u670d\\u52a1\\u5668\",\"ip\":\"http:\\/\\/mcpe.mctpa.net:8080\\/panel\\/\",\"port\":\"45786\",\"ifuse\":\"0\",\"stop\":\"0\",\"serverid\":\"88\",\"datelimit\":\"2016-12-26\"},{\"sid\":\"3\",\"shopname\":\"\\u6d4b\\u8bd5\\u670d\\u52a1\\u5668\",\"ip\":\"http:\\/\\/mcpe.mctpa.net:8080\\/panel\\/\",\"port\":\"45787\",\"ifuse\":\"0\",\"stop\":\"0\",\"serverid\":\"89\",\"datelimit\":\"2016-12-26\"},{\"sid\":\"3\",\"shopname\":\"\\u6d4b\\u8bd5\\u670d\\u52a1\\u5668\",\"ip\":\"http:\\/\\/mcpe.mctpa.net:8080\\/panel\\/\",\"port\":\"45788\",\"ifuse\":\"0\",\"stop\":\"0\",\"serverid\":\"90\",\"datelimit\":\"2016-12-26\"},{\"sid\":\"3\",\"shopname\":\"\\u6d4b\\u8bd5\\u670d\\u52a1\\u5668\",\"ip\":\"http:\\/\\/mcpe.mctpa.net:8080\\/panel\\/\",\"port\":\"45789\",\"ifuse\":\"0\",\"stop\":\"0\",\"serverid\":\"91\",\"datelimit\":\"2016-12-26\"},{\"sid\":\"3\",\"shopname\":\"\\u6d4b\\u8bd5\\u670d\\u52a1\\u5668\",\"ip\":\"http:\\/\\/mcpe.mctpa.net:8080\\/panel\\/\",\"port\":\"45790\",\"ifuse\":\"0\",\"stop\":\"0\",\"serverid\":\"92\",\"datelimit\":\"2016-12-26\"},{\"sid\":\"3\",\"shopname\":\"\\u6d4b\\u8bd5\\u670d\\u52a1\\u5668\",\"ip\":\"http:\\/\\/mcpe.mctpa.net:8080\\/panel\\/\",\"port\":\"45791\",\"ifuse\":\"0\",\"stop\":\"0\",\"serverid\":\"93\",\"datelimit\":\"2016-12-26\"},{\"sid\":\"3\",\"shopname\":\"\\u6d4b\\u8bd5\\u670d\\u52a1\\u5668\",\"ip\":\"http:\\/\\/mcpe.mctpa.net:8080\\/panel\\/\",\"port\":\"45792\",\"ifuse\":\"0\",\"stop\":\"0\",\"serverid\":\"94\",\"datelimit\":\"2016-12-26\"},{\"sid\":\"3\",\"shopname\":\"\\u6d4b\\u8bd5\\u670d\\u52a1\\u5668\",\"ip\":\"http:\\/\\/mcpe.mctpa.net:8080\\/panel\\/\",\"port\":\"45793\",\"ifuse\":\"0\",\"stop\":\"0\",\"serverid\":\"95\",\"datelimit\":\"2016-12-26\"}]' WHERE ( uid = 2 ) [ RunTime:0.0000s ]

[ 2016-11-26T22:43:13+08:00 ] ::1 /User/bought.html
INFO: [ app_init ] --START--
INFO: Run Behavior\BuildLiteBehavior [ RunTime:0.000000s ]
INFO: [ app_init ] --END-- [ RunTime:0.001000s ]
INFO: [ app_begin ] --START--
INFO: Run Behavior\ReadHtmlCacheBehavior [ RunTime:0.001001s ]
INFO: [ app_begin ] --END-- [ RunTime:0.001001s ]
SQL: SHOW COLUMNS FROM `pmplugin_user` [ RunTime:0.0090s ]
SQL: SELECT * FROM `pmplugin_user` WHERE `UserName` = 'admin' AND `UID` = 2 LIMIT 1   [ RunTime:0.0010s ]
SQL: SELECT * FROM `pmplugin_user` WHERE `UserName` = 'admin' AND `UID` = 2  [ RunTime:0.0010s ]
INFO: [ view_parse ] --START--
INFO: [ template_filter ] --START--
INFO: Run Behavior\ContentReplaceBehavior [ RunTime:0.000000s ]
INFO: [ template_filter ] --END-- [ RunTime:0.000000s ]
SQL: SHOW COLUMNS FROM `pmplugin_message` [ RunTime:0.0090s ]
SQL: SELECT COUNT(*) AS tp_count FROM `pmplugin_message` WHERE ( receiveuid = '2' AND state='0' ) LIMIT 1   [ RunTime:0.0010s ]
SQL: SELECT COUNT(*) AS tp_count FROM `pmplugin_message` WHERE ( receiveuid = '2' AND state='0' ) LIMIT 1   [ RunTime:0.0010s ]
SQL: SHOW COLUMNS FROM `pmplugin_option` [ RunTime:0.0060s ]
SQL: SELECT `Value` FROM `pmplugin_option` WHERE ( Name = 'header_notice' ) LIMIT 1   [ RunTime:0.0000s ]
INFO: [ view_parse ] --START--
INFO: [ template_filter ] --START--
INFO: Run Behavior\ContentReplaceBehavior [ RunTime:0.000000s ]
INFO: [ template_filter ] --END-- [ RunTime:-0.031001s ]
SQL: SELECT COUNT(*) AS tp_count FROM `pmplugin_message` WHERE ( receiveuid = '2' AND state='0' ) LIMIT 1   [ RunTime:0.0000s ]
INFO: Run Behavior\ParseTemplateBehavior [ RunTime:0.006001s ]
INFO: [ view_parse ] --END-- [ RunTime:0.006001s ]
INFO: [ view_filter ] --START--
INFO: Run Behavior\WriteHtmlCacheBehavior [ RunTime:0.000000s ]
INFO: [ view_filter ] --END-- [ RunTime:0.000000s ]
NOTIC: [8] Undefined index: username D:\phpStudy\WWW\Index\Runtime\Cache\Index\cc7bfa0a94671f92ae0d36d83c68c40f.php 第 154 行.
NOTIC: [8] Undefined index: username D:\phpStudy\WWW\Index\Runtime\Cache\Index\cc7bfa0a94671f92ae0d36d83c68c40f.php 第 154 行.
NOTIC: [8] Undefined index: username D:\phpStudy\WWW\Index\Runtime\Cache\Index\cc7bfa0a94671f92ae0d36d83c68c40f.php 第 154 行.
NOTIC: [8] Undefined index: username D:\phpStudy\WWW\Index\Runtime\Cache\Index\cc7bfa0a94671f92ae0d36d83c68c40f.php 第 154 行.
NOTIC: [8] Undefined index: username D:\phpStudy\WWW\Index\Runtime\Cache\Index\cc7bfa0a94671f92ae0d36d83c68c40f.php 第 154 行.
NOTIC: [8] Undefined index: username D:\phpStudy\WWW\Index\Runtime\Cache\Index\cc7bfa0a94671f92ae0d36d83c68c40f.php 第 154 行.
NOTIC: [8] Undefined index: username D:\phpStudy\WWW\Index\Runtime\Cache\Index\cc7bfa0a94671f92ae0d36d83c68c40f.php 第 154 行.
NOTIC: [8] Undefined index: username D:\phpStudy\WWW\Index\Runtime\Cache\Index\cc7bfa0a94671f92ae0d36d83c68c40f.php 第 154 行.
NOTIC: [8] Undefined index: username D:\phpStudy\WWW\Index\Runtime\Cache\Index\cc7bfa0a94671f92ae0d36d83c68c40f.php 第 154 行.
INFO: Run Behavior\ParseTemplateBehavior [ RunTime:0.009001s ]
INFO: [ view_parse ] --END-- [ RunTime:0.006001s ]
INFO: [ view_filter ] --START--
INFO: Run Behavior\WriteHtmlCacheBehavior [ RunTime:0.000000s ]
INFO: [ view_filter ] --END-- [ RunTime:-0.002000s ]
INFO: [ app_end ] --START--
INFO: Run Behavior\ShowPageTraceBehavior [ RunTime:0.002000s ]
INFO: [ app_end ] --END-- [ RunTime:0.002000s ]

[ 2016-11-26T22:49:24+08:00 ] ::1 /User/CUserName?username=chs&port=45785
INFO: [ app_init ] --START--
INFO: Run Behavior\BuildLiteBehavior [ RunTime:0.000000s ]
INFO: [ app_init ] --END-- [ RunTime:0.001000s ]
INFO: [ app_begin ] --START--
INFO: Run Behavior\ReadHtmlCacheBehavior [ RunTime:0.002000s ]
INFO: [ app_begin ] --END-- [ RunTime:0.002000s ]
SQL: SHOW COLUMNS FROM `pmplugin_user` [ RunTime:0.0070s ]
SQL: SELECT * FROM `pmplugin_user` WHERE `UserName` = 'admin' AND `UID` = 2 LIMIT 1   [ RunTime:0.0010s ]
SQL: SELECT * FROM `pmplugin_user` WHERE `UserName` = 'admin' AND `UID` = 2  [ RunTime:0.0000s ]
SQL: SHOW COLUMNS FROM `pmplugin_shop` [ RunTime:0.0110s ]
SQL: SELECT * FROM `pmplugin_shop` WHERE ( sid = '3' ) LIMIT 1   [ RunTime:0.0000s ]
NOTIC: [8] Undefined index: data D:\phpStudy\WWW\Index\Common\Common\function.php 第 149 行.
NOTIC: [2] array_keys() expects parameter 1 to be array, null given D:\phpStudy\WWW\Index\Common\Common\function.php 第 149 行.
NOTIC: [2] Invalid argument supplied for foreach() D:\phpStudy\WWW\Index\Common\Common\function.php 第 149 行.

[ 2016-11-26T22:49:49+08:00 ] ::1 /User/CUserName?username=chs&port=45785
INFO: [ app_init ] --START--
INFO: Run Behavior\BuildLiteBehavior [ RunTime:0.000000s ]
INFO: [ app_init ] --END-- [ RunTime:0.001000s ]
INFO: [ app_begin ] --START--
INFO: Run Behavior\ReadHtmlCacheBehavior [ RunTime:0.001000s ]
INFO: [ app_begin ] --END-- [ RunTime:0.001000s ]
SQL: SHOW COLUMNS FROM `pmplugin_user` [ RunTime:0.0070s ]
SQL: SELECT * FROM `pmplugin_user` WHERE `UserName` = 'admin' AND `UID` = 2 LIMIT 1   [ RunTime:0.0000s ]
SQL: SELECT * FROM `pmplugin_user` WHERE `UserName` = 'admin' AND `UID` = 2  [ RunTime:0.0010s ]
SQL: SHOW COLUMNS FROM `pmplugin_shop` [ RunTime:0.0080s ]
SQL: SELECT * FROM `pmplugin_shop` WHERE ( sid = '3' ) LIMIT 1   [ RunTime:0.0000s ]
NOTIC: [8] Undefined index: data D:\phpStudy\WWW\Index\Common\Common\function.php 第 149 行.
NOTIC: [2] array_keys() expects parameter 1 to be array, null given D:\phpStudy\WWW\Index\Common\Common\function.php 第 149 行.
NOTIC: [2] Invalid argument supplied for foreach() D:\phpStudy\WWW\Index\Common\Common\function.php 第 149 行.

[ 2016-11-26T22:53:58+08:00 ] ::1 /User/bought.html
INFO: [ app_init ] --START--
INFO: Run Behavior\BuildLiteBehavior [ RunTime:0.000000s ]
INFO: [ app_init ] --END-- [ RunTime:0.001000s ]
INFO: [ app_begin ] --START--
INFO: Run Behavior\ReadHtmlCacheBehavior [ RunTime:0.001000s ]
INFO: [ app_begin ] --END-- [ RunTime:0.001000s ]
SQL: SHOW COLUMNS FROM `pmplugin_user` [ RunTime:0.0080s ]
SQL: SELECT * FROM `pmplugin_user` WHERE `UserName` = 'admin' AND `UID` = 2 LIMIT 1   [ RunTime:0.0000s ]
SQL: SELECT * FROM `pmplugin_user` WHERE `UserName` = 'admin' AND `UID` = 2  [ RunTime:0.0000s ]
INFO: [ view_parse ] --START--
INFO: [ template_filter ] --START--
INFO: Run Behavior\ContentReplaceBehavior [ RunTime:0.000000s ]
INFO: [ template_filter ] --END-- [ RunTime:0.000000s ]
SQL: SHOW COLUMNS FROM `pmplugin_message` [ RunTime:0.0100s ]
SQL: SELECT COUNT(*) AS tp_count FROM `pmplugin_message` WHERE ( receiveuid = '2' AND state='0' ) LIMIT 1   [ RunTime:0.0010s ]
SQL: SELECT COUNT(*) AS tp_count FROM `pmplugin_message` WHERE ( receiveuid = '2' AND state='0' ) LIMIT 1   [ RunTime:0.0000s ]
SQL: SHOW COLUMNS FROM `pmplugin_option` [ RunTime:0.0080s ]
SQL: SELECT `Value` FROM `pmplugin_option` WHERE ( Name = 'header_notice' ) LIMIT 1   [ RunTime:0.0000s ]
INFO: [ view_parse ] --START--
INFO: [ template_filter ] --START--
INFO: Run Behavior\ContentReplaceBehavior [ RunTime:0.000000s ]
INFO: [ template_filter ] --END-- [ RunTime:-0.034002s ]
SQL: SELECT COUNT(*) AS tp_count FROM `pmplugin_message` WHERE ( receiveuid = '2' AND state='0' ) LIMIT 1   [ RunTime:0.0010s ]
INFO: Run Behavior\ParseTemplateBehavior [ RunTime:0.007000s ]
INFO: [ view_parse ] --END-- [ RunTime:0.007000s ]
INFO: [ view_filter ] --START--
INFO: Run Behavior\WriteHtmlCacheBehavior [ RunTime:0.001000s ]
INFO: [ view_filter ] --END-- [ RunTime:0.001000s ]
NOTIC: [8] Undefined index: username D:\phpStudy\WWW\Index\Runtime\Cache\Index\cc7bfa0a94671f92ae0d36d83c68c40f.php 第 154 行.
NOTIC: [8] Undefined index: username D:\phpStudy\WWW\Index\Runtime\Cache\Index\cc7bfa0a94671f92ae0d36d83c68c40f.php 第 154 行.
NOTIC: [8] Undefined index: username D:\phpStudy\WWW\Index\Runtime\Cache\Index\cc7bfa0a94671f92ae0d36d83c68c40f.php 第 154 行.
NOTIC: [8] Undefined index: username D:\phpStudy\WWW\Index\Runtime\Cache\Index\cc7bfa0a94671f92ae0d36d83c68c40f.php 第 154 行.
NOTIC: [8] Undefined index: username D:\phpStudy\WWW\Index\Runtime\Cache\Index\cc7bfa0a94671f92ae0d36d83c68c40f.php 第 154 行.
NOTIC: [8] Undefined index: username D:\phpStudy\WWW\Index\Runtime\Cache\Index\cc7bfa0a94671f92ae0d36d83c68c40f.php 第 154 行.
NOTIC: [8] Undefined index: username D:\phpStudy\WWW\Index\Runtime\Cache\Index\cc7bfa0a94671f92ae0d36d83c68c40f.php 第 154 行.
NOTIC: [8] Undefined index: username D:\phpStudy\WWW\Index\Runtime\Cache\Index\cc7bfa0a94671f92ae0d36d83c68c40f.php 第 154 行.
NOTIC: [8] Undefined index: username D:\phpStudy\WWW\Index\Runtime\Cache\Index\cc7bfa0a94671f92ae0d36d83c68c40f.php 第 154 行.
INFO: Run Behavior\ParseTemplateBehavior [ RunTime:0.010001s ]
INFO: [ view_parse ] --END-- [ RunTime:0.007000s ]
INFO: [ view_filter ] --START--
INFO: Run Behavior\WriteHtmlCacheBehavior [ RunTime:0.000000s ]
INFO: [ view_filter ] --END-- [ RunTime:-0.002001s ]
INFO: [ app_end ] --START--
INFO: Run Behavior\ShowPageTraceBehavior [ RunTime:0.001000s ]
INFO: [ app_end ] --END-- [ RunTime:0.001000s ]

[ 2016-11-26T22:55:06+08:00 ] ::1 /User/bought.html
INFO: [ app_init ] --START--
INFO: Run Behavior\BuildLiteBehavior [ RunTime:0.000000s ]
INFO: [ app_init ] --END-- [ RunTime:0.002000s ]
INFO: [ app_begin ] --START--
INFO: Run Behavior\ReadHtmlCacheBehavior [ RunTime:0.001000s ]
INFO: [ app_begin ] --END-- [ RunTime:0.001000s ]
SQL: SHOW COLUMNS FROM `pmplugin_user` [ RunTime:0.0090s ]
SQL: SELECT * FROM `pmplugin_user` WHERE `UserName` = 'admin' AND `UID` = 2 LIMIT 1   [ RunTime:0.0000s ]
SQL: SELECT * FROM `pmplugin_user` WHERE `UserName` = 'admin' AND `UID` = 2  [ RunTime:0.0010s ]
INFO: [ view_parse ] --START--
INFO: [ template_filter ] --START--
INFO: Run Behavior\ContentReplaceBehavior [ RunTime:0.000000s ]
INFO: [ template_filter ] --END-- [ RunTime:0.000000s ]
SQL: SHOW COLUMNS FROM `pmplugin_message` [ RunTime:0.0090s ]
SQL: SELECT COUNT(*) AS tp_count FROM `pmplugin_message` WHERE ( receiveuid = '2' AND state='0' ) LIMIT 1   [ RunTime:0.0010s ]
SQL: SELECT COUNT(*) AS tp_count FROM `pmplugin_message` WHERE ( receiveuid = '2' AND state='0' ) LIMIT 1   [ RunTime:0.0010s ]
SQL: SHOW COLUMNS FROM `pmplugin_option` [ RunTime:0.0100s ]
SQL: SELECT `Value` FROM `pmplugin_option` WHERE ( Name = 'header_notice' ) LIMIT 1   [ RunTime:0.0000s ]
INFO: [ view_parse ] --START--
INFO: [ template_filter ] --START--
INFO: Run Behavior\ContentReplaceBehavior [ RunTime:0.000000s ]
INFO: [ template_filter ] --END-- [ RunTime:-0.033002s ]
SQL: SELECT COUNT(*) AS tp_count FROM `pmplugin_message` WHERE ( receiveuid = '2' AND state='0' ) LIMIT 1   [ RunTime:0.0010s ]
INFO: Run Behavior\ParseTemplateBehavior [ RunTime:0.007000s ]
INFO: [ view_parse ] --END-- [ RunTime:0.007000s ]
INFO: [ view_filter ] --START--
INFO: Run Behavior\WriteHtmlCacheBehavior [ RunTime:0.001000s ]
INFO: [ view_filter ] --END-- [ RunTime:0.001000s ]
NOTIC: [8] Undefined index: username D:\phpStudy\WWW\Index\Runtime\Cache\Index\cc7bfa0a94671f92ae0d36d83c68c40f.php 第 154 行.
NOTIC: [8] Undefined index: username D:\phpStudy\WWW\Index\Runtime\Cache\Index\cc7bfa0a94671f92ae0d36d83c68c40f.php 第 154 行.
NOTIC: [8] Undefined index: username D:\phpStudy\WWW\Index\Runtime\Cache\Index\cc7bfa0a94671f92ae0d36d83c68c40f.php 第 154 行.
NOTIC: [8] Undefined index: username D:\phpStudy\WWW\Index\Runtime\Cache\Index\cc7bfa0a94671f92ae0d36d83c68c40f.php 第 154 行.
NOTIC: [8] Undefined index: username D:\phpStudy\WWW\Index\Runtime\Cache\Index\cc7bfa0a94671f92ae0d36d83c68c40f.php 第 154 行.
NOTIC: [8] Undefined index: username D:\phpStudy\WWW\Index\Runtime\Cache\Index\cc7bfa0a94671f92ae0d36d83c68c40f.php 第 154 行.
NOTIC: [8] Undefined index: username D:\phpStudy\WWW\Index\Runtime\Cache\Index\cc7bfa0a94671f92ae0d36d83c68c40f.php 第 154 行.
NOTIC: [8] Undefined index: username D:\phpStudy\WWW\Index\Runtime\Cache\Index\cc7bfa0a94671f92ae0d36d83c68c40f.php 第 154 行.
NOTIC: [8] Undefined index: username D:\phpStudy\WWW\Index\Runtime\Cache\Index\cc7bfa0a94671f92ae0d36d83c68c40f.php 第 154 行.
INFO: Run Behavior\ParseTemplateBehavior [ RunTime:0.009000s ]
INFO: [ view_parse ] --END-- [ RunTime:0.007000s ]
INFO: [ view_filter ] --START--
INFO: Run Behavior\WriteHtmlCacheBehavior [ RunTime:0.000000s ]
INFO: [ view_filter ] --END-- [ RunTime:-0.001000s ]
INFO: [ app_end ] --START--
INFO: Run Behavior\ShowPageTraceBehavior [ RunTime:0.001000s ]
INFO: [ app_end ] --END-- [ RunTime:0.001000s ]

[ 2016-11-26T22:57:06+08:00 ] ::1 /User/bought.html
INFO: [ app_init ] --START--
INFO: Run Behavior\BuildLiteBehavior [ RunTime:0.000000s ]
INFO: [ app_init ] --END-- [ RunTime:0.002000s ]
INFO: [ app_begin ] --START--
INFO: Run Behavior\ReadHtmlCacheBehavior [ RunTime:0.001000s ]
INFO: [ app_begin ] --END-- [ RunTime:0.001000s ]
SQL: SHOW COLUMNS FROM `pmplugin_user` [ RunTime:0.0090s ]
SQL: SELECT * FROM `pmplugin_user` WHERE `UserName` = 'admin' AND `UID` = 2 LIMIT 1   [ RunTime:0.0010s ]
SQL: SELECT * FROM `pmplugin_user` WHERE `UserName` = 'admin' AND `UID` = 2  [ RunTime:0.0000s ]
INFO: [ view_parse ] --START--
INFO: [ template_filter ] --START--
INFO: Run Behavior\ContentReplaceBehavior [ RunTime:0.000000s ]
INFO: [ template_filter ] --END-- [ RunTime:0.000000s ]
SQL: SHOW COLUMNS FROM `pmplugin_message` [ RunTime:0.0080s ]
SQL: SELECT COUNT(*) AS tp_count FROM `pmplugin_message` WHERE ( receiveuid = '2' AND state='0' ) LIMIT 1   [ RunTime:0.0010s ]
SQL: SELECT COUNT(*) AS tp_count FROM `pmplugin_message` WHERE ( receiveuid = '2' AND state='0' ) LIMIT 1   [ RunTime:0.0000s ]
SQL: SHOW COLUMNS FROM `pmplugin_option` [ RunTime:0.0090s ]
SQL: SELECT `Value` FROM `pmplugin_option` WHERE ( Name = 'header_notice' ) LIMIT 1   [ RunTime:0.0000s ]
INFO: [ view_parse ] --START--
INFO: [ template_filter ] --START--
INFO: Run Behavior\ContentReplaceBehavior [ RunTime:0.000000s ]
INFO: [ template_filter ] --END-- [ RunTime:-0.033002s ]
SQL: SELECT COUNT(*) AS tp_count FROM `pmplugin_message` WHERE ( receiveuid = '2' AND state='0' ) LIMIT 1   [ RunTime:0.0010s ]
INFO: Run Behavior\ParseTemplateBehavior [ RunTime:0.007000s ]
INFO: [ view_parse ] --END-- [ RunTime:0.007000s ]
INFO: [ view_filter ] --START--
INFO: Run Behavior\WriteHtmlCacheBehavior [ RunTime:0.001000s ]
INFO: [ view_filter ] --END-- [ RunTime:0.001000s ]
NOTIC: [8] Undefined index: username D:\phpStudy\WWW\Index\Runtime\Cache\Index\cc7bfa0a94671f92ae0d36d83c68c40f.php 第 154 行.
NOTIC: [8] Undefined index: username D:\phpStudy\WWW\Index\Runtime\Cache\Index\cc7bfa0a94671f92ae0d36d83c68c40f.php 第 154 行.
NOTIC: [8] Undefined index: username D:\phpStudy\WWW\Index\Runtime\Cache\Index\cc7bfa0a94671f92ae0d36d83c68c40f.php 第 154 行.
NOTIC: [8] Undefined index: username D:\phpStudy\WWW\Index\Runtime\Cache\Index\cc7bfa0a94671f92ae0d36d83c68c40f.php 第 154 行.
NOTIC: [8] Undefined index: username D:\phpStudy\WWW\Index\Runtime\Cache\Index\cc7bfa0a94671f92ae0d36d83c68c40f.php 第 154 行.
NOTIC: [8] Undefined index: username D:\phpStudy\WWW\Index\Runtime\Cache\Index\cc7bfa0a94671f92ae0d36d83c68c40f.php 第 154 行.
NOTIC: [8] Undefined index: username D:\phpStudy\WWW\Index\Runtime\Cache\Index\cc7bfa0a94671f92ae0d36d83c68c40f.php 第 154 行.
NOTIC: [8] Undefined index: username D:\phpStudy\WWW\Index\Runtime\Cache\Index\cc7bfa0a94671f92ae0d36d83c68c40f.php 第 154 行.
NOTIC: [8] Undefined index: username D:\phpStudy\WWW\Index\Runtime\Cache\Index\cc7bfa0a94671f92ae0d36d83c68c40f.php 第 154 行.
INFO: Run Behavior\ParseTemplateBehavior [ RunTime:0.009000s ]
INFO: [ view_parse ] --END-- [ RunTime:0.007000s ]
INFO: [ view_filter ] --START--
INFO: Run Behavior\WriteHtmlCacheBehavior [ RunTime:0.000000s ]
INFO: [ view_filter ] --END-- [ RunTime:-0.001000s ]
INFO: [ app_end ] --START--
INFO: Run Behavior\ShowPageTraceBehavior [ RunTime:0.001000s ]
INFO: [ app_end ] --END-- [ RunTime:0.001000s ]

[ 2016-11-26T22:58:31+08:00 ] ::1 /User/bought.html
INFO: [ app_init ] --START--
INFO: Run Behavior\BuildLiteBehavior [ RunTime:0.000000s ]
INFO: [ app_init ] --END-- [ RunTime:0.001000s ]
INFO: [ app_begin ] --START--
INFO: Run Behavior\ReadHtmlCacheBehavior [ RunTime:0.001000s ]
INFO: [ app_begin ] --END-- [ RunTime:0.001000s ]
SQL: SHOW COLUMNS FROM `pmplugin_user` [ RunTime:0.0100s ]
SQL: SELECT * FROM `pmplugin_user` WHERE `UserName` = 'admin' AND `UID` = 2 LIMIT 1   [ RunTime:0.0000s ]
SQL: SELECT * FROM `pmplugin_user` WHERE `UserName` = 'admin' AND `UID` = 2  [ RunTime:0.0000s ]
INFO: [ view_parse ] --START--
INFO: [ template_filter ] --START--
INFO: Run Behavior\ContentReplaceBehavior [ RunTime:0.000000s ]
INFO: [ template_filter ] --END-- [ RunTime:0.000000s ]
SQL: SHOW COLUMNS FROM `pmplugin_message` [ RunTime:0.0100s ]
SQL: SELECT COUNT(*) AS tp_count FROM `pmplugin_message` WHERE ( receiveuid = '2' AND state='0' ) LIMIT 1   [ RunTime:0.0010s ]
SQL: SELECT COUNT(*) AS tp_count FROM `pmplugin_message` WHERE ( receiveuid = '2' AND state='0' ) LIMIT 1   [ RunTime:0.0010s ]
SQL: SHOW COLUMNS FROM `pmplugin_option` [ RunTime:0.0090s ]
SQL: SELECT `Value` FROM `pmplugin_option` WHERE ( Name = 'header_notice' ) LIMIT 1   [ RunTime:0.0000s ]
INFO: [ view_parse ] --START--
INFO: [ template_filter ] --START--
INFO: Run Behavior\ContentReplaceBehavior [ RunTime:0.000000s ]
INFO: [ template_filter ] --END-- [ RunTime:-0.035002s ]
SQL: SELECT COUNT(*) AS tp_count FROM `pmplugin_message` WHERE ( receiveuid = '2' AND state='0' ) LIMIT 1   [ RunTime:0.0010s ]
INFO: Run Behavior\ParseTemplateBehavior [ RunTime:0.007000s ]
INFO: [ view_parse ] --END-- [ RunTime:0.007000s ]
INFO: [ view_filter ] --START--
INFO: Run Behavior\WriteHtmlCacheBehavior [ RunTime:0.001000s ]
INFO: [ view_filter ] --END-- [ RunTime:0.001000s ]
NOTIC: [8] Undefined index: username D:\phpStudy\WWW\Index\Runtime\Cache\Index\cc7bfa0a94671f92ae0d36d83c68c40f.php 第 154 行.
NOTIC: [8] Undefined index: username D:\phpStudy\WWW\Index\Runtime\Cache\Index\cc7bfa0a94671f92ae0d36d83c68c40f.php 第 154 行.
NOTIC: [8] Undefined index: username D:\phpStudy\WWW\Index\Runtime\Cache\Index\cc7bfa0a94671f92ae0d36d83c68c40f.php 第 154 行.
NOTIC: [8] Undefined index: username D:\phpStudy\WWW\Index\Runtime\Cache\Index\cc7bfa0a94671f92ae0d36d83c68c40f.php 第 154 行.
NOTIC: [8] Undefined index: username D:\phpStudy\WWW\Index\Runtime\Cache\Index\cc7bfa0a94671f92ae0d36d83c68c40f.php 第 154 行.
NOTIC: [8] Undefined index: username D:\phpStudy\WWW\Index\Runtime\Cache\Index\cc7bfa0a94671f92ae0d36d83c68c40f.php 第 154 行.
NOTIC: [8] Undefined index: username D:\phpStudy\WWW\Index\Runtime\Cache\Index\cc7bfa0a94671f92ae0d36d83c68c40f.php 第 154 行.
NOTIC: [8] Undefined index: username D:\phpStudy\WWW\Index\Runtime\Cache\Index\cc7bfa0a94671f92ae0d36d83c68c40f.php 第 154 行.
NOTIC: [8] Undefined index: username D:\phpStudy\WWW\Index\Runtime\Cache\Index\cc7bfa0a94671f92ae0d36d83c68c40f.php 第 154 行.
INFO: Run Behavior\ParseTemplateBehavior [ RunTime:0.010000s ]
INFO: [ view_parse ] --END-- [ RunTime:0.007000s ]
INFO: [ view_filter ] --START--
INFO: Run Behavior\WriteHtmlCacheBehavior [ RunTime:0.000000s ]
INFO: [ view_filter ] --END-- [ RunTime:-0.002000s ]
INFO: [ app_end ] --START--
INFO: Run Behavior\ShowPageTraceBehavior [ RunTime:0.002001s ]
INFO: [ app_end ] --END-- [ RunTime:0.002001s ]

[ 2016-11-26T22:59:22+08:00 ] ::1 /User/bought.html
INFO: [ app_init ] --START--
INFO: Run Behavior\BuildLiteBehavior [ RunTime:0.000000s ]
INFO: [ app_init ] --END-- [ RunTime:0.001000s ]
INFO: [ app_begin ] --START--
INFO: Run Behavior\ReadHtmlCacheBehavior [ RunTime:0.001000s ]
INFO: [ app_begin ] --END-- [ RunTime:0.002000s ]
SQL: SHOW COLUMNS FROM `pmplugin_user` [ RunTime:0.0090s ]
SQL: SELECT * FROM `pmplugin_user` WHERE `UserName` = 'admin' AND `UID` = 2 LIMIT 1   [ RunTime:0.0010s ]
SQL: SELECT * FROM `pmplugin_user` WHERE `UserName` = 'admin' AND `UID` = 2  [ RunTime:0.0010s ]
INFO: [ view_parse ] --START--
INFO: [ template_filter ] --START--
INFO: Run Behavior\ContentReplaceBehavior [ RunTime:0.000000s ]
INFO: [ template_filter ] --END-- [ RunTime:0.000000s ]
SQL: SHOW COLUMNS FROM `pmplugin_message` [ RunTime:0.0100s ]
SQL: SELECT COUNT(*) AS tp_count FROM `pmplugin_message` WHERE ( receiveuid = '2' AND state='0' ) LIMIT 1   [ RunTime:0.0010s ]
SQL: SELECT COUNT(*) AS tp_count FROM `pmplugin_message` WHERE ( receiveuid = '2' AND state='0' ) LIMIT 1   [ RunTime:0.0010s ]
SQL: SHOW COLUMNS FROM `pmplugin_option` [ RunTime:0.0100s ]
SQL: SELECT `Value` FROM `pmplugin_option` WHERE ( Name = 'header_notice' ) LIMIT 1   [ RunTime:0.0000s ]
INFO: [ view_parse ] --START--
INFO: [ template_filter ] --START--
INFO: Run Behavior\ContentReplaceBehavior [ RunTime:0.000000s ]
INFO: [ template_filter ] --END-- [ RunTime:-0.033002s ]
SQL: SELECT COUNT(*) AS tp_count FROM `pmplugin_message` WHERE ( receiveuid = '2' AND state='0' ) LIMIT 1   [ RunTime:0.0000s ]
INFO: Run Behavior\ParseTemplateBehavior [ RunTime:0.007000s ]
INFO: [ view_parse ] --END-- [ RunTime:0.007000s ]
INFO: [ view_filter ] --START--
INFO: Run Behavior\WriteHtmlCacheBehavior [ RunTime:0.000000s ]
INFO: [ view_filter ] --END-- [ RunTime:0.000000s ]
NOTIC: [8] Undefined index: username D:\phpStudy\WWW\Index\Runtime\Cache\Index\cc7bfa0a94671f92ae0d36d83c68c40f.php 第 154 行.
NOTIC: [8] Undefined index: username D:\phpStudy\WWW\Index\Runtime\Cache\Index\cc7bfa0a94671f92ae0d36d83c68c40f.php 第 154 行.
NOTIC: [8] Undefined index: username D:\phpStudy\WWW\Index\Runtime\Cache\Index\cc7bfa0a94671f92ae0d36d83c68c40f.php 第 154 行.
NOTIC: [8] Undefined index: username D:\phpStudy\WWW\Index\Runtime\Cache\Index\cc7bfa0a94671f92ae0d36d83c68c40f.php 第 154 行.
NOTIC: [8] Undefined index: username D:\phpStudy\WWW\Index\Runtime\Cache\Index\cc7bfa0a94671f92ae0d36d83c68c40f.php 第 154 行.
NOTIC: [8] Undefined index: username D:\phpStudy\WWW\Index\Runtime\Cache\Index\cc7bfa0a94671f92ae0d36d83c68c40f.php 第 154 行.
NOTIC: [8] Undefined index: username D:\phpStudy\WWW\Index\Runtime\Cache\Index\cc7bfa0a94671f92ae0d36d83c68c40f.php 第 154 行.
NOTIC: [8] Undefined index: username D:\phpStudy\WWW\Index\Runtime\Cache\Index\cc7bfa0a94671f92ae0d36d83c68c40f.php 第 154 行.
NOTIC: [8] Undefined index: username D:\phpStudy\WWW\Index\Runtime\Cache\Index\cc7bfa0a94671f92ae0d36d83c68c40f.php 第 154 行.
INFO: Run Behavior\ParseTemplateBehavior [ RunTime:0.009000s ]
INFO: [ view_parse ] --END-- [ RunTime:0.007000s ]
INFO: [ view_filter ] --START--
INFO: Run Behavior\WriteHtmlCacheBehavior [ RunTime:0.000000s ]
INFO: [ view_filter ] --END-- [ RunTime:-0.002000s ]
INFO: [ app_end ] --START--
INFO: Run Behavior\ShowPageTraceBehavior [ RunTime:0.002000s ]
INFO: [ app_end ] --END-- [ RunTime:0.002000s ]

[ 2016-11-26T23:00:27+08:00 ] ::1 /User/bought.html
INFO: [ app_init ] --START--
INFO: Run Behavior\BuildLiteBehavior [ RunTime:0.000000s ]
INFO: [ app_init ] --END-- [ RunTime:0.000000s ]
INFO: [ app_begin ] --START--
INFO: Run Behavior\ReadHtmlCacheBehavior [ RunTime:0.001001s ]
INFO: [ app_begin ] --END-- [ RunTime:0.001001s ]
SQL: SHOW COLUMNS FROM `pmplugin_user` [ RunTime:0.0080s ]
SQL: SELECT * FROM `pmplugin_user` WHERE `UserName` = 'admin' AND `UID` = 2 LIMIT 1   [ RunTime:0.0000s ]
SQL: SELECT * FROM `pmplugin_user` WHERE `UserName` = 'admin' AND `UID` = 2  [ RunTime:0.0010s ]
INFO: [ view_parse ] --START--
INFO: [ template_filter ] --START--
INFO: Run Behavior\ContentReplaceBehavior [ RunTime:0.000000s ]
INFO: [ template_filter ] --END-- [ RunTime:0.000000s ]
SQL: SHOW COLUMNS FROM `pmplugin_message` [ RunTime:0.0090s ]
SQL: SELECT COUNT(*) AS tp_count FROM `pmplugin_message` WHERE ( receiveuid = '2' AND state='0' ) LIMIT 1   [ RunTime:0.0010s ]
SQL: SELECT COUNT(*) AS tp_count FROM `pmplugin_message` WHERE ( receiveuid = '2' AND state='0' ) LIMIT 1   [ RunTime:0.0010s ]
SQL: SHOW COLUMNS FROM `pmplugin_option` [ RunTime:0.0100s ]
SQL: SELECT `Value` FROM `pmplugin_option` WHERE ( Name = 'header_notice' ) LIMIT 1   [ RunTime:0.0000s ]
INFO: [ view_parse ] --START--
INFO: [ template_filter ] --START--
INFO: Run Behavior\ContentReplaceBehavior [ RunTime:0.000000s ]
INFO: [ template_filter ] --END-- [ RunTime:-0.035002s ]
SQL: SELECT COUNT(*) AS tp_count FROM `pmplugin_message` WHERE ( receiveuid = '2' AND state='0' ) LIMIT 1   [ RunTime:0.0010s ]
INFO: Run Behavior\ParseTemplateBehavior [ RunTime:0.007000s ]
INFO: [ view_parse ] --END-- [ RunTime:0.007000s ]
INFO: [ view_filter ] --START--
INFO: Run Behavior\WriteHtmlCacheBehavior [ RunTime:0.001000s ]
INFO: [ view_filter ] --END-- [ RunTime:0.001000s ]
NOTIC: [8] Undefined index: username D:\phpStudy\WWW\Index\Runtime\Cache\Index\cc7bfa0a94671f92ae0d36d83c68c40f.php 第 154 行.
NOTIC: [8] Undefined index: username D:\phpStudy\WWW\Index\Runtime\Cache\Index\cc7bfa0a94671f92ae0d36d83c68c40f.php 第 154 行.
NOTIC: [8] Undefined index: username D:\phpStudy\WWW\Index\Runtime\Cache\Index\cc7bfa0a94671f92ae0d36d83c68c40f.php 第 154 行.
NOTIC: [8] Undefined index: username D:\phpStudy\WWW\Index\Runtime\Cache\Index\cc7bfa0a94671f92ae0d36d83c68c40f.php 第 154 行.
NOTIC: [8] Undefined index: username D:\phpStudy\WWW\Index\Runtime\Cache\Index\cc7bfa0a94671f92ae0d36d83c68c40f.php 第 154 行.
NOTIC: [8] Undefined index: username D:\phpStudy\WWW\Index\Runtime\Cache\Index\cc7bfa0a94671f92ae0d36d83c68c40f.php 第 154 行.
NOTIC: [8] Undefined index: username D:\phpStudy\WWW\Index\Runtime\Cache\Index\cc7bfa0a94671f92ae0d36d83c68c40f.php 第 154 行.
NOTIC: [8] Undefined index: username D:\phpStudy\WWW\Index\Runtime\Cache\Index\cc7bfa0a94671f92ae0d36d83c68c40f.php 第 154 行.
NOTIC: [8] Undefined index: username D:\phpStudy\WWW\Index\Runtime\Cache\Index\cc7bfa0a94671f92ae0d36d83c68c40f.php 第 154 行.
INFO: Run Behavior\ParseTemplateBehavior [ RunTime:0.009000s ]
INFO: [ view_parse ] --END-- [ RunTime:0.007000s ]
INFO: [ view_filter ] --START--
INFO: Run Behavior\WriteHtmlCacheBehavior [ RunTime:0.000000s ]
INFO: [ view_filter ] --END-- [ RunTime:-0.001000s ]
INFO: [ app_end ] --START--
INFO: Run Behavior\ShowPageTraceBehavior [ RunTime:0.002000s ]
INFO: [ app_end ] --END-- [ RunTime:0.002000s ]

