[ 2016-12-23T21:20:35+08:00 ] 127.0.0.1 /
INFO: [ app_init ] --START--
INFO: Run Behavior\BuildLiteBehavior [ RunTime:0.000000s ]
INFO: [ app_init ] --END-- [ RunTime:0.004001s ]
INFO: [ app_begin ] --START--
INFO: Run Behavior\ReadHtmlCacheBehavior [ RunTime:0.001000s ]
INFO: [ app_begin ] --END-- [ RunTime:0.001000s ]
SQL: SHOW COLUMNS FROM `pmplugin_shop` [ RunTime:0.0160s ]
SQL: SELECT `UserName`,`ShopName`,`FindQQ`,`Version`,`Price`,`UpdateTime`,`Data`,`Sales`,`SID`,`Thumburl`,`Action`,`PlayerSolt`,`CPlayerSolt`,`MemaryLimit`,`DateLimit`,`Num`,`Content` FROM pmplugin_shop s INNER JOIN PmPlugin_user ON s.UID = PmPlugin_user.UID  WHERE ( PluginState ='1' AND Num >0 ) ORDER BY UpdateTime desc,SID desc LIMIT 0,25   [ RunTime:0.0040s ]
SQL: SELECT COUNT(*) AS tp_count FROM `pmplugin_shop` LIMIT 1   [ RunTime:0.0010s ]
SQL: SHOW COLUMNS FROM `pmplugin_option` [ RunTime:0.0130s ]
SQL: SELECT `Value` FROM `pmplugin_option` WHERE ( Name = 'Slide' ) LIMIT 1   [ RunTime:0.0000s ]
INFO: [ view_parse ] --START--
INFO: [ template_filter ] --START--
INFO: Run Behavior\ContentReplaceBehavior [ RunTime:0.000000s ]
INFO: [ template_filter ] --END-- [ RunTime:0.000000s ]
SQL: SHOW COLUMNS FROM `pmplugin_user` [ RunTime:0.0100s ]
SQL: SELECT `Action` FROM `pmplugin_user` WHERE ( UID = '-1' ) LIMIT 1   [ RunTime:0.0000s ]
SQL: SELECT `UserState` FROM `pmplugin_user` WHERE ( UID = '-1' ) LIMIT 1   [ RunTime:0.0000s ]
SQL: SELECT `Value` FROM `pmplugin_option` WHERE ( Name = 'header_notice' ) LIMIT 1   [ RunTime:0.0010s ]
SQL: SELECT `Value` FROM `pmplugin_option` WHERE ( Name = 'header_notice' ) LIMIT 1   [ RunTime:0.0000s ]
SQL: SELECT `Value` FROM `pmplugin_option` WHERE ( Name = 'Widget' ) LIMIT 1   [ RunTime:0.0010s ]
INFO: Run Behavior\ParseTemplateBehavior [ RunTime:0.045003s ]
INFO: [ view_parse ] --END-- [ RunTime:0.045003s ]
INFO: [ view_filter ] --START--
INFO: Run Behavior\WriteHtmlCacheBehavior [ RunTime:0.001000s ]
INFO: [ view_filter ] --END-- [ RunTime:0.002000s ]
INFO: [ app_end ] --START--
INFO: Run Behavior\ShowPageTraceBehavior [ RunTime:0.002000s ]
INFO: [ app_end ] --END-- [ RunTime:0.002000s ]

[ 2016-12-23T21:20:38+08:00 ] 127.0.0.1 /Register.html
INFO: [ app_init ] --START--
INFO: Run Behavior\BuildLiteBehavior [ RunTime:0.000000s ]
INFO: [ app_init ] --END-- [ RunTime:0.001000s ]
INFO: [ app_begin ] --START--
INFO: Run Behavior\ReadHtmlCacheBehavior [ RunTime:0.002000s ]
INFO: [ app_begin ] --END-- [ RunTime:0.002000s ]
INFO: [ view_parse ] --START--
INFO: [ template_filter ] --START--
INFO: Run Behavior\ContentReplaceBehavior [ RunTime:0.000000s ]
INFO: [ template_filter ] --END-- [ RunTime:0.000000s ]
SQL: SHOW COLUMNS FROM `pmplugin_user` [ RunTime:0.0100s ]
SQL: SELECT `Action` FROM `pmplugin_user` WHERE ( UID = '-1' ) LIMIT 1   [ RunTime:0.0010s ]
SQL: SELECT `UserState` FROM `pmplugin_user` WHERE ( UID = '-1' ) LIMIT 1   [ RunTime:0.0000s ]
SQL: SHOW COLUMNS FROM `pmplugin_option` [ RunTime:0.0080s ]
SQL: SELECT `Value` FROM `pmplugin_option` WHERE ( Name = 'header_notice' ) LIMIT 1   [ RunTime:0.0010s ]
INFO: Run Behavior\ParseTemplateBehavior [ RunTime:0.056003s ]
INFO: [ view_parse ] --END-- [ RunTime:0.056003s ]
INFO: [ view_filter ] --START--
INFO: Run Behavior\WriteHtmlCacheBehavior [ RunTime:0.001000s ]
INFO: [ view_filter ] --END-- [ RunTime:0.001000s ]
INFO: [ app_end ] --START--
INFO: Run Behavior\ShowPageTraceBehavior [ RunTime:0.001000s ]
INFO: [ app_end ] --END-- [ RunTime:0.001000s ]

[ 2016-12-23T21:20:39+08:00 ] 127.0.0.1 /Register/Verify.html
INFO: [ app_init ] --START--
INFO: Run Behavior\BuildLiteBehavior [ RunTime:0.001000s ]
INFO: [ app_init ] --END-- [ RunTime:0.001000s ]
INFO: [ app_begin ] --START--
INFO: Run Behavior\ReadHtmlCacheBehavior [ RunTime:0.002001s ]
INFO: [ app_begin ] --END-- [ RunTime:0.002001s ]
INFO: [ app_end ] --START--
INFO: Run Behavior\ShowPageTraceBehavior [ RunTime:0.001000s ]
INFO: [ app_end ] --END-- [ RunTime:0.002000s ]

[ 2016-12-23T21:20:45+08:00 ] 127.0.0.1 /Register/Login
INFO: [ app_init ] --START--
INFO: Run Behavior\BuildLiteBehavior [ RunTime:0.000000s ]
INFO: [ app_init ] --END-- [ RunTime:0.001000s ]
INFO: [ app_begin ] --START--
INFO: Run Behavior\ReadHtmlCacheBehavior [ RunTime:0.001000s ]
INFO: [ app_begin ] --END-- [ RunTime:0.001000s ]
SQL: SHOW COLUMNS FROM `pmplugin_user` [ RunTime:0.0080s ]
SQL: SELECT * FROM `pmplugin_user` WHERE ( UserName ='admin' )  [ RunTime:0.0010s ]
SQL: UPDATE `pmplugin_user` SET `IfLock`='127.0.0.1',`LastLoginTime`='2016-12-23' WHERE ( UID = '2' ) [ RunTime:0.0010s ]
INFO: [ view_parse ] --START--
INFO: [ template_filter ] --START--
INFO: Run Behavior\ContentReplaceBehavior [ RunTime:0.000000s ]
INFO: [ template_filter ] --END-- [ RunTime:0.000000s ]
INFO: Run Behavior\ParseTemplateBehavior [ RunTime:0.012001s ]
INFO: [ view_parse ] --END-- [ RunTime:0.012001s ]
INFO: [ view_filter ] --START--
INFO: Run Behavior\WriteHtmlCacheBehavior [ RunTime:0.000000s ]
INFO: [ view_filter ] --END-- [ RunTime:0.000000s ]
INFO: [ app_end ] --START--
INFO: Run Behavior\ShowPageTraceBehavior [ RunTime:0.001000s ]
INFO: [ app_end ] --END-- [ RunTime:0.001000s ]

[ 2016-12-23T21:20:47+08:00 ] 127.0.0.1 /Index/index.html
INFO: [ app_init ] --START--
INFO: Run Behavior\BuildLiteBehavior [ RunTime:0.000000s ]
INFO: [ app_init ] --END-- [ RunTime:0.001000s ]
INFO: [ app_begin ] --START--
INFO: Run Behavior\ReadHtmlCacheBehavior [ RunTime:0.001000s ]
INFO: [ app_begin ] --END-- [ RunTime:0.001000s ]
SQL: SHOW COLUMNS FROM `pmplugin_user` [ RunTime:0.0120s ]
SQL: SELECT * FROM `pmplugin_user` WHERE `UserName` = 'admin' AND `UID` = 2 LIMIT 1   [ RunTime:0.0010s ]
SQL: SELECT * FROM `pmplugin_user` WHERE `UserName` = 'admin' AND `UID` = 2  [ RunTime:0.0010s ]
SQL: SHOW COLUMNS FROM `pmplugin_shop` [ RunTime:0.0140s ]
SQL: SELECT `UserName`,`ShopName`,`FindQQ`,`Version`,`Price`,`UpdateTime`,`Data`,`Sales`,`SID`,`Thumburl`,`Action`,`PlayerSolt`,`CPlayerSolt`,`MemaryLimit`,`DateLimit`,`Num`,`Content` FROM pmplugin_shop s INNER JOIN PmPlugin_user ON s.UID = PmPlugin_user.UID  WHERE ( PluginState ='1' AND Num >0 ) ORDER BY UpdateTime desc,SID desc LIMIT 0,25   [ RunTime:0.0010s ]
SQL: SELECT COUNT(*) AS tp_count FROM `pmplugin_shop` LIMIT 1   [ RunTime:0.0000s ]
SQL: SHOW COLUMNS FROM `pmplugin_option` [ RunTime:0.0140s ]
SQL: SELECT `Value` FROM `pmplugin_option` WHERE ( Name = 'Slide' ) LIMIT 1   [ RunTime:0.0000s ]
INFO: [ view_parse ] --START--
INFO: [ template_filter ] --START--
INFO: Run Behavior\ContentReplaceBehavior [ RunTime:0.000000s ]
INFO: [ template_filter ] --END-- [ RunTime:0.000000s ]
SQL: SELECT `Action` FROM `pmplugin_user` WHERE ( UID = '2' ) LIMIT 1   [ RunTime:0.0010s ]
SQL: SELECT `UserState` FROM `pmplugin_user` WHERE ( UID = '2' ) LIMIT 1   [ RunTime:0.0010s ]
SQL: SELECT `Value` FROM `pmplugin_option` WHERE ( Name = 'header_notice' ) LIMIT 1   [ RunTime:0.0000s ]
SQL: SELECT `Value` FROM `pmplugin_option` WHERE ( Name = 'header_notice' ) LIMIT 1   [ RunTime:0.0000s ]
SQL: SELECT `Value` FROM `pmplugin_option` WHERE ( Name = 'Widget' ) LIMIT 1   [ RunTime:0.0020s ]
INFO: Run Behavior\ParseTemplateBehavior [ RunTime:0.036002s ]
INFO: [ view_parse ] --END-- [ RunTime:0.036002s ]
INFO: [ view_filter ] --START--
INFO: Run Behavior\WriteHtmlCacheBehavior [ RunTime:0.002000s ]
INFO: [ view_filter ] --END-- [ RunTime:0.002000s ]
INFO: [ app_end ] --START--
INFO: Run Behavior\ShowPageTraceBehavior [ RunTime:0.002000s ]
INFO: [ app_end ] --END-- [ RunTime:0.002000s ]

