[ 2017-04-25T01:00:49+08:00 ] 157.55.39.62 /
INFO: [ app_init ] --START--
INFO: Run Behavior\BuildLiteBehavior [ RunTime:0.000028s ]
INFO: [ app_init ] --END-- [ RunTime:0.002254s ]
INFO: [ app_begin ] --START--
INFO: Run Behavior\ReadHtmlCacheBehavior [ RunTime:0.002822s ]
INFO: [ app_begin ] --END-- [ RunTime:0.002928s ]
SQL: SHOW COLUMNS FROM `mcs_server` [ RunTime:0.0107s ]
SQL: SELECT `UserName`,`ShopName`,`FindQQ`,`Version`,`Price`,`UpdateTime`,`Data`,`Sales`,`SID`,`Thumburl`,`Action`,`PlayerSolt`,`CPlayerSolt`,`MemaryLimit`,`DateLimit`,`Num`,`Content` FROM mcs_server s INNER JOIN mcs_user ON s.UID = mcs_user.UID  WHERE ( PluginState ='1' AND Num >0 ) ORDER BY UpdateTime desc,SID desc LIMIT 0,25   [ RunTime:0.0028s ]
SQL: SELECT COUNT(*) AS tp_count FROM `mcs_server` LIMIT 1   [ RunTime:0.0011s ]
SQL: SHOW COLUMNS FROM `mcs_option` [ RunTime:0.0097s ]
SQL: SELECT `Value` FROM `mcs_option` WHERE ( Name = 'Slide' ) LIMIT 1   [ RunTime:0.0012s ]
INFO: [ view_parse ] --START--
INFO: [ template_filter ] --START--
INFO: Run Behavior\ContentReplaceBehavior [ RunTime:0.000151s ]
INFO: [ template_filter ] --END-- [ RunTime:0.000242s ]
SQL: SHOW COLUMNS FROM `mcs_user` [ RunTime:0.0089s ]
SQL: SELECT `Action` FROM `mcs_user` WHERE ( UID = '-1' ) LIMIT 1   [ RunTime:0.0011s ]
SQL: SELECT `UserState` FROM `mcs_user` WHERE ( UID = '-1' ) LIMIT 1   [ RunTime:0.0010s ]
SQL: SELECT `Value` FROM `mcs_option` WHERE ( Name = 'header_notice' ) LIMIT 1   [ RunTime:0.0012s ]
SQL: SELECT `Value` FROM `mcs_option` WHERE ( Name = 'header_notice' ) LIMIT 1   [ RunTime:0.0010s ]
SQL: SELECT `Value` FROM `mcs_option` WHERE ( Name = 'Widget' ) LIMIT 1   [ RunTime:0.0015s ]
NOTIC: [2] Invalid argument supplied for foreach() E:\wwwroot\Xny66122012\wwwroot\Index\Index\Widget\ToolWidget.class.php 第 47 行.
INFO: Run Behavior\ParseTemplateBehavior [ RunTime:0.079162s ]
INFO: [ view_parse ] --END-- [ RunTime:0.079254s ]
INFO: [ view_filter ] --START--
INFO: Run Behavior\WriteHtmlCacheBehavior [ RunTime:0.001258s ]
INFO: [ view_filter ] --END-- [ RunTime:0.001334s ]
INFO: [ app_end ] --START--
INFO: Run Behavior\ShowPageTraceBehavior [ RunTime:0.002599s ]
INFO: [ app_end ] --END-- [ RunTime:0.002690s ]

[ 2017-04-25T05:18:10+08:00 ] 123.125.71.60 /
INFO: [ app_init ] --START--
INFO: Run Behavior\BuildLiteBehavior [ RunTime:0.000028s ]
INFO: [ app_init ] --END-- [ RunTime:0.002347s ]
INFO: [ app_begin ] --START--
INFO: Run Behavior\ReadHtmlCacheBehavior [ RunTime:0.003324s ]
INFO: [ app_begin ] --END-- [ RunTime:0.003431s ]
SQL: SHOW COLUMNS FROM `mcs_server` [ RunTime:0.0131s ]
SQL: SELECT `UserName`,`ShopName`,`FindQQ`,`Version`,`Price`,`UpdateTime`,`Data`,`Sales`,`SID`,`Thumburl`,`Action`,`PlayerSolt`,`CPlayerSolt`,`MemaryLimit`,`DateLimit`,`Num`,`Content` FROM mcs_server s INNER JOIN mcs_user ON s.UID = mcs_user.UID  WHERE ( PluginState ='1' AND Num >0 ) ORDER BY UpdateTime desc,SID desc LIMIT 0,25   [ RunTime:0.0012s ]
SQL: SELECT COUNT(*) AS tp_count FROM `mcs_server` LIMIT 1   [ RunTime:0.0012s ]
SQL: SHOW COLUMNS FROM `mcs_option` [ RunTime:0.0095s ]
SQL: SELECT `Value` FROM `mcs_option` WHERE ( Name = 'Slide' ) LIMIT 1   [ RunTime:0.0011s ]
INFO: [ view_parse ] --START--
INFO: [ template_filter ] --START--
INFO: Run Behavior\ContentReplaceBehavior [ RunTime:0.000152s ]
INFO: [ template_filter ] --END-- [ RunTime:0.000241s ]
SQL: SHOW COLUMNS FROM `mcs_user` [ RunTime:0.0099s ]
SQL: SELECT `Action` FROM `mcs_user` WHERE ( UID = '-1' ) LIMIT 1   [ RunTime:0.0012s ]
SQL: SELECT `UserState` FROM `mcs_user` WHERE ( UID = '-1' ) LIMIT 1   [ RunTime:0.0010s ]
SQL: SELECT `Value` FROM `mcs_option` WHERE ( Name = 'header_notice' ) LIMIT 1   [ RunTime:0.0010s ]
SQL: SELECT `Value` FROM `mcs_option` WHERE ( Name = 'header_notice' ) LIMIT 1   [ RunTime:0.0011s ]
SQL: SELECT `Value` FROM `mcs_option` WHERE ( Name = 'Widget' ) LIMIT 1   [ RunTime:0.0012s ]
NOTIC: [2] Invalid argument supplied for foreach() E:\wwwroot\Xny66122012\wwwroot\Index\Index\Widget\ToolWidget.class.php 第 47 行.
INFO: Run Behavior\ParseTemplateBehavior [ RunTime:0.092056s ]
INFO: [ view_parse ] --END-- [ RunTime:0.092146s ]
INFO: [ view_filter ] --START--
INFO: Run Behavior\WriteHtmlCacheBehavior [ RunTime:0.002674s ]
INFO: [ view_filter ] --END-- [ RunTime:0.002761s ]
INFO: [ app_end ] --START--
INFO: Run Behavior\ShowPageTraceBehavior [ RunTime:0.003311s ]
INFO: [ app_end ] --END-- [ RunTime:0.003415s ]

[ 2017-04-25T12:08:45+08:00 ] 61.142.176.20 /
INFO: [ app_init ] --START--
INFO: Run Behavior\BuildLiteBehavior [ RunTime:0.000028s ]
INFO: [ app_init ] --END-- [ RunTime:0.002379s ]
INFO: [ app_begin ] --START--
INFO: Run Behavior\ReadHtmlCacheBehavior [ RunTime:0.003156s ]
INFO: [ app_begin ] --END-- [ RunTime:0.003263s ]
SQL: SHOW COLUMNS FROM `mcs_server` [ RunTime:0.0107s ]
SQL: SELECT `UserName`,`ShopName`,`FindQQ`,`Version`,`Price`,`UpdateTime`,`Data`,`Sales`,`SID`,`Thumburl`,`Action`,`PlayerSolt`,`CPlayerSolt`,`MemaryLimit`,`DateLimit`,`Num`,`Content` FROM mcs_server s INNER JOIN mcs_user ON s.UID = mcs_user.UID  WHERE ( PluginState ='1' AND Num >0 ) ORDER BY UpdateTime desc,SID desc LIMIT 0,25   [ RunTime:0.0013s ]
SQL: SELECT COUNT(*) AS tp_count FROM `mcs_server` LIMIT 1   [ RunTime:0.0011s ]
SQL: SHOW COLUMNS FROM `mcs_option` [ RunTime:0.0094s ]
SQL: SELECT `Value` FROM `mcs_option` WHERE ( Name = 'Slide' ) LIMIT 1   [ RunTime:0.0013s ]
INFO: [ view_parse ] --START--
INFO: [ template_filter ] --START--
INFO: Run Behavior\ContentReplaceBehavior [ RunTime:0.000146s ]
INFO: [ template_filter ] --END-- [ RunTime:0.000233s ]
SQL: SHOW COLUMNS FROM `mcs_user` [ RunTime:0.0100s ]
SQL: SELECT `Action` FROM `mcs_user` WHERE ( UID = '-1' ) LIMIT 1   [ RunTime:0.0009s ]
SQL: SELECT `UserState` FROM `mcs_user` WHERE ( UID = '-1' ) LIMIT 1   [ RunTime:0.0009s ]
SQL: SELECT `Value` FROM `mcs_option` WHERE ( Name = 'header_notice' ) LIMIT 1   [ RunTime:0.0010s ]
SQL: SELECT `Value` FROM `mcs_option` WHERE ( Name = 'header_notice' ) LIMIT 1   [ RunTime:0.0010s ]
SQL: SELECT `Value` FROM `mcs_option` WHERE ( Name = 'Widget' ) LIMIT 1   [ RunTime:0.0013s ]
NOTIC: [2] Invalid argument supplied for foreach() E:\wwwroot\Xny66122012\wwwroot\Index\Index\Widget\ToolWidget.class.php 第 47 行.
INFO: Run Behavior\ParseTemplateBehavior [ RunTime:0.083710s ]
INFO: [ view_parse ] --END-- [ RunTime:0.083801s ]
INFO: [ view_filter ] --START--
INFO: Run Behavior\WriteHtmlCacheBehavior [ RunTime:0.001961s ]
INFO: [ view_filter ] --END-- [ RunTime:0.002044s ]
INFO: [ app_end ] --START--
INFO: Run Behavior\ShowPageTraceBehavior [ RunTime:0.002944s ]
INFO: [ app_end ] --END-- [ RunTime:0.003041s ]

