[ 2017-04-24T03:08:36+08:00 ] 123.125.71.76 /Shop/1.html
INFO: [ app_init ] --START--
INFO: Run Behavior\BuildLiteBehavior [ RunTime:0.000027s ]
INFO: [ app_init ] --END-- [ RunTime:0.001562s ]
INFO: [ app_begin ] --START--
INFO: Run Behavior\ReadHtmlCacheBehavior [ RunTime:0.002196s ]
INFO: [ app_begin ] --END-- [ RunTime:0.002296s ]
SQL: SHOW COLUMNS FROM `mcs_comment` [ RunTime:0.0139s ]
SQL: SELECT COUNT(*) AS tp_count FROM `mcs_comment` WHERE ( shopid = '1' and parentcomid=0 ) LIMIT 1   [ RunTime:0.0011s ]
SQL: SELECT `level` FROM `mcs_comment` WHERE ( shopid = '1' )  [ RunTime:0.0009s ]
ERR: SQLSTATE[42S02]: Base table or view not found: 1146 Table 'mysql36630595_db.mcs_shop' doesn't exist

[ 2017-04-24T06:30:44+08:00 ] 157.55.39.62 /
INFO: [ app_init ] --START--
INFO: Run Behavior\BuildLiteBehavior [ RunTime:0.000026s ]
INFO: [ app_init ] --END-- [ RunTime:0.001552s ]
INFO: [ app_begin ] --START--
INFO: Run Behavior\ReadHtmlCacheBehavior [ RunTime:0.002370s ]
INFO: [ app_begin ] --END-- [ RunTime:0.002472s ]
SQL: SHOW COLUMNS FROM `mcs_server` [ RunTime:0.0107s ]
SQL: SELECT `UserName`,`ShopName`,`FindQQ`,`Version`,`Price`,`UpdateTime`,`Data`,`Sales`,`SID`,`Thumburl`,`Action`,`PlayerSolt`,`CPlayerSolt`,`MemaryLimit`,`DateLimit`,`Num`,`Content` FROM mcs_server s INNER JOIN mcs_user ON s.UID = mcs_user.UID  WHERE ( PluginState ='1' AND Num >0 ) ORDER BY UpdateTime desc,SID desc LIMIT 0,25   [ RunTime:0.0013s ]
SQL: SELECT COUNT(*) AS tp_count FROM `mcs_server` LIMIT 1   [ RunTime:0.0010s ]
SQL: SHOW COLUMNS FROM `mcs_option` [ RunTime:0.0093s ]
SQL: SELECT `Value` FROM `mcs_option` WHERE ( Name = 'Slide' ) LIMIT 1   [ RunTime:0.0009s ]
INFO: [ view_parse ] --START--
INFO: [ template_filter ] --START--
INFO: Run Behavior\ContentReplaceBehavior [ RunTime:0.000150s ]
INFO: [ template_filter ] --END-- [ RunTime:0.000241s ]
SQL: SHOW COLUMNS FROM `mcs_user` [ RunTime:0.0121s ]
SQL: SELECT `Action` FROM `mcs_user` WHERE ( UID = '-1' ) LIMIT 1   [ RunTime:0.0034s ]
SQL: SELECT `UserState` FROM `mcs_user` WHERE ( UID = '-1' ) LIMIT 1   [ RunTime:0.0037s ]
SQL: SELECT `Value` FROM `mcs_option` WHERE ( Name = 'header_notice' ) LIMIT 1   [ RunTime:0.0076s ]
SQL: SELECT `Value` FROM `mcs_option` WHERE ( Name = 'header_notice' ) LIMIT 1   [ RunTime:0.0070s ]
SQL: SELECT `Value` FROM `mcs_option` WHERE ( Name = 'Widget' ) LIMIT 1   [ RunTime:0.0046s ]
NOTIC: [2] Invalid argument supplied for foreach() E:\wwwroot\Xny66122012\wwwroot\Index\Index\Widget\ToolWidget.class.php 第 47 行.
INFO: Run Behavior\ParseTemplateBehavior [ RunTime:0.100950s ]
INFO: [ view_parse ] --END-- [ RunTime:0.101047s ]
INFO: [ view_filter ] --START--
INFO: Run Behavior\WriteHtmlCacheBehavior [ RunTime:0.001698s ]
INFO: [ view_filter ] --END-- [ RunTime:0.001781s ]
INFO: [ app_end ] --START--
INFO: Run Behavior\ShowPageTraceBehavior [ RunTime:0.002799s ]
INFO: [ app_end ] --END-- [ RunTime:0.002893s ]

