[ 2017-04-09T11:33:36+08:00 ] 61.142.176.20 /
INFO: [ app_init ] --START--
INFO: Run Behavior\BuildLiteBehavior [ RunTime:0.000026s ]
INFO: [ app_init ] --END-- [ RunTime:0.002514s ]
INFO: [ app_begin ] --START--
INFO: Run Behavior\ReadHtmlCacheBehavior [ RunTime:0.002562s ]
INFO: [ app_begin ] --END-- [ RunTime:0.002668s ]
SQL: SHOW COLUMNS FROM `mcs_server` [ RunTime:0.0114s ]
SQL: SELECT `UserName`,`ShopName`,`FindQQ`,`Version`,`Price`,`UpdateTime`,`Data`,`Sales`,`SID`,`Thumburl`,`Action`,`PlayerSolt`,`CPlayerSolt`,`MemaryLimit`,`DateLimit`,`Num`,`Content` FROM mcs_server s INNER JOIN mcs_user ON s.UID = mcs_user.UID  WHERE ( PluginState ='1' AND Num >0 ) ORDER BY UpdateTime desc,SID desc LIMIT 0,25   [ RunTime:0.0032s ]
SQL: SELECT COUNT(*) AS tp_count FROM `mcs_server` LIMIT 1   [ RunTime:0.0012s ]
SQL: SHOW COLUMNS FROM `mcs_option` [ RunTime:0.0095s ]
SQL: SELECT `Value` FROM `mcs_option` WHERE ( Name = 'Slide' ) LIMIT 1   [ RunTime:0.0017s ]
INFO: [ view_parse ] --START--
INFO: [ template_filter ] --START--
INFO: Run Behavior\ContentReplaceBehavior [ RunTime:0.000153s ]
INFO: [ template_filter ] --END-- [ RunTime:0.000243s ]
SQL: SHOW COLUMNS FROM `mcs_user` [ RunTime:0.0090s ]
SQL: SELECT `Action` FROM `mcs_user` WHERE ( UID = '-1' ) LIMIT 1   [ RunTime:0.0015s ]
SQL: SELECT `UserState` FROM `mcs_user` WHERE ( UID = '-1' ) LIMIT 1   [ RunTime:0.0012s ]
SQL: SELECT `Value` FROM `mcs_option` WHERE ( Name = 'header_notice' ) LIMIT 1   [ RunTime:0.0015s ]
SQL: SELECT `Value` FROM `mcs_option` WHERE ( Name = 'header_notice' ) LIMIT 1   [ RunTime:0.0011s ]
SQL: SELECT `Value` FROM `mcs_option` WHERE ( Name = 'Widget' ) LIMIT 1   [ RunTime:0.0012s ]
NOTIC: [2] Invalid argument supplied for foreach() E:\wwwroot\Xny66122012\wwwroot\Index\Index\Widget\ToolWidget.class.php 第 47 行.
INFO: Run Behavior\ParseTemplateBehavior [ RunTime:0.110720s ]
INFO: [ view_parse ] --END-- [ RunTime:0.110810s ]
INFO: [ view_filter ] --START--
INFO: Run Behavior\WriteHtmlCacheBehavior [ RunTime:0.002420s ]
INFO: [ view_filter ] --END-- [ RunTime:0.002505s ]
INFO: [ app_end ] --START--
INFO: Run Behavior\ShowPageTraceBehavior [ RunTime:0.003552s ]
INFO: [ app_end ] --END-- [ RunTime:0.003652s ]

