[ 2017-04-11T11:04:31+08:00 ] 49.79.59.53 /
INFO: [ app_init ] --START--
INFO: Run Behavior\BuildLiteBehavior [ RunTime:0.000026s ]
INFO: [ app_init ] --END-- [ RunTime:0.004867s ]
INFO: [ app_begin ] --START--
INFO: Run Behavior\ReadHtmlCacheBehavior [ RunTime:0.003747s ]
INFO: [ app_begin ] --END-- [ RunTime:0.003854s ]
SQL: SHOW COLUMNS FROM `mcs_server` [ RunTime:0.0112s ]
SQL: SELECT `UserName`,`ShopName`,`FindQQ`,`Version`,`Price`,`UpdateTime`,`Data`,`Sales`,`SID`,`Thumburl`,`Action`,`PlayerSolt`,`CPlayerSolt`,`MemaryLimit`,`DateLimit`,`Num`,`Content` FROM mcs_server s INNER JOIN mcs_user ON s.UID = mcs_user.UID  WHERE ( PluginState ='1' AND Num >0 ) ORDER BY UpdateTime desc,SID desc LIMIT 0,25   [ RunTime:0.0039s ]
SQL: SELECT COUNT(*) AS tp_count FROM `mcs_server` LIMIT 1   [ RunTime:0.0011s ]
SQL: SHOW COLUMNS FROM `mcs_option` [ RunTime:0.0097s ]
SQL: SELECT `Value` FROM `mcs_option` WHERE ( Name = 'Slide' ) LIMIT 1   [ RunTime:0.0012s ]
INFO: [ view_parse ] --START--
INFO: [ template_filter ] --START--
INFO: Run Behavior\ContentReplaceBehavior [ RunTime:0.000155s ]
INFO: [ template_filter ] --END-- [ RunTime:0.000243s ]
SQL: SHOW COLUMNS FROM `mcs_user` [ RunTime:0.0088s ]
SQL: SELECT `Action` FROM `mcs_user` WHERE ( UID = '-1' ) LIMIT 1   [ RunTime:0.0011s ]
SQL: SELECT `UserState` FROM `mcs_user` WHERE ( UID = '-1' ) LIMIT 1   [ RunTime:0.0013s ]
SQL: SELECT `Value` FROM `mcs_option` WHERE ( Name = 'header_notice' ) LIMIT 1   [ RunTime:0.0011s ]
SQL: SELECT `Value` FROM `mcs_option` WHERE ( Name = 'header_notice' ) LIMIT 1   [ RunTime:0.0009s ]
SQL: SELECT `Value` FROM `mcs_option` WHERE ( Name = 'Widget' ) LIMIT 1   [ RunTime:0.0013s ]
NOTIC: [2] Invalid argument supplied for foreach() E:\wwwroot\Xny66122012\wwwroot\Index\Index\Widget\ToolWidget.class.php 第 47 行.
INFO: Run Behavior\ParseTemplateBehavior [ RunTime:0.117309s ]
INFO: [ view_parse ] --END-- [ RunTime:0.117399s ]
INFO: [ view_filter ] --START--
INFO: Run Behavior\WriteHtmlCacheBehavior [ RunTime:0.002486s ]
INFO: [ view_filter ] --END-- [ RunTime:0.002570s ]
INFO: [ app_end ] --START--
INFO: Run Behavior\ShowPageTraceBehavior [ RunTime:0.003622s ]
INFO: [ app_end ] --END-- [ RunTime:0.003719s ]

[ 2017-04-11T11:31:40+08:00 ] 49.79.56.193 /
INFO: [ app_init ] --START--
INFO: Run Behavior\BuildLiteBehavior [ RunTime:0.000027s ]
INFO: [ app_init ] --END-- [ RunTime:0.002095s ]
INFO: [ app_begin ] --START--
INFO: Run Behavior\ReadHtmlCacheBehavior [ RunTime:0.002198s ]
INFO: [ app_begin ] --END-- [ RunTime:0.002303s ]
SQL: SHOW COLUMNS FROM `mcs_server` [ RunTime:0.0108s ]
SQL: SELECT `UserName`,`ShopName`,`FindQQ`,`Version`,`Price`,`UpdateTime`,`Data`,`Sales`,`SID`,`Thumburl`,`Action`,`PlayerSolt`,`CPlayerSolt`,`MemaryLimit`,`DateLimit`,`Num`,`Content` FROM mcs_server s INNER JOIN mcs_user ON s.UID = mcs_user.UID  WHERE ( PluginState ='1' AND Num >0 ) ORDER BY UpdateTime desc,SID desc LIMIT 0,25   [ RunTime:0.0012s ]
SQL: SELECT COUNT(*) AS tp_count FROM `mcs_server` LIMIT 1   [ RunTime:0.0010s ]
SQL: SHOW COLUMNS FROM `mcs_option` [ RunTime:0.0093s ]
SQL: SELECT `Value` FROM `mcs_option` WHERE ( Name = 'Slide' ) LIMIT 1   [ RunTime:0.0010s ]
INFO: [ view_parse ] --START--
INFO: [ template_filter ] --START--
INFO: Run Behavior\ContentReplaceBehavior [ RunTime:0.000148s ]
INFO: [ template_filter ] --END-- [ RunTime:0.000232s ]
SQL: SHOW COLUMNS FROM `mcs_user` [ RunTime:0.0097s ]
SQL: SELECT `Action` FROM `mcs_user` WHERE ( UID = '-1' ) LIMIT 1   [ RunTime:0.0012s ]
SQL: SELECT `UserState` FROM `mcs_user` WHERE ( UID = '-1' ) LIMIT 1   [ RunTime:0.0010s ]
SQL: SELECT `Value` FROM `mcs_option` WHERE ( Name = 'header_notice' ) LIMIT 1   [ RunTime:0.0011s ]
SQL: SELECT `Value` FROM `mcs_option` WHERE ( Name = 'header_notice' ) LIMIT 1   [ RunTime:0.0011s ]
SQL: SELECT `Value` FROM `mcs_option` WHERE ( Name = 'Widget' ) LIMIT 1   [ RunTime:0.0012s ]
NOTIC: [2] Invalid argument supplied for foreach() E:\wwwroot\Xny66122012\wwwroot\Index\Index\Widget\ToolWidget.class.php 第 47 行.
INFO: Run Behavior\ParseTemplateBehavior [ RunTime:0.073459s ]
INFO: [ view_parse ] --END-- [ RunTime:0.073545s ]
INFO: [ view_filter ] --START--
INFO: Run Behavior\WriteHtmlCacheBehavior [ RunTime:0.001762s ]
INFO: [ view_filter ] --END-- [ RunTime:0.001846s ]
INFO: [ app_end ] --START--
INFO: Run Behavior\ShowPageTraceBehavior [ RunTime:0.002596s ]
INFO: [ app_end ] --END-- [ RunTime:0.002696s ]

[ 2017-04-11T12:08:07+08:00 ] 61.142.176.20 /
INFO: [ app_init ] --START--
INFO: Run Behavior\BuildLiteBehavior [ RunTime:0.000027s ]
INFO: [ app_init ] --END-- [ RunTime:0.001662s ]
INFO: [ app_begin ] --START--
INFO: Run Behavior\ReadHtmlCacheBehavior [ RunTime:0.002175s ]
INFO: [ app_begin ] --END-- [ RunTime:0.002277s ]
SQL: SHOW COLUMNS FROM `mcs_server` [ RunTime:0.0112s ]
SQL: SELECT `UserName`,`ShopName`,`FindQQ`,`Version`,`Price`,`UpdateTime`,`Data`,`Sales`,`SID`,`Thumburl`,`Action`,`PlayerSolt`,`CPlayerSolt`,`MemaryLimit`,`DateLimit`,`Num`,`Content` FROM mcs_server s INNER JOIN mcs_user ON s.UID = mcs_user.UID  WHERE ( PluginState ='1' AND Num >0 ) ORDER BY UpdateTime desc,SID desc LIMIT 0,25   [ RunTime:0.0013s ]
SQL: SELECT COUNT(*) AS tp_count FROM `mcs_server` LIMIT 1   [ RunTime:0.0011s ]
SQL: SHOW COLUMNS FROM `mcs_option` [ RunTime:0.0093s ]
SQL: SELECT `Value` FROM `mcs_option` WHERE ( Name = 'Slide' ) LIMIT 1   [ RunTime:0.0011s ]
INFO: [ view_parse ] --START--
INFO: [ template_filter ] --START--
INFO: Run Behavior\ContentReplaceBehavior [ RunTime:0.000148s ]
INFO: [ template_filter ] --END-- [ RunTime:0.000234s ]
SQL: SHOW COLUMNS FROM `mcs_user` [ RunTime:0.0098s ]
SQL: SELECT `Action` FROM `mcs_user` WHERE ( UID = '-1' ) LIMIT 1   [ RunTime:0.0010s ]
SQL: SELECT `UserState` FROM `mcs_user` WHERE ( UID = '-1' ) LIMIT 1   [ RunTime:0.0011s ]
SQL: SELECT `Value` FROM `mcs_option` WHERE ( Name = 'header_notice' ) LIMIT 1   [ RunTime:0.0010s ]
SQL: SELECT `Value` FROM `mcs_option` WHERE ( Name = 'header_notice' ) LIMIT 1   [ RunTime:0.0011s ]
SQL: SELECT `Value` FROM `mcs_option` WHERE ( Name = 'Widget' ) LIMIT 1   [ RunTime:0.0011s ]
NOTIC: [2] Invalid argument supplied for foreach() E:\wwwroot\Xny66122012\wwwroot\Index\Index\Widget\ToolWidget.class.php 第 47 行.
INFO: Run Behavior\ParseTemplateBehavior [ RunTime:0.072427s ]
INFO: [ view_parse ] --END-- [ RunTime:0.072507s ]
INFO: [ view_filter ] --START--
INFO: Run Behavior\WriteHtmlCacheBehavior [ RunTime:0.001562s ]
INFO: [ view_filter ] --END-- [ RunTime:0.001644s ]
INFO: [ app_end ] --START--
INFO: Run Behavior\ShowPageTraceBehavior [ RunTime:0.002681s ]
INFO: [ app_end ] --END-- [ RunTime:0.002811s ]

