[ 2017-04-12T01:25:01+08:00 ] 40.77.167.44 /
INFO: [ app_init ] --START--
INFO: Run Behavior\BuildLiteBehavior [ RunTime:0.000025s ]
INFO: [ app_init ] --END-- [ RunTime:0.002469s ]
INFO: [ app_begin ] --START--
INFO: Run Behavior\ReadHtmlCacheBehavior [ RunTime:0.002667s ]
INFO: [ app_begin ] --END-- [ RunTime:0.002765s ]
SQL: SHOW COLUMNS FROM `mcs_server` [ RunTime:0.0114s ]
SQL: SELECT `UserName`,`ShopName`,`FindQQ`,`Version`,`Price`,`UpdateTime`,`Data`,`Sales`,`SID`,`Thumburl`,`Action`,`PlayerSolt`,`CPlayerSolt`,`MemaryLimit`,`DateLimit`,`Num`,`Content` FROM mcs_server s INNER JOIN mcs_user ON s.UID = mcs_user.UID  WHERE ( PluginState ='1' AND Num >0 ) ORDER BY UpdateTime desc,SID desc LIMIT 0,25   [ RunTime:0.0016s ]
SQL: SELECT COUNT(*) AS tp_count FROM `mcs_server` LIMIT 1   [ RunTime:0.0010s ]
SQL: SHOW COLUMNS FROM `mcs_option` [ RunTime:0.0093s ]
SQL: SELECT `Value` FROM `mcs_option` WHERE ( Name = 'Slide' ) LIMIT 1   [ RunTime:0.0011s ]
INFO: [ view_parse ] --START--
INFO: [ template_filter ] --START--
INFO: Run Behavior\ContentReplaceBehavior [ RunTime:0.000150s ]
INFO: [ template_filter ] --END-- [ RunTime:0.000234s ]
SQL: SHOW COLUMNS FROM `mcs_user` [ RunTime:0.0098s ]
SQL: SELECT `Action` FROM `mcs_user` WHERE ( UID = '-1' ) LIMIT 1   [ RunTime:0.0009s ]
SQL: SELECT `UserState` FROM `mcs_user` WHERE ( UID = '-1' ) LIMIT 1   [ RunTime:0.0010s ]
SQL: SELECT `Value` FROM `mcs_option` WHERE ( Name = 'header_notice' ) LIMIT 1   [ RunTime:0.0012s ]
SQL: SELECT `Value` FROM `mcs_option` WHERE ( Name = 'header_notice' ) LIMIT 1   [ RunTime:0.0011s ]
SQL: SELECT `Value` FROM `mcs_option` WHERE ( Name = 'Widget' ) LIMIT 1   [ RunTime:0.0011s ]
NOTIC: [2] Invalid argument supplied for foreach() E:\wwwroot\Xny66122012\wwwroot\Index\Index\Widget\ToolWidget.class.php 第 47 行.
INFO: Run Behavior\ParseTemplateBehavior [ RunTime:0.084266s ]
INFO: [ view_parse ] --END-- [ RunTime:0.084364s ]
INFO: [ view_filter ] --START--
INFO: Run Behavior\WriteHtmlCacheBehavior [ RunTime:0.001827s ]
INFO: [ view_filter ] --END-- [ RunTime:0.001910s ]
INFO: [ app_end ] --START--
INFO: Run Behavior\ShowPageTraceBehavior [ RunTime:0.002734s ]
INFO: [ app_end ] --END-- [ RunTime:0.002833s ]

[ 2017-04-12T17:49:24+08:00 ] 123.125.71.50 /
INFO: [ app_init ] --START--
INFO: Run Behavior\BuildLiteBehavior [ RunTime:0.000028s ]
INFO: [ app_init ] --END-- [ RunTime:0.002344s ]
INFO: [ app_begin ] --START--
INFO: Run Behavior\ReadHtmlCacheBehavior [ RunTime:0.002908s ]
INFO: [ app_begin ] --END-- [ RunTime:0.003015s ]
SQL: SHOW COLUMNS FROM `mcs_server` [ RunTime:0.0109s ]
SQL: SELECT `UserName`,`ShopName`,`FindQQ`,`Version`,`Price`,`UpdateTime`,`Data`,`Sales`,`SID`,`Thumburl`,`Action`,`PlayerSolt`,`CPlayerSolt`,`MemaryLimit`,`DateLimit`,`Num`,`Content` FROM mcs_server s INNER JOIN mcs_user ON s.UID = mcs_user.UID  WHERE ( PluginState ='1' AND Num >0 ) ORDER BY UpdateTime desc,SID desc LIMIT 0,25   [ RunTime:0.0013s ]
SQL: SELECT COUNT(*) AS tp_count FROM `mcs_server` LIMIT 1   [ RunTime:0.0010s ]
SQL: SHOW COLUMNS FROM `mcs_option` [ RunTime:0.0090s ]
SQL: SELECT `Value` FROM `mcs_option` WHERE ( Name = 'Slide' ) LIMIT 1   [ RunTime:0.0011s ]
INFO: [ view_parse ] --START--
INFO: [ template_filter ] --START--
INFO: Run Behavior\ContentReplaceBehavior [ RunTime:0.000151s ]
INFO: [ template_filter ] --END-- [ RunTime:0.000235s ]
SQL: SHOW COLUMNS FROM `mcs_user` [ RunTime:0.0101s ]
SQL: SELECT `Action` FROM `mcs_user` WHERE ( UID = '-1' ) LIMIT 1   [ RunTime:0.0011s ]
SQL: SELECT `UserState` FROM `mcs_user` WHERE ( UID = '-1' ) LIMIT 1   [ RunTime:0.0012s ]
SQL: SELECT `Value` FROM `mcs_option` WHERE ( Name = 'header_notice' ) LIMIT 1   [ RunTime:0.0010s ]
SQL: SELECT `Value` FROM `mcs_option` WHERE ( Name = 'header_notice' ) LIMIT 1   [ RunTime:0.0010s ]
SQL: SELECT `Value` FROM `mcs_option` WHERE ( Name = 'Widget' ) LIMIT 1   [ RunTime:0.0016s ]
NOTIC: [2] Invalid argument supplied for foreach() E:\wwwroot\Xny66122012\wwwroot\Index\Index\Widget\ToolWidget.class.php 第 47 行.
INFO: Run Behavior\ParseTemplateBehavior [ RunTime:0.084230s ]
INFO: [ view_parse ] --END-- [ RunTime:0.084327s ]
INFO: [ view_filter ] --START--
INFO: Run Behavior\WriteHtmlCacheBehavior [ RunTime:0.002123s ]
INFO: [ view_filter ] --END-- [ RunTime:0.002207s ]
INFO: [ app_end ] --START--
INFO: Run Behavior\ShowPageTraceBehavior [ RunTime:0.003330s ]
INFO: [ app_end ] --END-- [ RunTime:0.003427s ]

[ 2017-04-12T17:49:38+08:00 ] 111.206.221.84 /Tools/js.html
INFO: [ app_init ] --START--
INFO: Run Behavior\BuildLiteBehavior [ RunTime:0.000026s ]
INFO: [ app_init ] --END-- [ RunTime:0.000210s ]
INFO: [ app_begin ] --START--
INFO: Run Behavior\ReadHtmlCacheBehavior [ RunTime:0.000160s ]
INFO: [ app_begin ] --END-- [ RunTime:0.000247s ]
INFO: [ view_parse ] --START--
INFO: [ template_filter ] --START--
INFO: Run Behavior\ContentReplaceBehavior [ RunTime:0.000109s ]
INFO: [ template_filter ] --END-- [ RunTime:0.000201s ]
INFO: Run Behavior\ParseTemplateBehavior [ RunTime:0.011288s ]
INFO: [ view_parse ] --END-- [ RunTime:0.011391s ]
INFO: [ view_filter ] --START--
INFO: Run Behavior\WriteHtmlCacheBehavior [ RunTime:0.000763s ]
INFO: [ view_filter ] --END-- [ RunTime:0.000836s ]
INFO: [ app_end ] --START--
INFO: Run Behavior\ShowPageTraceBehavior [ RunTime:0.000716s ]
INFO: [ app_end ] --END-- [ RunTime:0.000791s ]

