[ 2017-05-12T22:07:10+08:00 ] 223.74.166.162 /Admin/index.html
INFO: [ app_init ] --START--
INFO: Run Behavior\BuildLiteBehavior [ RunTime:0.000023s ]
INFO: [ app_init ] --END-- [ RunTime:0.000166s ]
INFO: [ app_begin ] --START--
INFO: Run Behavior\ReadHtmlCacheBehavior [ RunTime:0.000792s ]
INFO: [ app_begin ] --END-- [ RunTime:0.000888s ]
SQL: SHOW COLUMNS FROM `pdc_user` [ RunTime:0.0099s ]
SQL: SELECT * FROM `pdc_user` WHERE `UserName` = 'HyperLife' AND `UID` = 3 LIMIT 1   [ RunTime:0.0012s ]
SQL: SELECT `Action` FROM `pdc_user` WHERE ( uid = 3 ) LIMIT 1   [ RunTime:0.0014s ]
SQL: SELECT * FROM `pdc_user` WHERE `UserName` = 'HyperLife' AND `UID` = 3 LIMIT 1   [ RunTime:0.0016s ]
SQL: SELECT * FROM `pdc_user` WHERE ( action = 11 ) LIMIT 1   [ RunTime:0.0013s ]
SQL: SHOW COLUMNS FROM `pdc_message` [ RunTime:0.0097s ]
SQL: SELECT COUNT(*) AS tp_count FROM `pdc_message` WHERE ( receiveuid = 1  and type='0' and state='0' ) LIMIT 1   [ RunTime:0.0010s ]
SQL: SELECT COUNT(*) AS tp_count FROM `pdc_message` WHERE ( receiveuid = 1  and type='0' and state='0' ) LIMIT 1   [ RunTime:0.0010s ]
SQL: SELECT COUNT(*) AS tp_count FROM `pdc_message` WHERE ( receiveuid = 1  and type='0' and state='1' ) LIMIT 1   [ RunTime:0.0010s ]
SQL: SELECT COUNT(*) AS tp_count FROM `pdc_user` LIMIT 1   [ RunTime:0.0011s ]
SQL: SHOW COLUMNS FROM `pdc_comment` [ RunTime:0.0088s ]
SQL: SELECT COUNT(*) AS tp_count FROM `pdc_comment` LIMIT 1   [ RunTime:0.0023s ]
SQL: SHOW COLUMNS FROM `pdc_plugin` [ RunTime:0.0095s ]
SQL: SELECT COUNT(*) AS tp_count FROM `pdc_plugin` LIMIT 1   [ RunTime:0.0010s ]
INFO: [ view_parse ] --START--
INFO: [ template_filter ] --START--
INFO: Run Behavior\ContentReplaceBehavior [ RunTime:0.000187s ]
INFO: [ template_filter ] --END-- [ RunTime:0.000272s ]
INFO: Run Behavior\ParseTemplateBehavior [ RunTime:0.025532s ]
INFO: [ view_parse ] --END-- [ RunTime:0.025640s ]
INFO: [ view_filter ] --START--
INFO: Run Behavior\WriteHtmlCacheBehavior [ RunTime:0.000931s ]
INFO: [ view_filter ] --END-- [ RunTime:0.001013s ]
INFO: [ app_end ] --START--
INFO: Run Behavior\ShowPageTraceBehavior [ RunTime:0.000946s ]
INFO: [ app_end ] --END-- [ RunTime:0.001060s ]

[ 2017-05-12T22:07:23+08:00 ] 223.74.166.162 /admin/index/plugincheck.html
INFO: [ app_init ] --START--
INFO: Run Behavior\BuildLiteBehavior [ RunTime:0.000024s ]
INFO: [ app_init ] --END-- [ RunTime:0.000369s ]
INFO: [ app_begin ] --START--
INFO: Run Behavior\ReadHtmlCacheBehavior [ RunTime:0.001066s ]
INFO: [ app_begin ] --END-- [ RunTime:0.001161s ]
SQL: SHOW COLUMNS FROM `pdc_user` [ RunTime:0.0119s ]
SQL: SELECT * FROM `pdc_user` WHERE `UserName` = 'HyperLife' AND `UID` = 3 LIMIT 1   [ RunTime:0.0033s ]
SQL: SELECT `Action` FROM `pdc_user` WHERE ( uid = 3 ) LIMIT 1   [ RunTime:0.0026s ]
SQL: SELECT * FROM `pdc_user` WHERE `UserName` = 'HyperLife' AND `UID` = 3 LIMIT 1   [ RunTime:0.0017s ]
SQL: SELECT * FROM `pdc_user` WHERE ( action = 11 ) LIMIT 1   [ RunTime:0.0017s ]
SQL: SHOW COLUMNS FROM `pdc_message` [ RunTime:0.0102s ]
SQL: SELECT COUNT(*) AS tp_count FROM `pdc_message` WHERE ( receiveuid = 1  and type='0' and state='0' ) LIMIT 1   [ RunTime:0.0034s ]
SQL: SELECT COUNT(*) AS tp_count FROM `pdc_message` WHERE ( receiveuid = 1  and type='0' and state='0' ) LIMIT 1   [ RunTime:0.0038s ]
SQL: SELECT COUNT(*) AS tp_count FROM `pdc_message` WHERE ( receiveuid = 1  and type='0' and state='1' ) LIMIT 1   [ RunTime:0.0034s ]
SQL: SHOW COLUMNS FROM `pdc_plugin` [ RunTime:0.0117s ]
SQL: SELECT * FROM `pdc_plugin` WHERE `PluginState` = 0 ORDER BY UpdateTime asc,PID asc LIMIT 0,30   [ RunTime:0.0072s ]
SQL: SELECT COUNT(*) AS tp_count FROM `pdc_plugin` LIMIT 1   [ RunTime:0.0034s ]
INFO: [ view_parse ] --START--
INFO: [ template_filter ] --START--
INFO: Run Behavior\ContentReplaceBehavior [ RunTime:0.000183s ]
INFO: [ template_filter ] --END-- [ RunTime:0.000271s ]
SQL: SELECT * FROM `pdc_user` WHERE `UID` = 3  [ RunTime:0.0041s ]
INFO: Run Behavior\ParseTemplateBehavior [ RunTime:0.029365s ]
INFO: [ view_parse ] --END-- [ RunTime:0.029452s ]
INFO: [ view_filter ] --START--
INFO: Run Behavior\WriteHtmlCacheBehavior [ RunTime:0.001387s ]
INFO: [ view_filter ] --END-- [ RunTime:0.001465s ]
INFO: [ app_end ] --START--
INFO: Run Behavior\ShowPageTraceBehavior [ RunTime:0.001307s ]
INFO: [ app_end ] --END-- [ RunTime:0.001399s ]

[ 2017-05-12T22:07:26+08:00 ] 223.74.166.162 /admin/index/accplugin.html
INFO: [ app_init ] --START--
INFO: Run Behavior\BuildLiteBehavior [ RunTime:0.000022s ]
INFO: [ app_init ] --END-- [ RunTime:0.000164s ]
INFO: [ app_begin ] --START--
INFO: Run Behavior\ReadHtmlCacheBehavior [ RunTime:0.000787s ]
INFO: [ app_begin ] --END-- [ RunTime:0.000874s ]
SQL: SHOW COLUMNS FROM `pdc_user` [ RunTime:0.0123s ]
SQL: SELECT * FROM `pdc_user` WHERE `UserName` = 'HyperLife' AND `UID` = 3 LIMIT 1   [ RunTime:0.0030s ]
SQL: SELECT `Action` FROM `pdc_user` WHERE ( uid = 3 ) LIMIT 1   [ RunTime:0.0026s ]
SQL: SELECT * FROM `pdc_user` WHERE `UserName` = 'HyperLife' AND `UID` = 3 LIMIT 1   [ RunTime:0.0036s ]
SQL: SELECT * FROM `pdc_user` WHERE ( action = 11 ) LIMIT 1   [ RunTime:0.0041s ]
SQL: SHOW COLUMNS FROM `pdc_message` [ RunTime:0.0100s ]
SQL: SELECT COUNT(*) AS tp_count FROM `pdc_message` WHERE ( receiveuid = 1  and type='0' and state='0' ) LIMIT 1   [ RunTime:0.0032s ]
SQL: SELECT COUNT(*) AS tp_count FROM `pdc_message` WHERE ( receiveuid = 1  and type='0' and state='0' ) LIMIT 1   [ RunTime:0.0035s ]
SQL: SELECT COUNT(*) AS tp_count FROM `pdc_message` WHERE ( receiveuid = 1  and type='0' and state='1' ) LIMIT 1   [ RunTime:0.0034s ]
SQL: SHOW COLUMNS FROM `pdc_plugin` [ RunTime:0.0107s ]
SQL: SELECT * FROM `pdc_plugin` WHERE `PID` = 43 LIMIT 1   [ RunTime:0.0041s ]
SQL: UPDATE `pdc_plugin` SET `PluginState`='1' WHERE `PID` = 43 [ RunTime:0.0042s ]
SQL: INSERT INTO `pdc_message` (`receiveuid`,`senderuid`,`date`,`state`,`type`,`content`) VALUES ('3','1','2017-05-12','0','1','{\"title\":\"\\u4f60\\u7684\\u63d2\\u4ef6[TouchBlockGo!\\u547d\\u4ee4\\u65b9\\u5757\\u63d2\\u4ef6]\\u5df2\\u901a\\u8fc7\\u5ba1\\u6838\",\"content\":\"\\u4f60\\u7684\\u63d2\\u4ef6[TouchBlockGo!\\u547d\\u4ee4\\u65b9\\u5757\\u63d2\\u4ef6]\\u5df2\\u901a\\u8fc7\\u5ba1\\u6838\\uff01<br>\\u8be6\\u7ec6\\u5185\\u5bb9\\u8bf7\\u89c1\\u63d2\\u4ef6PID:<a href=\'\\/plugin\\/43.html\' target=\'_blank\'>43<\\/a>\"}') [ RunTime:0.0033s ]
SQL: SHOW COLUMNS FROM `pdc_broadcast` [ RunTime:0.0105s ]
SQL: INSERT INTO `pdc_broadcast` (`content`,`uid`) VALUES ('插件：TouchBlockGo!命令方块插件发布了！
请点击：http://liangzi.xicp.net/plugin/43.html查看详情','3') [ RunTime:0.0016s ]

