[ 2017-05-14T08:35:14+08:00 ] 223.104.1.157 /Admin/index.html
INFO: [ app_init ] --START--
INFO: Run Behavior\BuildLiteBehavior [ RunTime:0.000024s ]
INFO: [ app_init ] --END-- [ RunTime:0.000194s ]
INFO: [ app_begin ] --START--
INFO: Run Behavior\ReadHtmlCacheBehavior [ RunTime:0.000149s ]
INFO: [ app_begin ] --END-- [ RunTime:0.000236s ]
SQL: SHOW COLUMNS FROM `pdc_user` [ RunTime:0.0095s ]
SQL: SELECT * FROM `pdc_user` WHERE `UserName` = 'HyperLife' AND `UID` = 3 LIMIT 1   [ RunTime:0.0012s ]
SQL: SELECT `Action` FROM `pdc_user` WHERE ( uid = 3 ) LIMIT 1   [ RunTime:0.0021s ]
SQL: SELECT * FROM `pdc_user` WHERE `UserName` = 'HyperLife' AND `UID` = 3 LIMIT 1   [ RunTime:0.0011s ]
SQL: SELECT * FROM `pdc_user` WHERE ( action = 11 ) LIMIT 1   [ RunTime:0.0015s ]
SQL: SHOW COLUMNS FROM `pdc_message` [ RunTime:0.0099s ]
SQL: SELECT COUNT(*) AS tp_count FROM `pdc_message` WHERE ( receiveuid = 1  and type='0' and state='0' ) LIMIT 1   [ RunTime:0.0011s ]
SQL: SELECT COUNT(*) AS tp_count FROM `pdc_message` WHERE ( receiveuid = 1  and type='0' and state='0' ) LIMIT 1   [ RunTime:0.0011s ]
SQL: SELECT COUNT(*) AS tp_count FROM `pdc_message` WHERE ( receiveuid = 1  and type='0' and state='1' ) LIMIT 1   [ RunTime:0.0010s ]
SQL: SELECT COUNT(*) AS tp_count FROM `pdc_user` LIMIT 1   [ RunTime:0.0010s ]
SQL: SHOW COLUMNS FROM `pdc_comment` [ RunTime:0.0088s ]
SQL: SELECT COUNT(*) AS tp_count FROM `pdc_comment` LIMIT 1   [ RunTime:0.0011s ]
SQL: SHOW COLUMNS FROM `pdc_plugin` [ RunTime:0.0096s ]
SQL: SELECT COUNT(*) AS tp_count FROM `pdc_plugin` LIMIT 1   [ RunTime:0.0010s ]
INFO: [ view_parse ] --START--
INFO: [ template_filter ] --START--
INFO: Run Behavior\ContentReplaceBehavior [ RunTime:0.000188s ]
INFO: [ template_filter ] --END-- [ RunTime:0.000280s ]
INFO: Run Behavior\ParseTemplateBehavior [ RunTime:0.022228s ]
INFO: [ view_parse ] --END-- [ RunTime:0.022341s ]
INFO: [ view_filter ] --START--
INFO: Run Behavior\WriteHtmlCacheBehavior [ RunTime:0.000761s ]
INFO: [ view_filter ] --END-- [ RunTime:0.000832s ]
INFO: [ app_end ] --START--
INFO: Run Behavior\ShowPageTraceBehavior [ RunTime:0.000728s ]
INFO: [ app_end ] --END-- [ RunTime:0.000815s ]

[ 2017-05-14T08:35:17+08:00 ] 223.104.1.157 /admin/index/plugincheck.html
INFO: [ app_init ] --START--
INFO: Run Behavior\BuildLiteBehavior [ RunTime:0.000022s ]
INFO: [ app_init ] --END-- [ RunTime:0.000158s ]
INFO: [ app_begin ] --START--
INFO: Run Behavior\ReadHtmlCacheBehavior [ RunTime:0.000123s ]
INFO: [ app_begin ] --END-- [ RunTime:0.000203s ]
SQL: SHOW COLUMNS FROM `pdc_user` [ RunTime:0.0095s ]
SQL: SELECT * FROM `pdc_user` WHERE `UserName` = 'HyperLife' AND `UID` = 3 LIMIT 1   [ RunTime:0.0010s ]
SQL: SELECT `Action` FROM `pdc_user` WHERE ( uid = 3 ) LIMIT 1   [ RunTime:0.0015s ]
SQL: SELECT * FROM `pdc_user` WHERE `UserName` = 'HyperLife' AND `UID` = 3 LIMIT 1   [ RunTime:0.0010s ]
SQL: SELECT * FROM `pdc_user` WHERE ( action = 11 ) LIMIT 1   [ RunTime:0.0010s ]
SQL: SHOW COLUMNS FROM `pdc_message` [ RunTime:0.0089s ]
SQL: SELECT COUNT(*) AS tp_count FROM `pdc_message` WHERE ( receiveuid = 1  and type='0' and state='0' ) LIMIT 1   [ RunTime:0.0010s ]
SQL: SELECT COUNT(*) AS tp_count FROM `pdc_message` WHERE ( receiveuid = 1  and type='0' and state='0' ) LIMIT 1   [ RunTime:0.0011s ]
SQL: SELECT COUNT(*) AS tp_count FROM `pdc_message` WHERE ( receiveuid = 1  and type='0' and state='1' ) LIMIT 1   [ RunTime:0.0009s ]
SQL: SHOW COLUMNS FROM `pdc_plugin` [ RunTime:0.0092s ]
SQL: SELECT * FROM `pdc_plugin` WHERE `PluginState` = 0 ORDER BY UpdateTime asc,PID asc LIMIT 0,30   [ RunTime:0.0015s ]
SQL: SELECT COUNT(*) AS tp_count FROM `pdc_plugin` LIMIT 1   [ RunTime:0.0010s ]
INFO: [ view_parse ] --START--
INFO: [ template_filter ] --START--
INFO: Run Behavior\ContentReplaceBehavior [ RunTime:0.000235s ]
INFO: [ template_filter ] --END-- [ RunTime:0.000341s ]
INFO: Run Behavior\ParseTemplateBehavior [ RunTime:0.020086s ]
INFO: [ view_parse ] --END-- [ RunTime:0.020190s ]
INFO: [ view_filter ] --START--
INFO: Run Behavior\WriteHtmlCacheBehavior [ RunTime:0.000586s ]
INFO: [ view_filter ] --END-- [ RunTime:0.000655s ]
INFO: [ app_end ] --START--
INFO: Run Behavior\ShowPageTraceBehavior [ RunTime:0.000565s ]
INFO: [ app_end ] --END-- [ RunTime:0.000645s ]

[ 2017-05-14T11:21:23+08:00 ] 113.108.11.52 /Admin/index.html
INFO: [ app_init ] --START--
INFO: Run Behavior\BuildLiteBehavior [ RunTime:0.000023s ]
INFO: [ app_init ] --END-- [ RunTime:0.000154s ]
INFO: [ app_begin ] --START--
INFO: Run Behavior\ReadHtmlCacheBehavior [ RunTime:0.000155s ]
INFO: [ app_begin ] --END-- [ RunTime:0.000242s ]
SQL: SHOW COLUMNS FROM `pdc_user` [ RunTime:0.0094s ]
SQL: SELECT * FROM `pdc_user` WHERE `UserName` = 'Ehere' AND `UID` = 22 LIMIT 1   [ RunTime:0.0011s ]
SQL: SELECT `Action` FROM `pdc_user` WHERE ( uid = 22 ) LIMIT 1   [ RunTime:0.0012s ]
SQL: SELECT * FROM `pdc_user` WHERE `UserName` = 'Ehere' AND `UID` = 22 LIMIT 1   [ RunTime:0.0011s ]
SQL: SELECT * FROM `pdc_user` WHERE ( action = 11 ) LIMIT 1   [ RunTime:0.0014s ]
SQL: SHOW COLUMNS FROM `pdc_message` [ RunTime:0.0095s ]
SQL: SELECT COUNT(*) AS tp_count FROM `pdc_message` WHERE ( receiveuid = 1  and type='0' and state='0' ) LIMIT 1   [ RunTime:0.0009s ]
SQL: SELECT COUNT(*) AS tp_count FROM `pdc_message` WHERE ( receiveuid = 1  and type='0' and state='0' ) LIMIT 1   [ RunTime:0.0010s ]
SQL: SELECT COUNT(*) AS tp_count FROM `pdc_message` WHERE ( receiveuid = 1  and type='0' and state='1' ) LIMIT 1   [ RunTime:0.0010s ]
SQL: SELECT COUNT(*) AS tp_count FROM `pdc_user` LIMIT 1   [ RunTime:0.0011s ]
SQL: SHOW COLUMNS FROM `pdc_comment` [ RunTime:0.0090s ]
SQL: SELECT COUNT(*) AS tp_count FROM `pdc_comment` LIMIT 1   [ RunTime:0.0009s ]
SQL: SHOW COLUMNS FROM `pdc_plugin` [ RunTime:0.0090s ]
SQL: SELECT COUNT(*) AS tp_count FROM `pdc_plugin` LIMIT 1   [ RunTime:0.0011s ]
INFO: [ view_parse ] --START--
INFO: [ template_filter ] --START--
INFO: Run Behavior\ContentReplaceBehavior [ RunTime:0.000192s ]
INFO: [ template_filter ] --END-- [ RunTime:0.000288s ]
INFO: Run Behavior\ParseTemplateBehavior [ RunTime:0.018773s ]
INFO: [ view_parse ] --END-- [ RunTime:0.018929s ]
INFO: [ view_filter ] --START--
INFO: Run Behavior\WriteHtmlCacheBehavior [ RunTime:0.000978s ]
INFO: [ view_filter ] --END-- [ RunTime:0.001057s ]
INFO: [ app_end ] --START--
INFO: Run Behavior\ShowPageTraceBehavior [ RunTime:0.000912s ]
INFO: [ app_end ] --END-- [ RunTime:0.001007s ]

[ 2017-05-14T11:21:27+08:00 ] 113.108.0.14 /admin/index/plugincheck.html
INFO: [ app_init ] --START--
INFO: Run Behavior\BuildLiteBehavior [ RunTime:0.000025s ]
INFO: [ app_init ] --END-- [ RunTime:0.000395s ]
INFO: [ app_begin ] --START--
INFO: Run Behavior\ReadHtmlCacheBehavior [ RunTime:0.000149s ]
INFO: [ app_begin ] --END-- [ RunTime:0.000232s ]
SQL: SHOW COLUMNS FROM `pdc_user` [ RunTime:0.0100s ]
SQL: SELECT * FROM `pdc_user` WHERE `UserName` = 'Ehere' AND `UID` = 22 LIMIT 1   [ RunTime:0.0013s ]
SQL: SELECT `Action` FROM `pdc_user` WHERE ( uid = 22 ) LIMIT 1   [ RunTime:0.0017s ]
SQL: SELECT * FROM `pdc_user` WHERE `UserName` = 'Ehere' AND `UID` = 22 LIMIT 1   [ RunTime:0.0012s ]
SQL: SELECT * FROM `pdc_user` WHERE ( action = 11 ) LIMIT 1   [ RunTime:0.0011s ]
SQL: SHOW COLUMNS FROM `pdc_message` [ RunTime:0.0091s ]
SQL: SELECT COUNT(*) AS tp_count FROM `pdc_message` WHERE ( receiveuid = 1  and type='0' and state='0' ) LIMIT 1   [ RunTime:0.0010s ]
SQL: SELECT COUNT(*) AS tp_count FROM `pdc_message` WHERE ( receiveuid = 1  and type='0' and state='0' ) LIMIT 1   [ RunTime:0.0010s ]
SQL: SELECT COUNT(*) AS tp_count FROM `pdc_message` WHERE ( receiveuid = 1  and type='0' and state='1' ) LIMIT 1   [ RunTime:0.0010s ]
SQL: SHOW COLUMNS FROM `pdc_plugin` [ RunTime:0.0095s ]
SQL: SELECT * FROM `pdc_plugin` WHERE `PluginState` = 0 ORDER BY UpdateTime asc,PID asc LIMIT 0,30   [ RunTime:0.0018s ]
SQL: SELECT COUNT(*) AS tp_count FROM `pdc_plugin` LIMIT 1   [ RunTime:0.0017s ]
INFO: [ view_parse ] --START--
INFO: [ template_filter ] --START--
INFO: Run Behavior\ContentReplaceBehavior [ RunTime:0.000190s ]
INFO: [ template_filter ] --END-- [ RunTime:0.000289s ]
SQL: SELECT * FROM `pdc_user` WHERE `UID` = 22  [ RunTime:0.0014s ]
INFO: Run Behavior\ParseTemplateBehavior [ RunTime:0.020259s ]
INFO: [ view_parse ] --END-- [ RunTime:0.020356s ]
INFO: [ view_filter ] --START--
INFO: Run Behavior\WriteHtmlCacheBehavior [ RunTime:0.000682s ]
INFO: [ view_filter ] --END-- [ RunTime:0.000753s ]
INFO: [ app_end ] --START--
INFO: Run Behavior\ShowPageTraceBehavior [ RunTime:0.000643s ]
INFO: [ app_end ] --END-- [ RunTime:0.000739s ]

[ 2017-05-14T11:21:30+08:00 ] 113.108.11.52 /admin/index/accplugin.html
INFO: [ app_init ] --START--
INFO: Run Behavior\BuildLiteBehavior [ RunTime:0.000022s ]
INFO: [ app_init ] --END-- [ RunTime:0.000154s ]
INFO: [ app_begin ] --START--
INFO: Run Behavior\ReadHtmlCacheBehavior [ RunTime:0.000149s ]
INFO: [ app_begin ] --END-- [ RunTime:0.000282s ]
SQL: SHOW COLUMNS FROM `pdc_user` [ RunTime:0.0096s ]
SQL: SELECT * FROM `pdc_user` WHERE `UserName` = 'Ehere' AND `UID` = 22 LIMIT 1   [ RunTime:0.0011s ]
SQL: SELECT `Action` FROM `pdc_user` WHERE ( uid = 22 ) LIMIT 1   [ RunTime:0.0010s ]
SQL: SELECT * FROM `pdc_user` WHERE `UserName` = 'Ehere' AND `UID` = 22 LIMIT 1   [ RunTime:0.0015s ]
SQL: SELECT * FROM `pdc_user` WHERE ( action = 11 ) LIMIT 1   [ RunTime:0.0010s ]
SQL: SHOW COLUMNS FROM `pdc_message` [ RunTime:0.0093s ]
SQL: SELECT COUNT(*) AS tp_count FROM `pdc_message` WHERE ( receiveuid = 1  and type='0' and state='0' ) LIMIT 1   [ RunTime:0.0009s ]
SQL: SELECT COUNT(*) AS tp_count FROM `pdc_message` WHERE ( receiveuid = 1  and type='0' and state='0' ) LIMIT 1   [ RunTime:0.0009s ]
SQL: SELECT COUNT(*) AS tp_count FROM `pdc_message` WHERE ( receiveuid = 1  and type='0' and state='1' ) LIMIT 1   [ RunTime:0.0010s ]
SQL: SHOW COLUMNS FROM `pdc_plugin` [ RunTime:0.0093s ]
SQL: SELECT * FROM `pdc_plugin` WHERE `PID` = 45 LIMIT 1   [ RunTime:0.0015s ]
SQL: UPDATE `pdc_plugin` SET `PluginState`='1' WHERE `PID` = 45 [ RunTime:0.0015s ]
SQL: INSERT INTO `pdc_message` (`receiveuid`,`senderuid`,`date`,`state`,`type`,`content`) VALUES ('22','1','2017-05-14','0','1','{\"title\":\"\\u4f60\\u7684\\u63d2\\u4ef6[\\u300cEARPG\\u300d\\u4e00\\u4e2a\\u8f83\\u4e3a\\u5168\\u80fd\\u7684RPG\\u63d2\\u4ef6]\\u5df2\\u901a\\u8fc7\\u5ba1\\u6838\",\"content\":\"\\u4f60\\u7684\\u63d2\\u4ef6[\\u300cEARPG\\u300d\\u4e00\\u4e2a\\u8f83\\u4e3a\\u5168\\u80fd\\u7684RPG\\u63d2\\u4ef6]\\u5df2\\u901a\\u8fc7\\u5ba1\\u6838\\uff01<br>\\u8be6\\u7ec6\\u5185\\u5bb9\\u8bf7\\u89c1\\u63d2\\u4ef6PID:<a href=\'\\/plugin\\/45.html\' target=\'_blank\'>45<\\/a>\"}') [ RunTime:0.0021s ]
SQL: SHOW COLUMNS FROM `pdc_broadcast` [ RunTime:0.0085s ]
SQL: INSERT INTO `pdc_broadcast` (`content`,`uid`) VALUES ('插件：「EARPG」一个较为全能的RPG插件发布了！
请点击：http://liangzi.xicp.net/plugin/45.html查看详情','22') [ RunTime:0.0016s ]

[ 2017-05-14T11:22:07+08:00 ] 223.73.204.209 /Admin/index.html
INFO: [ app_init ] --START--
INFO: Run Behavior\BuildLiteBehavior [ RunTime:0.000023s ]
INFO: [ app_init ] --END-- [ RunTime:0.000156s ]
INFO: [ app_begin ] --START--
INFO: Run Behavior\ReadHtmlCacheBehavior [ RunTime:0.000131s ]
INFO: [ app_begin ] --END-- [ RunTime:0.000215s ]
SQL: SHOW COLUMNS FROM `pdc_user` [ RunTime:0.0098s ]
SQL: SELECT * FROM `pdc_user` WHERE `UserName` = 'HyperLife' AND `UID` = 3 LIMIT 1   [ RunTime:0.0014s ]
SQL: SELECT `Action` FROM `pdc_user` WHERE ( uid = 3 ) LIMIT 1   [ RunTime:0.0012s ]
SQL: SELECT * FROM `pdc_user` WHERE `UserName` = 'HyperLife' AND `UID` = 3 LIMIT 1   [ RunTime:0.0013s ]
SQL: SELECT * FROM `pdc_user` WHERE ( action = 11 ) LIMIT 1   [ RunTime:0.0011s ]
SQL: SHOW COLUMNS FROM `pdc_message` [ RunTime:0.0089s ]
SQL: SELECT COUNT(*) AS tp_count FROM `pdc_message` WHERE ( receiveuid = 1  and type='0' and state='0' ) LIMIT 1   [ RunTime:0.0013s ]
SQL: SELECT COUNT(*) AS tp_count FROM `pdc_message` WHERE ( receiveuid = 1  and type='0' and state='0' ) LIMIT 1   [ RunTime:0.0009s ]
SQL: SELECT COUNT(*) AS tp_count FROM `pdc_message` WHERE ( receiveuid = 1  and type='0' and state='1' ) LIMIT 1   [ RunTime:0.0013s ]
SQL: SELECT COUNT(*) AS tp_count FROM `pdc_user` LIMIT 1   [ RunTime:0.0009s ]
SQL: SHOW COLUMNS FROM `pdc_comment` [ RunTime:0.0092s ]
SQL: SELECT COUNT(*) AS tp_count FROM `pdc_comment` LIMIT 1   [ RunTime:0.0009s ]
SQL: SHOW COLUMNS FROM `pdc_plugin` [ RunTime:0.0095s ]
SQL: SELECT COUNT(*) AS tp_count FROM `pdc_plugin` LIMIT 1   [ RunTime:0.0010s ]
INFO: [ view_parse ] --START--
INFO: [ template_filter ] --START--
INFO: Run Behavior\ContentReplaceBehavior [ RunTime:0.000202s ]
INFO: [ template_filter ] --END-- [ RunTime:0.000299s ]
INFO: Run Behavior\ParseTemplateBehavior [ RunTime:0.019494s ]
INFO: [ view_parse ] --END-- [ RunTime:0.019594s ]
INFO: [ view_filter ] --START--
INFO: Run Behavior\WriteHtmlCacheBehavior [ RunTime:0.000613s ]
INFO: [ view_filter ] --END-- [ RunTime:0.000692s ]
INFO: [ app_end ] --START--
INFO: Run Behavior\ShowPageTraceBehavior [ RunTime:0.000602s ]
INFO: [ app_end ] --END-- [ RunTime:0.000693s ]

[ 2017-05-14T11:22:10+08:00 ] 223.73.204.209 /admin/index/plugincheck.html
INFO: [ app_init ] --START--
INFO: Run Behavior\BuildLiteBehavior [ RunTime:0.000023s ]
INFO: [ app_init ] --END-- [ RunTime:0.000187s ]
INFO: [ app_begin ] --START--
INFO: Run Behavior\ReadHtmlCacheBehavior [ RunTime:0.000139s ]
INFO: [ app_begin ] --END-- [ RunTime:0.000218s ]
SQL: SHOW COLUMNS FROM `pdc_user` [ RunTime:0.0095s ]
SQL: SELECT * FROM `pdc_user` WHERE `UserName` = 'HyperLife' AND `UID` = 3 LIMIT 1   [ RunTime:0.0011s ]
SQL: SELECT `Action` FROM `pdc_user` WHERE ( uid = 3 ) LIMIT 1   [ RunTime:0.0019s ]
SQL: SELECT * FROM `pdc_user` WHERE `UserName` = 'HyperLife' AND `UID` = 3 LIMIT 1   [ RunTime:0.0012s ]
SQL: SELECT * FROM `pdc_user` WHERE ( action = 11 ) LIMIT 1   [ RunTime:0.0009s ]
SQL: SHOW COLUMNS FROM `pdc_message` [ RunTime:0.0088s ]
SQL: SELECT COUNT(*) AS tp_count FROM `pdc_message` WHERE ( receiveuid = 1  and type='0' and state='0' ) LIMIT 1   [ RunTime:0.0009s ]
SQL: SELECT COUNT(*) AS tp_count FROM `pdc_message` WHERE ( receiveuid = 1  and type='0' and state='0' ) LIMIT 1   [ RunTime:0.0016s ]
SQL: SELECT COUNT(*) AS tp_count FROM `pdc_message` WHERE ( receiveuid = 1  and type='0' and state='1' ) LIMIT 1   [ RunTime:0.0008s ]
SQL: SHOW COLUMNS FROM `pdc_plugin` [ RunTime:0.0093s ]
SQL: SELECT * FROM `pdc_plugin` WHERE `PluginState` = 0 ORDER BY UpdateTime asc,PID asc LIMIT 0,30   [ RunTime:0.0015s ]
SQL: SELECT COUNT(*) AS tp_count FROM `pdc_plugin` LIMIT 1   [ RunTime:0.0009s ]
INFO: [ view_parse ] --START--
INFO: [ template_filter ] --START--
INFO: Run Behavior\ContentReplaceBehavior [ RunTime:0.000211s ]
INFO: [ template_filter ] --END-- [ RunTime:0.000338s ]
INFO: Run Behavior\ParseTemplateBehavior [ RunTime:0.020726s ]
INFO: [ view_parse ] --END-- [ RunTime:0.020829s ]
INFO: [ view_filter ] --START--
INFO: Run Behavior\WriteHtmlCacheBehavior [ RunTime:0.000766s ]
INFO: [ view_filter ] --END-- [ RunTime:0.000837s ]
INFO: [ app_end ] --START--
INFO: Run Behavior\ShowPageTraceBehavior [ RunTime:0.000726s ]
INFO: [ app_end ] --END-- [ RunTime:0.000811s ]

[ 2017-05-14T11:25:55+08:00 ] 60.208.243.212 /Admin/index.html
INFO: [ app_init ] --START--
INFO: Run Behavior\BuildLiteBehavior [ RunTime:0.000021s ]
INFO: [ app_init ] --END-- [ RunTime:0.000146s ]
INFO: [ app_begin ] --START--
INFO: Run Behavior\ReadHtmlCacheBehavior [ RunTime:0.000118s ]
INFO: [ app_begin ] --END-- [ RunTime:0.000197s ]
SQL: SHOW COLUMNS FROM `pdc_user` [ RunTime:0.0095s ]
SQL: SELECT * FROM `pdc_user` WHERE `UserName` = 'sugar' AND `UID` = 36 LIMIT 1   [ RunTime:0.0009s ]
SQL: SELECT `Action` FROM `pdc_user` WHERE ( uid = 36 ) LIMIT 1   [ RunTime:0.0012s ]
SQL: SELECT * FROM `pdc_user` WHERE `UserName` = 'sugar' AND `UID` = 36 LIMIT 1   [ RunTime:0.0010s ]
SQL: SELECT * FROM `pdc_user` WHERE ( action = 11 ) LIMIT 1   [ RunTime:0.0018s ]
SQL: SHOW COLUMNS FROM `pdc_message` [ RunTime:0.0086s ]
SQL: SELECT COUNT(*) AS tp_count FROM `pdc_message` WHERE ( receiveuid = 1  and type='0' and state='0' ) LIMIT 1   [ RunTime:0.0008s ]
SQL: SELECT COUNT(*) AS tp_count FROM `pdc_message` WHERE ( receiveuid = 1  and type='0' and state='0' ) LIMIT 1   [ RunTime:0.0008s ]
SQL: SELECT COUNT(*) AS tp_count FROM `pdc_message` WHERE ( receiveuid = 1  and type='0' and state='1' ) LIMIT 1   [ RunTime:0.0008s ]
SQL: SELECT COUNT(*) AS tp_count FROM `pdc_user` LIMIT 1   [ RunTime:0.0009s ]
SQL: SHOW COLUMNS FROM `pdc_comment` [ RunTime:0.0087s ]
SQL: SELECT COUNT(*) AS tp_count FROM `pdc_comment` LIMIT 1   [ RunTime:0.0007s ]
SQL: SHOW COLUMNS FROM `pdc_plugin` [ RunTime:0.0091s ]
SQL: SELECT COUNT(*) AS tp_count FROM `pdc_plugin` LIMIT 1   [ RunTime:0.0008s ]
INFO: [ view_parse ] --START--
INFO: [ template_filter ] --START--
INFO: Run Behavior\ContentReplaceBehavior [ RunTime:0.000192s ]
INFO: [ template_filter ] --END-- [ RunTime:0.000283s ]
INFO: Run Behavior\ParseTemplateBehavior [ RunTime:0.018293s ]
INFO: [ view_parse ] --END-- [ RunTime:0.018388s ]
INFO: [ view_filter ] --START--
INFO: Run Behavior\WriteHtmlCacheBehavior [ RunTime:0.000642s ]
INFO: [ view_filter ] --END-- [ RunTime:0.000719s ]
INFO: [ app_end ] --START--
INFO: Run Behavior\ShowPageTraceBehavior [ RunTime:0.000592s ]
INFO: [ app_end ] --END-- [ RunTime:0.000672s ]

[ 2017-05-14T11:26:07+08:00 ] 60.208.243.212 /admin/index/plugin.html
INFO: [ app_init ] --START--
INFO: Run Behavior\BuildLiteBehavior [ RunTime:0.000023s ]
INFO: [ app_init ] --END-- [ RunTime:0.000151s ]
INFO: [ app_begin ] --START--
INFO: Run Behavior\ReadHtmlCacheBehavior [ RunTime:0.000124s ]
INFO: [ app_begin ] --END-- [ RunTime:0.000205s ]
SQL: SHOW COLUMNS FROM `pdc_user` [ RunTime:0.0094s ]
SQL: SELECT * FROM `pdc_user` WHERE `UserName` = 'sugar' AND `UID` = 36 LIMIT 1   [ RunTime:0.0012s ]
SQL: SELECT `Action` FROM `pdc_user` WHERE ( uid = 36 ) LIMIT 1   [ RunTime:0.0010s ]
SQL: SELECT * FROM `pdc_user` WHERE `UserName` = 'sugar' AND `UID` = 36 LIMIT 1   [ RunTime:0.0011s ]
SQL: SELECT * FROM `pdc_user` WHERE ( action = 11 ) LIMIT 1   [ RunTime:0.0011s ]
SQL: SHOW COLUMNS FROM `pdc_message` [ RunTime:0.0088s ]
SQL: SELECT COUNT(*) AS tp_count FROM `pdc_message` WHERE ( receiveuid = 1  and type='0' and state='0' ) LIMIT 1   [ RunTime:0.0009s ]
SQL: SELECT COUNT(*) AS tp_count FROM `pdc_message` WHERE ( receiveuid = 1  and type='0' and state='0' ) LIMIT 1   [ RunTime:0.0010s ]
SQL: SELECT COUNT(*) AS tp_count FROM `pdc_message` WHERE ( receiveuid = 1  and type='0' and state='1' ) LIMIT 1   [ RunTime:0.0009s ]
SQL: SHOW COLUMNS FROM `pdc_plugin` [ RunTime:0.0091s ]
SQL: SELECT * FROM `pdc_plugin` ORDER BY UpdateTime desc,PID desc LIMIT 0,30   [ RunTime:0.0102s ]
SQL: SELECT COUNT(*) AS tp_count FROM `pdc_plugin` LIMIT 1   [ RunTime:0.0009s ]
INFO: [ view_parse ] --START--
INFO: [ template_filter ] --START--
INFO: Run Behavior\ContentReplaceBehavior [ RunTime:0.000181s ]
INFO: [ template_filter ] --END-- [ RunTime:0.000274s ]
SQL: SELECT * FROM `pdc_user` WHERE `UID` = 22  [ RunTime:0.0016s ]
SQL: SELECT * FROM `pdc_user` WHERE `UID` = 3  [ RunTime:0.0016s ]
SQL: SELECT * FROM `pdc_user` WHERE `UID` = 22  [ RunTime:0.0010s ]
SQL: SELECT * FROM `pdc_user` WHERE `UID` = 36  [ RunTime:0.0014s ]
SQL: SELECT * FROM `pdc_user` WHERE `UID` = 2  [ RunTime:0.0014s ]
SQL: SELECT * FROM `pdc_user` WHERE `UID` = 3  [ RunTime:0.0011s ]
SQL: SELECT * FROM `pdc_user` WHERE `UID` = 87  [ RunTime:0.0014s ]
SQL: SELECT * FROM `pdc_user` WHERE `UID` = 87  [ RunTime:0.0012s ]
SQL: SELECT * FROM `pdc_user` WHERE `UID` = 80  [ RunTime:0.0012s ]
SQL: SELECT * FROM `pdc_user` WHERE `UID` = 35  [ RunTime:0.0013s ]
SQL: SELECT * FROM `pdc_user` WHERE `UID` = 14  [ RunTime:0.0015s ]
SQL: SELECT * FROM `pdc_user` WHERE `UID` = 3  [ RunTime:0.0011s ]
SQL: SELECT * FROM `pdc_user` WHERE `UID` = 9  [ RunTime:0.0013s ]
SQL: SELECT * FROM `pdc_user` WHERE `UID` = 11  [ RunTime:0.0015s ]
SQL: SELECT * FROM `pdc_user` WHERE `UID` = 11  [ RunTime:0.0011s ]
SQL: SELECT * FROM `pdc_user` WHERE `UID` = 11  [ RunTime:0.0011s ]
SQL: SELECT * FROM `pdc_user` WHERE `UID` = 6  [ RunTime:0.0013s ]
SQL: SELECT * FROM `pdc_user` WHERE `UID` = 6  [ RunTime:0.0011s ]
SQL: SELECT * FROM `pdc_user` WHERE `UID` = 6  [ RunTime:0.0012s ]
SQL: SELECT * FROM `pdc_user` WHERE `UID` = 6  [ RunTime:0.0010s ]
SQL: SELECT * FROM `pdc_user` WHERE `UID` = 11  [ RunTime:0.0011s ]
SQL: SELECT * FROM `pdc_user` WHERE `UID` = 9  [ RunTime:0.0016s ]
SQL: SELECT * FROM `pdc_user` WHERE `UID` = 6  [ RunTime:0.0010s ]
SQL: SELECT * FROM `pdc_user` WHERE `UID` = 6  [ RunTime:0.0009s ]
SQL: SELECT * FROM `pdc_user` WHERE `UID` = 9  [ RunTime:0.0009s ]
SQL: SELECT * FROM `pdc_user` WHERE `UID` = 7  [ RunTime:0.0012s ]
INFO: Run Behavior\ParseTemplateBehavior [ RunTime:0.060521s ]
INFO: [ view_parse ] --END-- [ RunTime:0.060605s ]
INFO: [ view_filter ] --START--
INFO: Run Behavior\WriteHtmlCacheBehavior [ RunTime:0.000774s ]
INFO: [ view_filter ] --END-- [ RunTime:0.000840s ]
INFO: [ app_end ] --START--
INFO: Run Behavior\ShowPageTraceBehavior [ RunTime:0.000656s ]
INFO: [ app_end ] --END-- [ RunTime:0.000729s ]

[ 2017-05-14T11:26:10+08:00 ] 60.208.243.212 /admin/index/plugincheck.html
INFO: [ app_init ] --START--
INFO: Run Behavior\BuildLiteBehavior [ RunTime:0.000023s ]
INFO: [ app_init ] --END-- [ RunTime:0.000158s ]
INFO: [ app_begin ] --START--
INFO: Run Behavior\ReadHtmlCacheBehavior [ RunTime:0.000126s ]
INFO: [ app_begin ] --END-- [ RunTime:0.000209s ]
SQL: SHOW COLUMNS FROM `pdc_user` [ RunTime:0.0099s ]
SQL: SELECT * FROM `pdc_user` WHERE `UserName` = 'sugar' AND `UID` = 36 LIMIT 1   [ RunTime:0.0013s ]
SQL: SELECT `Action` FROM `pdc_user` WHERE ( uid = 36 ) LIMIT 1   [ RunTime:0.0010s ]
SQL: SELECT * FROM `pdc_user` WHERE `UserName` = 'sugar' AND `UID` = 36 LIMIT 1   [ RunTime:0.0012s ]
SQL: SELECT * FROM `pdc_user` WHERE ( action = 11 ) LIMIT 1   [ RunTime:0.0015s ]
SQL: SHOW COLUMNS FROM `pdc_message` [ RunTime:0.0093s ]
SQL: SELECT COUNT(*) AS tp_count FROM `pdc_message` WHERE ( receiveuid = 1  and type='0' and state='0' ) LIMIT 1   [ RunTime:0.0009s ]
SQL: SELECT COUNT(*) AS tp_count FROM `pdc_message` WHERE ( receiveuid = 1  and type='0' and state='0' ) LIMIT 1   [ RunTime:0.0010s ]
SQL: SELECT COUNT(*) AS tp_count FROM `pdc_message` WHERE ( receiveuid = 1  and type='0' and state='1' ) LIMIT 1   [ RunTime:0.0009s ]
SQL: SHOW COLUMNS FROM `pdc_plugin` [ RunTime:0.0092s ]
SQL: SELECT * FROM `pdc_plugin` WHERE `PluginState` = 0 ORDER BY UpdateTime asc,PID asc LIMIT 0,30   [ RunTime:0.0017s ]
SQL: SELECT COUNT(*) AS tp_count FROM `pdc_plugin` LIMIT 1   [ RunTime:0.0010s ]
INFO: [ view_parse ] --START--
INFO: [ template_filter ] --START--
INFO: Run Behavior\ContentReplaceBehavior [ RunTime:0.000193s ]
INFO: [ template_filter ] --END-- [ RunTime:0.000290s ]
INFO: Run Behavior\ParseTemplateBehavior [ RunTime:0.019810s ]
INFO: [ view_parse ] --END-- [ RunTime:0.019916s ]
INFO: [ view_filter ] --START--
INFO: Run Behavior\WriteHtmlCacheBehavior [ RunTime:0.000618s ]
INFO: [ view_filter ] --END-- [ RunTime:0.000689s ]
INFO: [ app_end ] --START--
INFO: Run Behavior\ShowPageTraceBehavior [ RunTime:0.000593s ]
INFO: [ app_end ] --END-- [ RunTime:0.000676s ]

[ 2017-05-14T11:26:12+08:00 ] 60.208.243.212 /admin/index/plugincheck.html
INFO: [ app_init ] --START--
INFO: Run Behavior\BuildLiteBehavior [ RunTime:0.000026s ]
INFO: [ app_init ] --END-- [ RunTime:0.000391s ]
INFO: [ app_begin ] --START--
INFO: Run Behavior\ReadHtmlCacheBehavior [ RunTime:0.000144s ]
INFO: [ app_begin ] --END-- [ RunTime:0.000228s ]
SQL: SHOW COLUMNS FROM `pdc_user` [ RunTime:0.0098s ]
SQL: SELECT * FROM `pdc_user` WHERE `UserName` = 'sugar' AND `UID` = 36 LIMIT 1   [ RunTime:0.0013s ]
SQL: SELECT `Action` FROM `pdc_user` WHERE ( uid = 36 ) LIMIT 1   [ RunTime:0.0014s ]
SQL: SELECT * FROM `pdc_user` WHERE `UserName` = 'sugar' AND `UID` = 36 LIMIT 1   [ RunTime:0.0012s ]
SQL: SELECT * FROM `pdc_user` WHERE ( action = 11 ) LIMIT 1   [ RunTime:0.0013s ]
SQL: SHOW COLUMNS FROM `pdc_message` [ RunTime:0.0089s ]
SQL: SELECT COUNT(*) AS tp_count FROM `pdc_message` WHERE ( receiveuid = 1  and type='0' and state='0' ) LIMIT 1   [ RunTime:0.0011s ]
SQL: SELECT COUNT(*) AS tp_count FROM `pdc_message` WHERE ( receiveuid = 1  and type='0' and state='0' ) LIMIT 1   [ RunTime:0.0008s ]
SQL: SELECT COUNT(*) AS tp_count FROM `pdc_message` WHERE ( receiveuid = 1  and type='0' and state='1' ) LIMIT 1   [ RunTime:0.0010s ]
SQL: SHOW COLUMNS FROM `pdc_plugin` [ RunTime:0.0093s ]
SQL: SELECT * FROM `pdc_plugin` WHERE `PluginState` = 0 ORDER BY UpdateTime asc,PID asc LIMIT 0,30   [ RunTime:0.0013s ]
SQL: SELECT COUNT(*) AS tp_count FROM `pdc_plugin` LIMIT 1   [ RunTime:0.0009s ]
INFO: [ view_parse ] --START--
INFO: [ template_filter ] --START--
INFO: Run Behavior\ContentReplaceBehavior [ RunTime:0.000191s ]
INFO: [ template_filter ] --END-- [ RunTime:0.000287s ]
INFO: Run Behavior\ParseTemplateBehavior [ RunTime:0.019327s ]
INFO: [ view_parse ] --END-- [ RunTime:0.019429s ]
INFO: [ view_filter ] --START--
INFO: Run Behavior\WriteHtmlCacheBehavior [ RunTime:0.000614s ]
INFO: [ view_filter ] --END-- [ RunTime:0.000691s ]
INFO: [ app_end ] --START--
INFO: Run Behavior\ShowPageTraceBehavior [ RunTime:0.000598s ]
INFO: [ app_end ] --END-- [ RunTime:0.000754s ]

[ 2017-05-14T11:26:16+08:00 ] 60.208.243.212 /admin/index/plugin.html
INFO: [ app_init ] --START--
INFO: Run Behavior\BuildLiteBehavior [ RunTime:0.000023s ]
INFO: [ app_init ] --END-- [ RunTime:0.000160s ]
INFO: [ app_begin ] --START--
INFO: Run Behavior\ReadHtmlCacheBehavior [ RunTime:0.000130s ]
INFO: [ app_begin ] --END-- [ RunTime:0.000212s ]
SQL: SHOW COLUMNS FROM `pdc_user` [ RunTime:0.0096s ]
SQL: SELECT * FROM `pdc_user` WHERE `UserName` = 'sugar' AND `UID` = 36 LIMIT 1   [ RunTime:0.0012s ]
SQL: SELECT `Action` FROM `pdc_user` WHERE ( uid = 36 ) LIMIT 1   [ RunTime:0.0009s ]
SQL: SELECT * FROM `pdc_user` WHERE `UserName` = 'sugar' AND `UID` = 36 LIMIT 1   [ RunTime:0.0011s ]
SQL: SELECT * FROM `pdc_user` WHERE ( action = 11 ) LIMIT 1   [ RunTime:0.0011s ]
SQL: SHOW COLUMNS FROM `pdc_message` [ RunTime:0.0093s ]
SQL: SELECT COUNT(*) AS tp_count FROM `pdc_message` WHERE ( receiveuid = 1  and type='0' and state='0' ) LIMIT 1   [ RunTime:0.0008s ]
SQL: SELECT COUNT(*) AS tp_count FROM `pdc_message` WHERE ( receiveuid = 1  and type='0' and state='0' ) LIMIT 1   [ RunTime:0.0009s ]
SQL: SELECT COUNT(*) AS tp_count FROM `pdc_message` WHERE ( receiveuid = 1  and type='0' and state='1' ) LIMIT 1   [ RunTime:0.0008s ]
SQL: SHOW COLUMNS FROM `pdc_plugin` [ RunTime:0.0097s ]
SQL: SELECT * FROM `pdc_plugin` ORDER BY UpdateTime desc,PID desc LIMIT 0,30   [ RunTime:0.0085s ]
SQL: SELECT COUNT(*) AS tp_count FROM `pdc_plugin` LIMIT 1   [ RunTime:0.0009s ]
INFO: [ view_parse ] --START--
INFO: [ template_filter ] --START--
INFO: Run Behavior\ContentReplaceBehavior [ RunTime:0.000186s ]
INFO: [ template_filter ] --END-- [ RunTime:0.000282s ]
SQL: SELECT * FROM `pdc_user` WHERE `UID` = 22  [ RunTime:0.0011s ]
SQL: SELECT * FROM `pdc_user` WHERE `UID` = 3  [ RunTime:0.0015s ]
SQL: SELECT * FROM `pdc_user` WHERE `UID` = 22  [ RunTime:0.0009s ]
SQL: SELECT * FROM `pdc_user` WHERE `UID` = 36  [ RunTime:0.0011s ]
SQL: SELECT * FROM `pdc_user` WHERE `UID` = 2  [ RunTime:0.0011s ]
SQL: SELECT * FROM `pdc_user` WHERE `UID` = 3  [ RunTime:0.0010s ]
SQL: SELECT * FROM `pdc_user` WHERE `UID` = 87  [ RunTime:0.0011s ]
SQL: SELECT * FROM `pdc_user` WHERE `UID` = 87  [ RunTime:0.0011s ]
SQL: SELECT * FROM `pdc_user` WHERE `UID` = 80  [ RunTime:0.0011s ]
SQL: SELECT * FROM `pdc_user` WHERE `UID` = 35  [ RunTime:0.0010s ]
SQL: SELECT * FROM `pdc_user` WHERE `UID` = 14  [ RunTime:0.0012s ]
SQL: SELECT * FROM `pdc_user` WHERE `UID` = 3  [ RunTime:0.0010s ]
SQL: SELECT * FROM `pdc_user` WHERE `UID` = 9  [ RunTime:0.0010s ]
SQL: SELECT * FROM `pdc_user` WHERE `UID` = 11  [ RunTime:0.0013s ]
SQL: SELECT * FROM `pdc_user` WHERE `UID` = 11  [ RunTime:0.0010s ]
SQL: SELECT * FROM `pdc_user` WHERE `UID` = 11  [ RunTime:0.0013s ]
SQL: SELECT * FROM `pdc_user` WHERE `UID` = 6  [ RunTime:0.0011s ]
SQL: SELECT * FROM `pdc_user` WHERE `UID` = 6  [ RunTime:0.0011s ]
SQL: SELECT * FROM `pdc_user` WHERE `UID` = 6  [ RunTime:0.0012s ]
SQL: SELECT * FROM `pdc_user` WHERE `UID` = 6  [ RunTime:0.0011s ]
SQL: SELECT * FROM `pdc_user` WHERE `UID` = 11  [ RunTime:0.0010s ]
SQL: SELECT * FROM `pdc_user` WHERE `UID` = 9  [ RunTime:0.0011s ]
SQL: SELECT * FROM `pdc_user` WHERE `UID` = 6  [ RunTime:0.0011s ]
SQL: SELECT * FROM `pdc_user` WHERE `UID` = 6  [ RunTime:0.0013s ]
SQL: SELECT * FROM `pdc_user` WHERE `UID` = 9  [ RunTime:0.0011s ]
SQL: SELECT * FROM `pdc_user` WHERE `UID` = 7  [ RunTime:0.0011s ]
INFO: Run Behavior\ParseTemplateBehavior [ RunTime:0.057839s ]
INFO: [ view_parse ] --END-- [ RunTime:0.057925s ]
INFO: [ view_filter ] --START--
INFO: Run Behavior\WriteHtmlCacheBehavior [ RunTime:0.000782s ]
INFO: [ view_filter ] --END-- [ RunTime:0.000853s ]
INFO: [ app_end ] --START--
INFO: Run Behavior\ShowPageTraceBehavior [ RunTime:0.000620s ]
INFO: [ app_end ] --END-- [ RunTime:0.000706s ]

