[ 2017-05-13T04:10:40+08:00 ] 87.160.60.118 /Admin/index.html
INFO: [ app_init ] --START--
INFO: Run Behavior\BuildLiteBehavior [ RunTime:0.000024s ]
INFO: [ app_init ] --END-- [ RunTime:0.000197s ]
INFO: [ app_begin ] --START--
INFO: Run Behavior\ReadHtmlCacheBehavior [ RunTime:0.000148s ]
INFO: [ app_begin ] --END-- [ RunTime:0.000233s ]
SQL: SHOW COLUMNS FROM `pdc_user` [ RunTime:0.0103s ]
SQL: SELECT * FROM `pdc_user` WHERE `UserName` = 'Teaclon' AND `UID` = 88 LIMIT 1   [ RunTime:0.0010s ]
SQL: SELECT `Action` FROM `pdc_user` WHERE ( uid = 88 ) LIMIT 1   [ RunTime:0.0014s ]
SQL: SELECT * FROM `pdc_user` WHERE `UserName` = 'Teaclon' AND `UID` = 88 LIMIT 1   [ RunTime:0.0014s ]
SQL: SELECT * FROM `pdc_user` WHERE ( action = 11 ) LIMIT 1   [ RunTime:0.0013s ]
SQL: SHOW COLUMNS FROM `pdc_message` [ RunTime:0.0100s ]
SQL: SELECT COUNT(*) AS tp_count FROM `pdc_message` WHERE ( receiveuid = 1  and type='0' and state='0' ) LIMIT 1   [ RunTime:0.0015s ]
SQL: SELECT COUNT(*) AS tp_count FROM `pdc_message` WHERE ( receiveuid = 1  and type='0' and state='0' ) LIMIT 1   [ RunTime:0.0011s ]
SQL: SELECT COUNT(*) AS tp_count FROM `pdc_message` WHERE ( receiveuid = 1  and type='0' and state='1' ) LIMIT 1   [ RunTime:0.0014s ]
SQL: SELECT COUNT(*) AS tp_count FROM `pdc_user` LIMIT 1   [ RunTime:0.0016s ]
SQL: SHOW COLUMNS FROM `pdc_comment` [ RunTime:0.0097s ]
SQL: SELECT COUNT(*) AS tp_count FROM `pdc_comment` LIMIT 1   [ RunTime:0.0018s ]
SQL: SHOW COLUMNS FROM `pdc_plugin` [ RunTime:0.0103s ]
SQL: SELECT COUNT(*) AS tp_count FROM `pdc_plugin` LIMIT 1   [ RunTime:0.0011s ]
INFO: [ view_parse ] --START--
INFO: [ template_filter ] --START--
INFO: Run Behavior\ContentReplaceBehavior [ RunTime:0.000188s ]
INFO: [ template_filter ] --END-- [ RunTime:0.000275s ]
INFO: Run Behavior\ParseTemplateBehavior [ RunTime:0.021405s ]
INFO: [ view_parse ] --END-- [ RunTime:0.021505s ]
INFO: [ view_filter ] --START--
INFO: Run Behavior\WriteHtmlCacheBehavior [ RunTime:0.000753s ]
INFO: [ view_filter ] --END-- [ RunTime:0.000824s ]
INFO: [ app_end ] --START--
INFO: Run Behavior\ShowPageTraceBehavior [ RunTime:0.000749s ]
INFO: [ app_end ] --END-- [ RunTime:0.000838s ]

[ 2017-05-13T04:12:06+08:00 ] 87.160.60.118 /admin/index.html
INFO: [ app_init ] --START--
INFO: Run Behavior\BuildLiteBehavior [ RunTime:0.000025s ]
INFO: [ app_init ] --END-- [ RunTime:0.000201s ]
INFO: [ app_begin ] --START--
INFO: Run Behavior\ReadHtmlCacheBehavior [ RunTime:0.000152s ]
INFO: [ app_begin ] --END-- [ RunTime:0.000238s ]
SQL: SHOW COLUMNS FROM `pdc_user` [ RunTime:0.0102s ]
SQL: SELECT * FROM `pdc_user` WHERE `UserName` = 'Teaclon' AND `UID` = 88 LIMIT 1   [ RunTime:0.0012s ]
SQL: SELECT `Action` FROM `pdc_user` WHERE ( uid = 88 ) LIMIT 1   [ RunTime:0.0010s ]
SQL: SELECT * FROM `pdc_user` WHERE `UserName` = 'Teaclon' AND `UID` = 88 LIMIT 1   [ RunTime:0.0010s ]
SQL: SELECT * FROM `pdc_user` WHERE ( action = 11 ) LIMIT 1   [ RunTime:0.0011s ]
SQL: SHOW COLUMNS FROM `pdc_message` [ RunTime:0.0096s ]
SQL: SELECT COUNT(*) AS tp_count FROM `pdc_message` WHERE ( receiveuid = 1  and type='0' and state='0' ) LIMIT 1   [ RunTime:0.0015s ]
SQL: SELECT COUNT(*) AS tp_count FROM `pdc_message` WHERE ( receiveuid = 1  and type='0' and state='0' ) LIMIT 1   [ RunTime:0.0010s ]
SQL: SELECT COUNT(*) AS tp_count FROM `pdc_message` WHERE ( receiveuid = 1  and type='0' and state='1' ) LIMIT 1   [ RunTime:0.0010s ]
SQL: SELECT COUNT(*) AS tp_count FROM `pdc_user` LIMIT 1   [ RunTime:0.0010s ]
SQL: SHOW COLUMNS FROM `pdc_comment` [ RunTime:0.0094s ]
SQL: SELECT COUNT(*) AS tp_count FROM `pdc_comment` LIMIT 1   [ RunTime:0.0010s ]
SQL: SHOW COLUMNS FROM `pdc_plugin` [ RunTime:0.0097s ]
SQL: SELECT COUNT(*) AS tp_count FROM `pdc_plugin` LIMIT 1   [ RunTime:0.0010s ]
INFO: [ view_parse ] --START--
INFO: [ template_filter ] --START--
INFO: Run Behavior\ContentReplaceBehavior [ RunTime:0.000190s ]
INFO: [ template_filter ] --END-- [ RunTime:0.000275s ]
INFO: Run Behavior\ParseTemplateBehavior [ RunTime:0.021415s ]
INFO: [ view_parse ] --END-- [ RunTime:0.021516s ]
INFO: [ view_filter ] --START--
INFO: Run Behavior\WriteHtmlCacheBehavior [ RunTime:0.000767s ]
INFO: [ view_filter ] --END-- [ RunTime:0.000839s ]
INFO: [ app_end ] --START--
INFO: Run Behavior\ShowPageTraceBehavior [ RunTime:0.000773s ]
INFO: [ app_end ] --END-- [ RunTime:0.000862s ]

[ 2017-05-13T04:12:10+08:00 ] 87.160.60.118 /admin/index/user.html
INFO: [ app_init ] --START--
INFO: Run Behavior\BuildLiteBehavior [ RunTime:0.000022s ]
INFO: [ app_init ] --END-- [ RunTime:0.000160s ]
INFO: [ app_begin ] --START--
INFO: Run Behavior\ReadHtmlCacheBehavior [ RunTime:0.000154s ]
INFO: [ app_begin ] --END-- [ RunTime:0.000294s ]
SQL: SHOW COLUMNS FROM `pdc_user` [ RunTime:0.0110s ]
SQL: SELECT * FROM `pdc_user` WHERE `UserName` = 'Teaclon' AND `UID` = 88 LIMIT 1   [ RunTime:0.0013s ]
SQL: SELECT `Action` FROM `pdc_user` WHERE ( uid = 88 ) LIMIT 1   [ RunTime:0.0011s ]
SQL: SELECT * FROM `pdc_user` WHERE `UserName` = 'Teaclon' AND `UID` = 88 LIMIT 1   [ RunTime:0.0011s ]
SQL: SELECT * FROM `pdc_user` WHERE ( action = 11 ) LIMIT 1   [ RunTime:0.0011s ]
SQL: SHOW COLUMNS FROM `pdc_message` [ RunTime:0.0100s ]
SQL: SELECT COUNT(*) AS tp_count FROM `pdc_message` WHERE ( receiveuid = 1  and type='0' and state='0' ) LIMIT 1   [ RunTime:0.0011s ]
SQL: SELECT COUNT(*) AS tp_count FROM `pdc_message` WHERE ( receiveuid = 1  and type='0' and state='0' ) LIMIT 1   [ RunTime:0.0010s ]
SQL: SELECT COUNT(*) AS tp_count FROM `pdc_message` WHERE ( receiveuid = 1  and type='0' and state='1' ) LIMIT 1   [ RunTime:0.0011s ]
SQL: SELECT * FROM `pdc_user` LIMIT 0,30   [ RunTime:0.0018s ]
SQL: SELECT COUNT(*) AS tp_count FROM `pdc_user` LIMIT 1   [ RunTime:0.0009s ]
INFO: [ view_parse ] --START--
INFO: [ template_filter ] --START--
INFO: Run Behavior\ContentReplaceBehavior [ RunTime:0.000165s ]
INFO: [ template_filter ] --END-- [ RunTime:0.000252s ]
INFO: Run Behavior\ParseTemplateBehavior [ RunTime:0.021644s ]
INFO: [ view_parse ] --END-- [ RunTime:0.021751s ]
INFO: [ view_filter ] --START--
INFO: Run Behavior\WriteHtmlCacheBehavior [ RunTime:0.000668s ]
INFO: [ view_filter ] --END-- [ RunTime:0.000748s ]
INFO: [ app_end ] --START--
INFO: Run Behavior\ShowPageTraceBehavior [ RunTime:0.000638s ]
INFO: [ app_end ] --END-- [ RunTime:0.000744s ]

[ 2017-05-13T04:13:54+08:00 ] 87.160.60.118 /admin/index/setting.html
INFO: [ app_init ] --START--
INFO: Run Behavior\BuildLiteBehavior [ RunTime:0.000026s ]
INFO: [ app_init ] --END-- [ RunTime:0.000436s ]
INFO: [ app_begin ] --START--
INFO: Run Behavior\ReadHtmlCacheBehavior [ RunTime:0.000583s ]
INFO: [ app_begin ] --END-- [ RunTime:0.000722s ]
SQL: SHOW COLUMNS FROM `pdc_user` [ RunTime:0.0100s ]
SQL: SELECT * FROM `pdc_user` WHERE `UserName` = 'Teaclon' AND `UID` = 88 LIMIT 1   [ RunTime:0.0014s ]
SQL: SELECT `Action` FROM `pdc_user` WHERE ( uid = 88 ) LIMIT 1   [ RunTime:0.0008s ]
SQL: SELECT * FROM `pdc_user` WHERE `UserName` = 'Teaclon' AND `UID` = 88 LIMIT 1   [ RunTime:0.0010s ]
SQL: SELECT * FROM `pdc_user` WHERE ( action = 11 ) LIMIT 1   [ RunTime:0.0010s ]
SQL: SHOW COLUMNS FROM `pdc_message` [ RunTime:0.0091s ]
SQL: SELECT COUNT(*) AS tp_count FROM `pdc_message` WHERE ( receiveuid = 1  and type='0' and state='0' ) LIMIT 1   [ RunTime:0.0009s ]
SQL: SELECT COUNT(*) AS tp_count FROM `pdc_message` WHERE ( receiveuid = 1  and type='0' and state='0' ) LIMIT 1   [ RunTime:0.0010s ]
SQL: SELECT COUNT(*) AS tp_count FROM `pdc_message` WHERE ( receiveuid = 1  and type='0' and state='1' ) LIMIT 1   [ RunTime:0.0008s ]
NOTIC: [8] Uninitialized string offset: 0 E:\wwwroot\Xny66122012\wwwroot\Index\Admin\Controller\IndexController.class.php 第 148 行.
SQL: SHOW COLUMNS FROM `pdc_option` [ RunTime:0.0085s ]
SQL: SELECT `Value` FROM `pdc_option` WHERE ( Name = 'header_notice' ) LIMIT 1   [ RunTime:0.0010s ]
SQL: SELECT `Value` FROM `pdc_option` WHERE ( Name = 'Slide' ) LIMIT 1   [ RunTime:0.0008s ]
INFO: [ view_parse ] --START--
INFO: [ template_filter ] --START--
INFO: Run Behavior\ContentReplaceBehavior [ RunTime:0.000389s ]
INFO: [ template_filter ] --END-- [ RunTime:0.000489s ]
INFO: Run Behavior\ParseTemplateBehavior [ RunTime:0.021401s ]
INFO: [ view_parse ] --END-- [ RunTime:0.021497s ]
INFO: [ view_filter ] --START--
INFO: Run Behavior\WriteHtmlCacheBehavior [ RunTime:0.001012s ]
INFO: [ view_filter ] --END-- [ RunTime:0.001085s ]
INFO: [ app_end ] --START--
INFO: Run Behavior\ShowPageTraceBehavior [ RunTime:0.000796s ]
INFO: [ app_end ] --END-- [ RunTime:0.000880s ]

[ 2017-05-13T08:36:35+08:00 ] 223.104.1.157 /Admin/index.html
INFO: [ app_init ] --START--
INFO: Run Behavior\BuildLiteBehavior [ RunTime:0.000024s ]
INFO: [ app_init ] --END-- [ RunTime:0.000200s ]
INFO: [ app_begin ] --START--
INFO: Run Behavior\ReadHtmlCacheBehavior [ RunTime:0.000179s ]
INFO: [ app_begin ] --END-- [ RunTime:0.000270s ]
SQL: SHOW COLUMNS FROM `pdc_user` [ RunTime:0.0097s ]
SQL: SELECT * FROM `pdc_user` WHERE `UserName` = 'HyperLife' AND `UID` = 3 LIMIT 1   [ RunTime:0.0011s ]
SQL: SELECT `Action` FROM `pdc_user` WHERE ( uid = 3 ) LIMIT 1   [ RunTime:0.0012s ]
SQL: SELECT * FROM `pdc_user` WHERE `UserName` = 'HyperLife' AND `UID` = 3 LIMIT 1   [ RunTime:0.0010s ]
SQL: SELECT * FROM `pdc_user` WHERE ( action = 11 ) LIMIT 1   [ RunTime:0.0011s ]
SQL: SHOW COLUMNS FROM `pdc_message` [ RunTime:0.0098s ]
SQL: SELECT COUNT(*) AS tp_count FROM `pdc_message` WHERE ( receiveuid = 1  and type='0' and state='0' ) LIMIT 1   [ RunTime:0.0014s ]
SQL: SELECT COUNT(*) AS tp_count FROM `pdc_message` WHERE ( receiveuid = 1  and type='0' and state='0' ) LIMIT 1   [ RunTime:0.0009s ]
SQL: SELECT COUNT(*) AS tp_count FROM `pdc_message` WHERE ( receiveuid = 1  and type='0' and state='1' ) LIMIT 1   [ RunTime:0.0013s ]
SQL: SELECT COUNT(*) AS tp_count FROM `pdc_user` LIMIT 1   [ RunTime:0.0010s ]
SQL: SHOW COLUMNS FROM `pdc_comment` [ RunTime:0.0089s ]
SQL: SELECT COUNT(*) AS tp_count FROM `pdc_comment` LIMIT 1   [ RunTime:0.0011s ]
SQL: SHOW COLUMNS FROM `pdc_plugin` [ RunTime:0.0089s ]
SQL: SELECT COUNT(*) AS tp_count FROM `pdc_plugin` LIMIT 1   [ RunTime:0.0017s ]
INFO: [ view_parse ] --START--
INFO: [ template_filter ] --START--
INFO: Run Behavior\ContentReplaceBehavior [ RunTime:0.000189s ]
INFO: [ template_filter ] --END-- [ RunTime:0.000275s ]
INFO: Run Behavior\ParseTemplateBehavior [ RunTime:0.019046s ]
INFO: [ view_parse ] --END-- [ RunTime:0.019147s ]
INFO: [ view_filter ] --START--
INFO: Run Behavior\WriteHtmlCacheBehavior [ RunTime:0.000177s ]
INFO: [ view_filter ] --END-- [ RunTime:0.000246s ]
INFO: [ app_end ] --START--
INFO: Run Behavior\ShowPageTraceBehavior [ RunTime:0.000394s ]
INFO: [ app_end ] --END-- [ RunTime:0.000480s ]

[ 2017-05-13T08:36:37+08:00 ] 223.104.1.157 /admin/index/plugincheck.html
INFO: [ app_init ] --START--
INFO: Run Behavior\BuildLiteBehavior [ RunTime:0.000023s ]
INFO: [ app_init ] --END-- [ RunTime:0.000159s ]
INFO: [ app_begin ] --START--
INFO: Run Behavior\ReadHtmlCacheBehavior [ RunTime:0.000135s ]
INFO: [ app_begin ] --END-- [ RunTime:0.000220s ]
SQL: SHOW COLUMNS FROM `pdc_user` [ RunTime:0.0095s ]
SQL: SELECT * FROM `pdc_user` WHERE `UserName` = 'HyperLife' AND `UID` = 3 LIMIT 1   [ RunTime:0.0012s ]
SQL: SELECT `Action` FROM `pdc_user` WHERE ( uid = 3 ) LIMIT 1   [ RunTime:0.0010s ]
SQL: SELECT * FROM `pdc_user` WHERE `UserName` = 'HyperLife' AND `UID` = 3 LIMIT 1   [ RunTime:0.0013s ]
SQL: SELECT * FROM `pdc_user` WHERE ( action = 11 ) LIMIT 1   [ RunTime:0.0012s ]
SQL: SHOW COLUMNS FROM `pdc_message` [ RunTime:0.0099s ]
SQL: SELECT COUNT(*) AS tp_count FROM `pdc_message` WHERE ( receiveuid = 1  and type='0' and state='0' ) LIMIT 1   [ RunTime:0.0010s ]
SQL: SELECT COUNT(*) AS tp_count FROM `pdc_message` WHERE ( receiveuid = 1  and type='0' and state='0' ) LIMIT 1   [ RunTime:0.0014s ]
SQL: SELECT COUNT(*) AS tp_count FROM `pdc_message` WHERE ( receiveuid = 1  and type='0' and state='1' ) LIMIT 1   [ RunTime:0.0011s ]
SQL: SHOW COLUMNS FROM `pdc_plugin` [ RunTime:0.0091s ]
SQL: SELECT * FROM `pdc_plugin` WHERE `PluginState` = 0 ORDER BY UpdateTime asc,PID asc LIMIT 0,30   [ RunTime:0.0081s ]
SQL: SELECT COUNT(*) AS tp_count FROM `pdc_plugin` LIMIT 1   [ RunTime:0.0011s ]
INFO: [ view_parse ] --START--
INFO: [ template_filter ] --START--
INFO: Run Behavior\ContentReplaceBehavior [ RunTime:0.000188s ]
INFO: [ template_filter ] --END-- [ RunTime:0.000275s ]
SQL: SELECT * FROM `pdc_user` WHERE `UID` = 95  [ RunTime:0.0015s ]
INFO: Run Behavior\ParseTemplateBehavior [ RunTime:0.020024s ]
INFO: [ view_parse ] --END-- [ RunTime:0.020108s ]
INFO: [ view_filter ] --START--
INFO: Run Behavior\WriteHtmlCacheBehavior [ RunTime:0.000165s ]
INFO: [ view_filter ] --END-- [ RunTime:0.000224s ]
INFO: [ app_end ] --START--
INFO: Run Behavior\ShowPageTraceBehavior [ RunTime:0.000431s ]
INFO: [ app_end ] --END-- [ RunTime:0.000515s ]

[ 2017-05-13T08:37:22+08:00 ] 223.104.1.157 /admin/index/accplugin.html
INFO: [ app_init ] --START--
INFO: Run Behavior\BuildLiteBehavior [ RunTime:0.000023s ]
INFO: [ app_init ] --END-- [ RunTime:0.000216s ]
INFO: [ app_begin ] --START--
INFO: Run Behavior\ReadHtmlCacheBehavior [ RunTime:0.000165s ]
INFO: [ app_begin ] --END-- [ RunTime:0.000249s ]
SQL: SHOW COLUMNS FROM `pdc_user` [ RunTime:0.0098s ]
SQL: SELECT * FROM `pdc_user` WHERE `UserName` = 'HyperLife' AND `UID` = 3 LIMIT 1   [ RunTime:0.0014s ]
SQL: SELECT `Action` FROM `pdc_user` WHERE ( uid = 3 ) LIMIT 1   [ RunTime:0.0009s ]
SQL: SELECT * FROM `pdc_user` WHERE `UserName` = 'HyperLife' AND `UID` = 3 LIMIT 1   [ RunTime:0.0019s ]
SQL: SELECT * FROM `pdc_user` WHERE ( action = 11 ) LIMIT 1   [ RunTime:0.0011s ]
SQL: SHOW COLUMNS FROM `pdc_message` [ RunTime:0.0088s ]
SQL: SELECT COUNT(*) AS tp_count FROM `pdc_message` WHERE ( receiveuid = 1  and type='0' and state='0' ) LIMIT 1   [ RunTime:0.0010s ]
SQL: SELECT COUNT(*) AS tp_count FROM `pdc_message` WHERE ( receiveuid = 1  and type='0' and state='0' ) LIMIT 1   [ RunTime:0.0013s ]
SQL: SELECT COUNT(*) AS tp_count FROM `pdc_message` WHERE ( receiveuid = 1  and type='0' and state='1' ) LIMIT 1   [ RunTime:0.0010s ]
SQL: SHOW COLUMNS FROM `pdc_plugin` [ RunTime:0.0091s ]
SQL: SELECT * FROM `pdc_plugin` WHERE `PID` = 44 LIMIT 1   [ RunTime:0.0072s ]
SQL: UPDATE `pdc_plugin` SET `PluginState`='1' WHERE `PID` = 44 [ RunTime:0.0029s ]
SQL: INSERT INTO `pdc_message` (`receiveuid`,`senderuid`,`date`,`state`,`type`,`content`) VALUES ('95','1','2017-05-13','0','1','{\"title\":\"\\u4f60\\u7684\\u63d2\\u4ef6[\\u9e92\\u9e9f\\u81c2]\\u5df2\\u901a\\u8fc7\\u5ba1\\u6838\",\"content\":\"\\u4f60\\u7684\\u63d2\\u4ef6[\\u9e92\\u9e9f\\u81c2]\\u5df2\\u901a\\u8fc7\\u5ba1\\u6838\\uff01<br>\\u8be6\\u7ec6\\u5185\\u5bb9\\u8bf7\\u89c1\\u63d2\\u4ef6PID:<a href=\'\\/plugin\\/44.html\' target=\'_blank\'>44<\\/a>\"}') [ RunTime:0.0025s ]
SQL: SHOW COLUMNS FROM `pdc_broadcast` [ RunTime:0.0095s ]
SQL: INSERT INTO `pdc_broadcast` (`content`,`uid`) VALUES ('插件：麒麟臂发布了！
请点击：http://liangzi.xicp.net/plugin/44.html查看详情','95') [ RunTime:0.0042s ]

[ 2017-05-13T08:37:41+08:00 ] 223.104.1.157 /Admin/index.html
INFO: [ app_init ] --START--
INFO: Run Behavior\BuildLiteBehavior [ RunTime:0.000023s ]
INFO: [ app_init ] --END-- [ RunTime:0.000190s ]
INFO: [ app_begin ] --START--
INFO: Run Behavior\ReadHtmlCacheBehavior [ RunTime:0.000148s ]
INFO: [ app_begin ] --END-- [ RunTime:0.000230s ]
SQL: SHOW COLUMNS FROM `pdc_user` [ RunTime:0.0097s ]
SQL: SELECT * FROM `pdc_user` WHERE `UserName` = 'HyperLife' AND `UID` = 3 LIMIT 1   [ RunTime:0.0012s ]
SQL: SELECT `Action` FROM `pdc_user` WHERE ( uid = 3 ) LIMIT 1   [ RunTime:0.0010s ]
SQL: SELECT * FROM `pdc_user` WHERE `UserName` = 'HyperLife' AND `UID` = 3 LIMIT 1   [ RunTime:0.0012s ]
SQL: SELECT * FROM `pdc_user` WHERE ( action = 11 ) LIMIT 1   [ RunTime:0.0011s ]
SQL: SHOW COLUMNS FROM `pdc_message` [ RunTime:0.0090s ]
SQL: SELECT COUNT(*) AS tp_count FROM `pdc_message` WHERE ( receiveuid = 1  and type='0' and state='0' ) LIMIT 1   [ RunTime:0.0018s ]
SQL: SELECT COUNT(*) AS tp_count FROM `pdc_message` WHERE ( receiveuid = 1  and type='0' and state='0' ) LIMIT 1   [ RunTime:0.0016s ]
SQL: SELECT COUNT(*) AS tp_count FROM `pdc_message` WHERE ( receiveuid = 1  and type='0' and state='1' ) LIMIT 1   [ RunTime:0.0020s ]
SQL: SELECT COUNT(*) AS tp_count FROM `pdc_user` LIMIT 1   [ RunTime:0.0012s ]
SQL: SHOW COLUMNS FROM `pdc_comment` [ RunTime:0.0090s ]
SQL: SELECT COUNT(*) AS tp_count FROM `pdc_comment` LIMIT 1   [ RunTime:0.0011s ]
SQL: SHOW COLUMNS FROM `pdc_plugin` [ RunTime:0.0090s ]
SQL: SELECT COUNT(*) AS tp_count FROM `pdc_plugin` LIMIT 1   [ RunTime:0.0011s ]
INFO: [ view_parse ] --START--
INFO: [ template_filter ] --START--
INFO: Run Behavior\ContentReplaceBehavior [ RunTime:0.000194s ]
INFO: [ template_filter ] --END-- [ RunTime:0.000278s ]
INFO: Run Behavior\ParseTemplateBehavior [ RunTime:0.017749s ]
INFO: [ view_parse ] --END-- [ RunTime:0.017926s ]
INFO: [ view_filter ] --START--
INFO: Run Behavior\WriteHtmlCacheBehavior [ RunTime:0.000180s ]
INFO: [ view_filter ] --END-- [ RunTime:0.000246s ]
INFO: [ app_end ] --START--
INFO: Run Behavior\ShowPageTraceBehavior [ RunTime:0.000419s ]
INFO: [ app_end ] --END-- [ RunTime:0.000525s ]

[ 2017-05-13T08:37:44+08:00 ] 223.104.1.157 /admin/index/plugin.html
INFO: [ app_init ] --START--
INFO: Run Behavior\BuildLiteBehavior [ RunTime:0.000022s ]
INFO: [ app_init ] --END-- [ RunTime:0.000163s ]
INFO: [ app_begin ] --START--
INFO: Run Behavior\ReadHtmlCacheBehavior [ RunTime:0.000137s ]
INFO: [ app_begin ] --END-- [ RunTime:0.000220s ]
SQL: SHOW COLUMNS FROM `pdc_user` [ RunTime:0.0100s ]
SQL: SELECT * FROM `pdc_user` WHERE `UserName` = 'HyperLife' AND `UID` = 3 LIMIT 1   [ RunTime:0.0025s ]
SQL: SELECT `Action` FROM `pdc_user` WHERE ( uid = 3 ) LIMIT 1   [ RunTime:0.0012s ]
SQL: SELECT * FROM `pdc_user` WHERE `UserName` = 'HyperLife' AND `UID` = 3 LIMIT 1   [ RunTime:0.0011s ]
SQL: SELECT * FROM `pdc_user` WHERE ( action = 11 ) LIMIT 1   [ RunTime:0.0011s ]
SQL: SHOW COLUMNS FROM `pdc_message` [ RunTime:0.0087s ]
SQL: SELECT COUNT(*) AS tp_count FROM `pdc_message` WHERE ( receiveuid = 1  and type='0' and state='0' ) LIMIT 1   [ RunTime:0.0010s ]
SQL: SELECT COUNT(*) AS tp_count FROM `pdc_message` WHERE ( receiveuid = 1  and type='0' and state='0' ) LIMIT 1   [ RunTime:0.0022s ]
SQL: SELECT COUNT(*) AS tp_count FROM `pdc_message` WHERE ( receiveuid = 1  and type='0' and state='1' ) LIMIT 1   [ RunTime:0.0011s ]
SQL: SHOW COLUMNS FROM `pdc_plugin` [ RunTime:0.0098s ]
SQL: SELECT * FROM `pdc_plugin` ORDER BY UpdateTime desc,PID desc LIMIT 0,30   [ RunTime:0.0170s ]
SQL: SELECT COUNT(*) AS tp_count FROM `pdc_plugin` LIMIT 1   [ RunTime:0.0012s ]
INFO: [ view_parse ] --START--
INFO: [ template_filter ] --START--
INFO: Run Behavior\ContentReplaceBehavior [ RunTime:0.000179s ]
INFO: [ template_filter ] --END-- [ RunTime:0.000265s ]
SQL: SELECT * FROM `pdc_user` WHERE `UID` = 95  [ RunTime:0.0011s ]
SQL: SELECT * FROM `pdc_user` WHERE `UID` = 3  [ RunTime:0.0015s ]
SQL: SELECT * FROM `pdc_user` WHERE `UID` = 36  [ RunTime:0.0015s ]
SQL: SELECT * FROM `pdc_user` WHERE `UID` = 2  [ RunTime:0.0015s ]
SQL: SELECT * FROM `pdc_user` WHERE `UID` = 3  [ RunTime:0.0011s ]
SQL: SELECT * FROM `pdc_user` WHERE `UID` = 87  [ RunTime:0.0014s ]
SQL: SELECT * FROM `pdc_user` WHERE `UID` = 87  [ RunTime:0.0011s ]
SQL: SELECT * FROM `pdc_user` WHERE `UID` = 80  [ RunTime:0.0011s ]
SQL: SELECT * FROM `pdc_user` WHERE `UID` = 22  [ RunTime:0.0014s ]
SQL: SELECT * FROM `pdc_user` WHERE `UID` = 35  [ RunTime:0.0010s ]
SQL: SELECT * FROM `pdc_user` WHERE `UID` = 14  [ RunTime:0.0015s ]
SQL: SELECT * FROM `pdc_user` WHERE `UID` = 3  [ RunTime:0.0013s ]
SQL: SELECT * FROM `pdc_user` WHERE `UID` = 9  [ RunTime:0.0018s ]
SQL: SELECT * FROM `pdc_user` WHERE `UID` = 11  [ RunTime:0.0014s ]
SQL: SELECT * FROM `pdc_user` WHERE `UID` = 11  [ RunTime:0.0012s ]
SQL: SELECT * FROM `pdc_user` WHERE `UID` = 11  [ RunTime:0.0013s ]
SQL: SELECT * FROM `pdc_user` WHERE `UID` = 6  [ RunTime:0.0015s ]
SQL: SELECT * FROM `pdc_user` WHERE `UID` = 6  [ RunTime:0.0012s ]
SQL: SELECT * FROM `pdc_user` WHERE `UID` = 6  [ RunTime:0.0011s ]
SQL: SELECT * FROM `pdc_user` WHERE `UID` = 6  [ RunTime:0.0011s ]
SQL: SELECT * FROM `pdc_user` WHERE `UID` = 11  [ RunTime:0.0022s ]
SQL: SELECT * FROM `pdc_user` WHERE `UID` = 9  [ RunTime:0.0012s ]
SQL: SELECT * FROM `pdc_user` WHERE `UID` = 6  [ RunTime:0.0013s ]
SQL: SELECT * FROM `pdc_user` WHERE `UID` = 6  [ RunTime:0.0012s ]
SQL: SELECT * FROM `pdc_user` WHERE `UID` = 9  [ RunTime:0.0011s ]
SQL: SELECT * FROM `pdc_user` WHERE `UID` = 7  [ RunTime:0.0013s ]
INFO: Run Behavior\ParseTemplateBehavior [ RunTime:0.064113s ]
INFO: [ view_parse ] --END-- [ RunTime:0.064195s ]
INFO: [ view_filter ] --START--
INFO: Run Behavior\WriteHtmlCacheBehavior [ RunTime:0.000168s ]
INFO: [ view_filter ] --END-- [ RunTime:0.000228s ]
INFO: [ app_end ] --START--
INFO: Run Behavior\ShowPageTraceBehavior [ RunTime:0.000437s ]
INFO: [ app_end ] --END-- [ RunTime:0.000527s ]

[ 2017-05-13T13:09:58+08:00 ] 223.74.166.85 /Admin/index.html
INFO: [ app_init ] --START--
INFO: Run Behavior\BuildLiteBehavior [ RunTime:0.000027s ]
INFO: [ app_init ] --END-- [ RunTime:0.000567s ]
INFO: [ app_begin ] --START--
INFO: Run Behavior\ReadHtmlCacheBehavior [ RunTime:0.000159s ]
INFO: [ app_begin ] --END-- [ RunTime:0.000247s ]
SQL: SHOW COLUMNS FROM `pdc_user` [ RunTime:0.0097s ]
SQL: SELECT * FROM `pdc_user` WHERE `UserName` = 'HyperLife' AND `UID` = 3 LIMIT 1   [ RunTime:0.0013s ]
SQL: SELECT `Action` FROM `pdc_user` WHERE ( uid = 3 ) LIMIT 1   [ RunTime:0.0014s ]
SQL: SELECT * FROM `pdc_user` WHERE `UserName` = 'HyperLife' AND `UID` = 3 LIMIT 1   [ RunTime:0.0012s ]
SQL: SELECT * FROM `pdc_user` WHERE ( action = 11 ) LIMIT 1   [ RunTime:0.0014s ]
SQL: SHOW COLUMNS FROM `pdc_message` [ RunTime:0.0101s ]
SQL: SELECT COUNT(*) AS tp_count FROM `pdc_message` WHERE ( receiveuid = 1  and type='0' and state='0' ) LIMIT 1   [ RunTime:0.0015s ]
SQL: SELECT COUNT(*) AS tp_count FROM `pdc_message` WHERE ( receiveuid = 1  and type='0' and state='0' ) LIMIT 1   [ RunTime:0.0017s ]
SQL: SELECT COUNT(*) AS tp_count FROM `pdc_message` WHERE ( receiveuid = 1  and type='0' and state='1' ) LIMIT 1   [ RunTime:0.0014s ]
SQL: SELECT COUNT(*) AS tp_count FROM `pdc_user` LIMIT 1   [ RunTime:0.0011s ]
SQL: SHOW COLUMNS FROM `pdc_comment` [ RunTime:0.0088s ]
SQL: SELECT COUNT(*) AS tp_count FROM `pdc_comment` LIMIT 1   [ RunTime:0.0012s ]
SQL: SHOW COLUMNS FROM `pdc_plugin` [ RunTime:0.0111s ]
SQL: SELECT COUNT(*) AS tp_count FROM `pdc_plugin` LIMIT 1   [ RunTime:0.0010s ]
INFO: [ view_parse ] --START--
INFO: [ template_filter ] --START--
INFO: Run Behavior\ContentReplaceBehavior [ RunTime:0.000184s ]
INFO: [ template_filter ] --END-- [ RunTime:0.000269s ]
INFO: Run Behavior\ParseTemplateBehavior [ RunTime:0.018295s ]
INFO: [ view_parse ] --END-- [ RunTime:0.018399s ]
INFO: [ view_filter ] --START--
INFO: Run Behavior\WriteHtmlCacheBehavior [ RunTime:0.000766s ]
INFO: [ view_filter ] --END-- [ RunTime:0.000845s ]
INFO: [ app_end ] --START--
INFO: Run Behavior\ShowPageTraceBehavior [ RunTime:0.000868s ]
INFO: [ app_end ] --END-- [ RunTime:0.000963s ]

[ 2017-05-13T13:10:01+08:00 ] 223.74.166.85 /admin/index/plugincheck.html
INFO: [ app_init ] --START--
INFO: Run Behavior\BuildLiteBehavior [ RunTime:0.000022s ]
INFO: [ app_init ] --END-- [ RunTime:0.000162s ]
INFO: [ app_begin ] --START--
INFO: Run Behavior\ReadHtmlCacheBehavior [ RunTime:0.000147s ]
INFO: [ app_begin ] --END-- [ RunTime:0.000235s ]
SQL: SHOW COLUMNS FROM `pdc_user` [ RunTime:0.0096s ]
SQL: SELECT * FROM `pdc_user` WHERE `UserName` = 'HyperLife' AND `UID` = 3 LIMIT 1   [ RunTime:0.0013s ]
SQL: SELECT `Action` FROM `pdc_user` WHERE ( uid = 3 ) LIMIT 1   [ RunTime:0.0011s ]
SQL: SELECT * FROM `pdc_user` WHERE `UserName` = 'HyperLife' AND `UID` = 3 LIMIT 1   [ RunTime:0.0016s ]
SQL: SELECT * FROM `pdc_user` WHERE ( action = 11 ) LIMIT 1   [ RunTime:0.0013s ]
SQL: SHOW COLUMNS FROM `pdc_message` [ RunTime:0.0099s ]
SQL: SELECT COUNT(*) AS tp_count FROM `pdc_message` WHERE ( receiveuid = 1  and type='0' and state='0' ) LIMIT 1   [ RunTime:0.0011s ]
SQL: SELECT COUNT(*) AS tp_count FROM `pdc_message` WHERE ( receiveuid = 1  and type='0' and state='0' ) LIMIT 1   [ RunTime:0.0010s ]
SQL: SELECT COUNT(*) AS tp_count FROM `pdc_message` WHERE ( receiveuid = 1  and type='0' and state='1' ) LIMIT 1   [ RunTime:0.0011s ]
SQL: SHOW COLUMNS FROM `pdc_plugin` [ RunTime:0.0095s ]
SQL: SELECT * FROM `pdc_plugin` WHERE `PluginState` = 0 ORDER BY UpdateTime asc,PID asc LIMIT 0,30   [ RunTime:0.0018s ]
SQL: SELECT COUNT(*) AS tp_count FROM `pdc_plugin` LIMIT 1   [ RunTime:0.0011s ]
INFO: [ view_parse ] --START--
INFO: [ template_filter ] --START--
INFO: Run Behavior\ContentReplaceBehavior [ RunTime:0.000186s ]
INFO: [ template_filter ] --END-- [ RunTime:0.000270s ]
INFO: Run Behavior\ParseTemplateBehavior [ RunTime:0.017765s ]
INFO: [ view_parse ] --END-- [ RunTime:0.017868s ]
INFO: [ view_filter ] --START--
INFO: Run Behavior\WriteHtmlCacheBehavior [ RunTime:0.000606s ]
INFO: [ view_filter ] --END-- [ RunTime:0.000675s ]
INFO: [ app_end ] --START--
INFO: Run Behavior\ShowPageTraceBehavior [ RunTime:0.000584s ]
INFO: [ app_end ] --END-- [ RunTime:0.000666s ]

[ 2017-05-13T20:40:17+08:00 ] 183.232.90.97 /Admin/index.html
INFO: [ app_init ] --START--
INFO: Run Behavior\BuildLiteBehavior [ RunTime:0.000024s ]
INFO: [ app_init ] --END-- [ RunTime:0.001552s ]
INFO: [ app_begin ] --START--
INFO: Run Behavior\ReadHtmlCacheBehavior [ RunTime:0.002101s ]
INFO: [ app_begin ] --END-- [ RunTime:0.002204s ]
SQL: SHOW COLUMNS FROM `pdc_user` [ RunTime:0.0096s ]
SQL: SELECT * FROM `pdc_user` WHERE `UserName` = 'Ehere' AND `UID` = 22 LIMIT 1   [ RunTime:0.0011s ]
SQL: SELECT `Action` FROM `pdc_user` WHERE ( uid = 22 ) LIMIT 1   [ RunTime:0.0012s ]
SQL: SELECT * FROM `pdc_user` WHERE `UserName` = 'Ehere' AND `UID` = 22 LIMIT 1   [ RunTime:0.0011s ]
SQL: SELECT * FROM `pdc_user` WHERE ( action = 11 ) LIMIT 1   [ RunTime:0.0014s ]
SQL: SHOW COLUMNS FROM `pdc_message` [ RunTime:0.0086s ]
SQL: SELECT COUNT(*) AS tp_count FROM `pdc_message` WHERE ( receiveuid = 1  and type='0' and state='0' ) LIMIT 1   [ RunTime:0.0012s ]
SQL: SELECT COUNT(*) AS tp_count FROM `pdc_message` WHERE ( receiveuid = 1  and type='0' and state='0' ) LIMIT 1   [ RunTime:0.0017s ]
SQL: SELECT COUNT(*) AS tp_count FROM `pdc_message` WHERE ( receiveuid = 1  and type='0' and state='1' ) LIMIT 1   [ RunTime:0.0013s ]
SQL: SELECT COUNT(*) AS tp_count FROM `pdc_user` LIMIT 1   [ RunTime:0.0012s ]
SQL: SHOW COLUMNS FROM `pdc_comment` [ RunTime:0.0096s ]
SQL: SELECT COUNT(*) AS tp_count FROM `pdc_comment` LIMIT 1   [ RunTime:0.0010s ]
SQL: SHOW COLUMNS FROM `pdc_plugin` [ RunTime:0.0091s ]
SQL: SELECT COUNT(*) AS tp_count FROM `pdc_plugin` LIMIT 1   [ RunTime:0.0011s ]
INFO: [ view_parse ] --START--
INFO: [ template_filter ] --START--
INFO: Run Behavior\ContentReplaceBehavior [ RunTime:0.000193s ]
INFO: [ template_filter ] --END-- [ RunTime:0.000280s ]
INFO: Run Behavior\ParseTemplateBehavior [ RunTime:0.055505s ]
INFO: [ view_parse ] --END-- [ RunTime:0.055610s ]
INFO: [ view_filter ] --START--
INFO: Run Behavior\WriteHtmlCacheBehavior [ RunTime:0.001353s ]
INFO: [ view_filter ] --END-- [ RunTime:0.001440s ]
INFO: [ app_end ] --START--
INFO: Run Behavior\ShowPageTraceBehavior [ RunTime:0.002421s ]
INFO: [ app_end ] --END-- [ RunTime:0.002521s ]

[ 2017-05-13T20:40:25+08:00 ] 183.232.90.97 /admin/index/plugin.html
INFO: [ app_init ] --START--
INFO: Run Behavior\BuildLiteBehavior [ RunTime:0.000022s ]
INFO: [ app_init ] --END-- [ RunTime:0.000202s ]
INFO: [ app_begin ] --START--
INFO: Run Behavior\ReadHtmlCacheBehavior [ RunTime:0.000140s ]
INFO: [ app_begin ] --END-- [ RunTime:0.000225s ]
SQL: SHOW COLUMNS FROM `pdc_user` [ RunTime:0.0101s ]
SQL: SELECT * FROM `pdc_user` WHERE `UserName` = 'Ehere' AND `UID` = 22 LIMIT 1   [ RunTime:0.0010s ]
SQL: SELECT `Action` FROM `pdc_user` WHERE ( uid = 22 ) LIMIT 1   [ RunTime:0.0011s ]
SQL: SELECT * FROM `pdc_user` WHERE `UserName` = 'Ehere' AND `UID` = 22 LIMIT 1   [ RunTime:0.0012s ]
SQL: SELECT * FROM `pdc_user` WHERE ( action = 11 ) LIMIT 1   [ RunTime:0.0017s ]
SQL: SHOW COLUMNS FROM `pdc_message` [ RunTime:0.0088s ]
SQL: SELECT COUNT(*) AS tp_count FROM `pdc_message` WHERE ( receiveuid = 1  and type='0' and state='0' ) LIMIT 1   [ RunTime:0.0015s ]
SQL: SELECT COUNT(*) AS tp_count FROM `pdc_message` WHERE ( receiveuid = 1  and type='0' and state='0' ) LIMIT 1   [ RunTime:0.0009s ]
SQL: SELECT COUNT(*) AS tp_count FROM `pdc_message` WHERE ( receiveuid = 1  and type='0' and state='1' ) LIMIT 1   [ RunTime:0.0010s ]
SQL: SHOW COLUMNS FROM `pdc_plugin` [ RunTime:0.0094s ]
SQL: SELECT * FROM `pdc_plugin` ORDER BY UpdateTime desc,PID desc LIMIT 0,30   [ RunTime:0.0088s ]
SQL: SELECT COUNT(*) AS tp_count FROM `pdc_plugin` LIMIT 1   [ RunTime:0.0014s ]
INFO: [ view_parse ] --START--
INFO: [ template_filter ] --START--
INFO: Run Behavior\ContentReplaceBehavior [ RunTime:0.000180s ]
INFO: [ template_filter ] --END-- [ RunTime:0.000268s ]
SQL: SELECT * FROM `pdc_user` WHERE `UID` = 3  [ RunTime:0.0015s ]
SQL: SELECT * FROM `pdc_user` WHERE `UID` = 36  [ RunTime:0.0013s ]
SQL: SELECT * FROM `pdc_user` WHERE `UID` = 2  [ RunTime:0.0015s ]
SQL: SELECT * FROM `pdc_user` WHERE `UID` = 3  [ RunTime:0.0010s ]
SQL: SELECT * FROM `pdc_user` WHERE `UID` = 87  [ RunTime:0.0014s ]
SQL: SELECT * FROM `pdc_user` WHERE `UID` = 87  [ RunTime:0.0012s ]
SQL: SELECT * FROM `pdc_user` WHERE `UID` = 80  [ RunTime:0.0013s ]
SQL: SELECT * FROM `pdc_user` WHERE `UID` = 22  [ RunTime:0.0019s ]
SQL: SELECT * FROM `pdc_user` WHERE `UID` = 35  [ RunTime:0.0014s ]
SQL: SELECT * FROM `pdc_user` WHERE `UID` = 14  [ RunTime:0.0020s ]
SQL: SELECT * FROM `pdc_user` WHERE `UID` = 3  [ RunTime:0.0011s ]
SQL: SELECT * FROM `pdc_user` WHERE `UID` = 9  [ RunTime:0.0023s ]
SQL: SELECT * FROM `pdc_user` WHERE `UID` = 11  [ RunTime:0.0014s ]
SQL: SELECT * FROM `pdc_user` WHERE `UID` = 11  [ RunTime:0.0012s ]
SQL: SELECT * FROM `pdc_user` WHERE `UID` = 11  [ RunTime:0.0011s ]
SQL: SELECT * FROM `pdc_user` WHERE `UID` = 6  [ RunTime:0.0015s ]
SQL: SELECT * FROM `pdc_user` WHERE `UID` = 6  [ RunTime:0.0011s ]
SQL: SELECT * FROM `pdc_user` WHERE `UID` = 6  [ RunTime:0.0011s ]
SQL: SELECT * FROM `pdc_user` WHERE `UID` = 6  [ RunTime:0.0011s ]
SQL: SELECT * FROM `pdc_user` WHERE `UID` = 11  [ RunTime:0.0012s ]
SQL: SELECT * FROM `pdc_user` WHERE `UID` = 9  [ RunTime:0.0012s ]
SQL: SELECT * FROM `pdc_user` WHERE `UID` = 6  [ RunTime:0.0012s ]
SQL: SELECT * FROM `pdc_user` WHERE `UID` = 6  [ RunTime:0.0011s ]
SQL: SELECT * FROM `pdc_user` WHERE `UID` = 9  [ RunTime:0.0011s ]
SQL: SELECT * FROM `pdc_user` WHERE `UID` = 7  [ RunTime:0.0014s ]
INFO: Run Behavior\ParseTemplateBehavior [ RunTime:0.062223s ]
INFO: [ view_parse ] --END-- [ RunTime:0.062305s ]
INFO: [ view_filter ] --START--
INFO: Run Behavior\WriteHtmlCacheBehavior [ RunTime:0.000745s ]
INFO: [ view_filter ] --END-- [ RunTime:0.000819s ]
INFO: [ app_end ] --START--
INFO: Run Behavior\ShowPageTraceBehavior [ RunTime:0.000612s ]
INFO: [ app_end ] --END-- [ RunTime:0.000702s ]

[ 2017-05-13T21:30:34+08:00 ] 14.17.37.72 /admin/index/plugincheck.html
INFO: [ app_init ] --START--
INFO: Run Behavior\BuildLiteBehavior [ RunTime:0.000022s ]
INFO: [ app_init ] --END-- [ RunTime:0.000149s ]
INFO: [ app_begin ] --START--
INFO: Run Behavior\ReadHtmlCacheBehavior [ RunTime:0.000126s ]
INFO: [ app_begin ] --END-- [ RunTime:0.000210s ]
SQL: SHOW COLUMNS FROM `pdc_user` [ RunTime:0.0097s ]
SQL: SELECT * FROM `pdc_user` WHERE `UserName` = 'Ehere' AND `UID` = 22 LIMIT 1   [ RunTime:0.0012s ]
SQL: SELECT `Action` FROM `pdc_user` WHERE ( uid = 22 ) LIMIT 1   [ RunTime:0.0011s ]
SQL: SELECT * FROM `pdc_user` WHERE `UserName` = 'Ehere' AND `UID` = 22 LIMIT 1   [ RunTime:0.0010s ]
SQL: SELECT * FROM `pdc_user` WHERE ( action = 11 ) LIMIT 1   [ RunTime:0.0009s ]
SQL: SHOW COLUMNS FROM `pdc_message` [ RunTime:0.0094s ]
SQL: SELECT COUNT(*) AS tp_count FROM `pdc_message` WHERE ( receiveuid = 1  and type='0' and state='0' ) LIMIT 1   [ RunTime:0.0009s ]
SQL: SELECT COUNT(*) AS tp_count FROM `pdc_message` WHERE ( receiveuid = 1  and type='0' and state='0' ) LIMIT 1   [ RunTime:0.0009s ]
SQL: SELECT COUNT(*) AS tp_count FROM `pdc_message` WHERE ( receiveuid = 1  and type='0' and state='1' ) LIMIT 1   [ RunTime:0.0009s ]
SQL: SHOW COLUMNS FROM `pdc_plugin` [ RunTime:0.0091s ]
SQL: SELECT * FROM `pdc_plugin` WHERE `PluginState` = 0 ORDER BY UpdateTime asc,PID asc LIMIT 0,30   [ RunTime:0.0015s ]
SQL: SELECT COUNT(*) AS tp_count FROM `pdc_plugin` LIMIT 1   [ RunTime:0.0010s ]
INFO: [ view_parse ] --START--
INFO: [ template_filter ] --START--
INFO: Run Behavior\ContentReplaceBehavior [ RunTime:0.000190s ]
INFO: [ template_filter ] --END-- [ RunTime:0.000287s ]
INFO: Run Behavior\ParseTemplateBehavior [ RunTime:0.017704s ]
INFO: [ view_parse ] --END-- [ RunTime:0.017809s ]
INFO: [ view_filter ] --START--
INFO: Run Behavior\WriteHtmlCacheBehavior [ RunTime:0.000746s ]
INFO: [ view_filter ] --END-- [ RunTime:0.000818s ]
INFO: [ app_end ] --START--
INFO: Run Behavior\ShowPageTraceBehavior [ RunTime:0.000572s ]
INFO: [ app_end ] --END-- [ RunTime:0.000652s ]

[ 2017-05-13T21:30:40+08:00 ] 14.17.37.72 /admin/index/plugincheck.html
INFO: [ app_init ] --START--
INFO: Run Behavior\BuildLiteBehavior [ RunTime:0.000023s ]
INFO: [ app_init ] --END-- [ RunTime:0.000160s ]
INFO: [ app_begin ] --START--
INFO: Run Behavior\ReadHtmlCacheBehavior [ RunTime:0.000151s ]
INFO: [ app_begin ] --END-- [ RunTime:0.000243s ]
SQL: SHOW COLUMNS FROM `pdc_user` [ RunTime:0.0096s ]
SQL: SELECT * FROM `pdc_user` WHERE `UserName` = 'Ehere' AND `UID` = 22 LIMIT 1   [ RunTime:0.0013s ]
SQL: SELECT `Action` FROM `pdc_user` WHERE ( uid = 22 ) LIMIT 1   [ RunTime:0.0011s ]
SQL: SELECT * FROM `pdc_user` WHERE `UserName` = 'Ehere' AND `UID` = 22 LIMIT 1   [ RunTime:0.0015s ]
SQL: SELECT * FROM `pdc_user` WHERE ( action = 11 ) LIMIT 1   [ RunTime:0.0012s ]
SQL: SHOW COLUMNS FROM `pdc_message` [ RunTime:0.0091s ]
SQL: SELECT COUNT(*) AS tp_count FROM `pdc_message` WHERE ( receiveuid = 1  and type='0' and state='0' ) LIMIT 1   [ RunTime:0.0010s ]
SQL: SELECT COUNT(*) AS tp_count FROM `pdc_message` WHERE ( receiveuid = 1  and type='0' and state='0' ) LIMIT 1   [ RunTime:0.0009s ]
SQL: SELECT COUNT(*) AS tp_count FROM `pdc_message` WHERE ( receiveuid = 1  and type='0' and state='1' ) LIMIT 1   [ RunTime:0.0013s ]
SQL: SHOW COLUMNS FROM `pdc_plugin` [ RunTime:0.0094s ]
SQL: SELECT * FROM `pdc_plugin` WHERE `PluginState` = 0 ORDER BY UpdateTime asc,PID asc LIMIT 0,30   [ RunTime:0.0017s ]
SQL: SELECT COUNT(*) AS tp_count FROM `pdc_plugin` LIMIT 1   [ RunTime:0.0011s ]
INFO: [ view_parse ] --START--
INFO: [ template_filter ] --START--
INFO: Run Behavior\ContentReplaceBehavior [ RunTime:0.000193s ]
INFO: [ template_filter ] --END-- [ RunTime:0.000298s ]
INFO: Run Behavior\ParseTemplateBehavior [ RunTime:0.021890s ]
INFO: [ view_parse ] --END-- [ RunTime:0.022003s ]
INFO: [ view_filter ] --START--
INFO: Run Behavior\WriteHtmlCacheBehavior [ RunTime:0.000818s ]
INFO: [ view_filter ] --END-- [ RunTime:0.000892s ]
INFO: [ app_end ] --START--
INFO: Run Behavior\ShowPageTraceBehavior [ RunTime:0.000571s ]
INFO: [ app_end ] --END-- [ RunTime:0.000653s ]

[ 2017-05-13T21:49:52+08:00 ] 14.17.37.72 /admin/index/plugincheck.html
INFO: [ app_init ] --START--
INFO: Run Behavior\BuildLiteBehavior [ RunTime:0.000023s ]
INFO: [ app_init ] --END-- [ RunTime:0.000154s ]
INFO: [ app_begin ] --START--
INFO: Run Behavior\ReadHtmlCacheBehavior [ RunTime:0.000133s ]
INFO: [ app_begin ] --END-- [ RunTime:0.000218s ]
SQL: SHOW COLUMNS FROM `pdc_user` [ RunTime:0.0095s ]
SQL: SELECT * FROM `pdc_user` WHERE `UserName` = 'Ehere' AND `UID` = 22 LIMIT 1   [ RunTime:0.0011s ]
SQL: SELECT `Action` FROM `pdc_user` WHERE ( uid = 22 ) LIMIT 1   [ RunTime:0.0010s ]
SQL: SELECT * FROM `pdc_user` WHERE `UserName` = 'Ehere' AND `UID` = 22 LIMIT 1   [ RunTime:0.0011s ]
SQL: SELECT * FROM `pdc_user` WHERE ( action = 11 ) LIMIT 1   [ RunTime:0.0011s ]
SQL: SHOW COLUMNS FROM `pdc_message` [ RunTime:0.0087s ]
SQL: SELECT COUNT(*) AS tp_count FROM `pdc_message` WHERE ( receiveuid = 1  and type='0' and state='0' ) LIMIT 1   [ RunTime:0.0009s ]
SQL: SELECT COUNT(*) AS tp_count FROM `pdc_message` WHERE ( receiveuid = 1  and type='0' and state='0' ) LIMIT 1   [ RunTime:0.0009s ]
SQL: SELECT COUNT(*) AS tp_count FROM `pdc_message` WHERE ( receiveuid = 1  and type='0' and state='1' ) LIMIT 1   [ RunTime:0.0008s ]
SQL: SHOW COLUMNS FROM `pdc_plugin` [ RunTime:0.0091s ]
SQL: SELECT * FROM `pdc_plugin` WHERE `PluginState` = 0 ORDER BY UpdateTime asc,PID asc LIMIT 0,30   [ RunTime:0.0015s ]
SQL: SELECT COUNT(*) AS tp_count FROM `pdc_plugin` LIMIT 1   [ RunTime:0.0009s ]
INFO: [ view_parse ] --START--
INFO: [ template_filter ] --START--
INFO: Run Behavior\ContentReplaceBehavior [ RunTime:0.000188s ]
INFO: [ template_filter ] --END-- [ RunTime:0.000283s ]
INFO: Run Behavior\ParseTemplateBehavior [ RunTime:0.020631s ]
INFO: [ view_parse ] --END-- [ RunTime:0.020728s ]
INFO: [ view_filter ] --START--
INFO: Run Behavior\WriteHtmlCacheBehavior [ RunTime:0.000719s ]
INFO: [ view_filter ] --END-- [ RunTime:0.000788s ]
INFO: [ app_end ] --START--
INFO: Run Behavior\ShowPageTraceBehavior [ RunTime:0.000677s ]
INFO: [ app_end ] --END-- [ RunTime:0.000757s ]

